{"meta": {"format": 3, "version": "7.9.2", "timestamp": "2025-11-12T16:38:23.319236", "branch_coverage": false, "show_contexts": false}, "files": {"src/aggregation/aggregator.py": {"executed_lines": [1, 3, 4, 5, 7, 9, 11, 14, 15, 25, 27, 28, 29, 31, 41, 44, 45, 46, 47, 49, 50, 52, 64, 66, 67, 69, 70, 73, 75, 77, 90, 92, 94, 95, 98, 100, 101, 102, 104, 105, 107, 110, 111, 114, 115, 118, 119, 122, 123, 124, 125, 126, 127, 129, 135, 153, 155, 156, 157, 158, 180, 181, 183, 196, 198, 199, 200, 205, 208, 209, 212, 213, 216, 217, 218, 219, 222, 224, 227, 229, 235, 237, 249, 252, 253, 254, 257, 258, 259, 260, 261, 264, 265, 267, 269, 277, 285, 287, 288, 289], "summary": {"covered_lines": 98, "num_statements": 107, "percent_covered": 91.58878504672897, "percent_covered_display": "92", "missing_lines": 9, "excluded_lines": 0}, "missing_lines": [106, 131, 132, 133, 169, 223, 225, 275, 283], "excluded_lines": [], "functions": {"Aggregator.__init__": {"executed_lines": [27, 28, 29], "summary": {"covered_lines": 3, "num_statements": 3, "percent_covered": 100.0, "percent_covered_display": "100", "missing_lines": 0, "excluded_lines": 0}, "missing_lines": [], "excluded_lines": []}, "Aggregator.aggregate_frame": {"executed_lines": [41, 44, 45, 46, 47, 49, 50], "summary": {"covered_lines": 7, "num_statements": 7, "percent_covered": 100.0, "percent_covered_display": "100", "missing_lines": 0, "excluded_lines": 0}, "missing_lines": [], "excluded_lines": []}, "Aggregator.get_zone_counts": {"executed_lines": [64, 66, 67, 69, 70, 73, 75], "summary": {"covered_lines": 7, "num_statements": 7, "percent_covered": 100.0, "percent_covered_display": "100", "missing_lines": 0, "excluded_lines": 0}, "missing_lines": [], "excluded_lines": []}, "Aggregator.export_csv": {"executed_lines": [90, 92, 94, 95, 98, 100, 101, 102, 104, 105, 107, 110, 111, 114, 115, 118, 119, 122, 123, 124, 125, 126, 127, 129], "summary": {"covered_lines": 24, "num_statements": 28, "percent_covered": 85.71428571428571, "percent_covered_display": "86", "missing_lines": 4, "excluded_lines": 0}, "missing_lines": [106, 131, 132, 133], "excluded_lines": []}, "Aggregator.get_statistics": {"executed_lines": [153, 155, 156, 157, 158, 180, 181], "summary": {"covered_lines": 7, "num_statements": 8, "percent_covered": 87.5, "percent_covered_display": "88", "missing_lines": 1, "excluded_lines": 0}, "missing_lines": [169], "excluded_lines": []}, "Aggregator.get_trend_analysis": {"executed_lines": [196, 198, 199, 200, 205, 208, 209, 212, 213, 216, 217, 218, 219, 222, 224, 227, 229, 235], "summary": {"covered_lines": 18, "num_statements": 20, "percent_covered": 90.0, "percent_covered_display": "90", "missing_lines": 2, "excluded_lines": 0}, "missing_lines": [223, 225], "excluded_lines": []}, "Aggregator.get_peak_times": {"executed_lines": [249, 252, 253, 254, 257, 258, 259, 260, 261, 264, 265, 267], "summary": {"covered_lines": 12, "num_statements": 12, "percent_covered": 100.0, "percent_covered_display": "100", "missing_lines": 0, "excluded_lines": 0}, "missing_lines": [], "excluded_lines": []}, "Aggregator.get_total_detections": {"executed_lines": [], "summary": {"covered_lines": 0, "num_statements": 1, "percent_covered": 0.0, "percent_covered_display": "0", "missing_lines": 1, "excluded_lines": 0}, "missing_lines": [275], "excluded_lines": []}, "Aggregator.get_zone_ids": {"executed_lines": [], "summary": {"covered_lines": 0, "num_statements": 1, "percent_covered": 0.0, "percent_covered_display": "0", "missing_lines": 1, "excluded_lines": 0}, "missing_lines": [283], "excluded_lines": []}, "Aggregator.clear": {"executed_lines": [287, 288, 289], "summary": {"covered_lines": 3, "num_statements": 3, "percent_covered": 100.0, "percent_covered_display": "100", "missing_lines": 0, "excluded_lines": 0}, "missing_lines": [], "excluded_lines": []}, "": {"executed_lines": [1, 3, 4, 5, 7, 9, 11, 14, 15, 25, 31, 52, 77, 135, 183, 237, 269, 277, 285], "summary": {"covered_lines": 17, "num_statements": 17, "percent_covered": 100.0, "percent_covered_display": "100", "missing_lines": 0, "excluded_lines": 0}, "missing_lines": [], "excluded_lines": []}}, "classes": {"Aggregator": {"executed_lines": [27, 28, 29, 41, 44, 45, 46, 47, 49, 50, 64, 66, 67, 69, 70, 73, 75, 90, 92, 94, 95, 98, 100, 101, 102, 104, 105, 107, 110, 111, 114, 115, 118, 119, 122, 123, 124, 125, 126, 127, 129, 153, 155, 156, 157, 158, 180, 181, 196, 198, 199, 200, 205, 208, 209, 212, 213, 216, 217, 218, 219, 222, 224, 227, 229, 235, 249, 252, 253, 254, 257, 258, 259, 260, 261, 264, 265, 267, 287, 288, 289], "summary": {"covered_lines": 81, "num_statements": 90, "percent_covered": 90.0, "percent_covered_display": "90", "missing_lines": 9, "excluded_lines": 0}, "missing_lines": [106, 131, 132, 133, 169, 223, 225, 275, 283], "excluded_lines": []}, "": {"executed_lines": [1, 3, 4, 5, 7, 9, 11, 14, 15, 25, 31, 52, 77, 135, 183, 237, 269, 277, 285], "summary": {"covered_lines": 17, "num_statements": 17, "percent_covered": 100.0, "percent_covered_display": "100", "missing_lines": 0, "excluded_lines": 0}, "missing_lines": [], "excluded_lines": []}}}, "src/calibration/camera_calibrator.py": {"executed_lines": [1, 3, 5, 6, 8, 9, 11, 14, 17, 18, 23, 29, 30, 31, 32, 34, 36, 48, 49, 52, 53, 56, 57, 58, 59, 60, 62, 63, 65, 70, 72, 73, 90, 102, 103, 105, 106, 108, 109, 111, 117, 119, 125], "summary": {"covered_lines": 40, "num_statements": 51, "percent_covered": 78.43137254901961, "percent_covered_display": "78", "missing_lines": 11, "excluded_lines": 2}, "missing_lines": [66, 67, 68, 76, 80, 81, 82, 84, 85, 86, 88], "excluded_lines": [11, 12], "functions": {"CameraCalibrator.__init__": {"executed_lines": [29, 30, 31, 32, 34], "summary": {"covered_lines": 5, "num_statements": 5, "percent_covered": 100.0, "percent_covered_display": "100", "missing_lines": 0, "excluded_lines": 0}, "missing_lines": [], "excluded_lines": []}, "CameraCalibrator.calibrate_from_images": {"executed_lines": [48, 49, 52, 53, 56, 57, 58, 59, 60, 62, 63, 65, 70, 72, 73], "summary": {"covered_lines": 15, "num_statements": 26, "percent_covered": 57.69230769230769, "percent_covered_display": "58", "missing_lines": 11, "excluded_lines": 0}, "missing_lines": [66, 67, 68, 76, 80, 81, 82, 84, 85, 86, 88], "excluded_lines": []}, "CameraCalibrator.undistort_image": {"executed_lines": [102, 103, 105, 106, 108, 109], "summary": {"covered_lines": 6, "num_statements": 6, "percent_covered": 100.0, "percent_covered_display": "100", "missing_lines": 0, "excluded_lines": 0}, "missing_lines": [], "excluded_lines": []}, "CameraCalibrator.get_camera_matrix": {"executed_lines": [117], "summary": {"covered_lines": 1, "num_statements": 1, "percent_covered": 100.0, "percent_covered_display": "100", "missing_lines": 0, "excluded_lines": 0}, "missing_lines": [], "excluded_lines": []}, "CameraCalibrator.get_distortion_coefficients": {"executed_lines": [125], "summary": {"covered_lines": 1, "num_statements": 1, "percent_covered": 100.0, "percent_covered_display": "100", "missing_lines": 0, "excluded_lines": 0}, "missing_lines": [], "excluded_lines": []}, "": {"executed_lines": [1, 3, 5, 6, 8, 9, 11, 14, 17, 18, 23, 36, 90, 111, 119], "summary": {"covered_lines": 12, "num_statements": 12, "percent_covered": 100.0, "percent_covered_display": "100", "missing_lines": 0, "excluded_lines": 2}, "missing_lines": [], "excluded_lines": [11, 12]}}, "classes": {"CameraCalibrator": {"executed_lines": [29, 30, 31, 32, 34, 48, 49, 52, 53, 56, 57, 58, 59, 60, 62, 63, 65, 70, 72, 73, 102, 103, 105, 106, 108, 109, 117, 125], "summary": {"covered_lines": 28, "num_statements": 39, "percent_covered": 71.7948717948718, "percent_covered_display": "72", "missing_lines": 11, "excluded_lines": 0}, "missing_lines": [66, 67, 68, 76, 80, 81, 82, 84, 85, 86, 88], "excluded_lines": []}, "": {"executed_lines": [1, 3, 5, 6, 8, 9, 11, 14, 17, 18, 23, 36, 90, 111, 119], "summary": {"covered_lines": 12, "num_statements": 12, "percent_covered": 100.0, "percent_covered_display": "100", "missing_lines": 0, "excluded_lines": 2}, "missing_lines": [], "excluded_lines": [11, 12]}}}, "src/calibration/reprojection_error.py": {"executed_lines": [1, 3, 5, 7, 8, 10, 13, 14, 19, 30, 31, 33, 35, 56, 57, 59, 60, 68, 69, 71, 73, 76, 77, 79, 84, 85, 88, 89, 91, 100, 102, 110, 115, 117, 140, 141, 143, 144, 146, 147, 149, 151, 152, 153, 156, 157, 158, 161, 162, 164, 166, 167, 175, 177, 185, 190, 192, 210, 212, 214, 216, 219, 220, 222, 226, 227, 230, 233, 234, 235, 237], "summary": {"covered_lines": 69, "num_statements": 73, "percent_covered": 94.52054794520548, "percent_covered_display": "95", "missing_lines": 4, "excluded_lines": 0}, "missing_lines": [80, 81, 92, 223], "excluded_lines": [], "functions": {"ReprojectionErrorEvaluator.__init__": {"executed_lines": [30, 31, 33], "summary": {"covered_lines": 3, "num_statements": 3, "percent_covered": 100.0, "percent_covered_display": "100", "missing_lines": 0, "excluded_lines": 0}, "missing_lines": [], "excluded_lines": []}, "ReprojectionErrorEvaluator.evaluate_homography": {"executed_lines": [56, 57, 59, 60, 68, 69, 71, 73, 76, 77, 79, 84, 85, 88, 89, 91, 100, 102, 110, 115], "summary": {"covered_lines": 20, "num_statements": 23, "percent_covered": 86.95652173913044, "percent_covered_display": "87", "missing_lines": 3, "excluded_lines": 0}, "missing_lines": [80, 81, 92], "excluded_lines": []}, "ReprojectionErrorEvaluator.evaluate_camera_calibration": {"executed_lines": [140, 141, 143, 144, 146, 147, 149, 151, 152, 153, 156, 157, 158, 161, 162, 164, 166, 167, 175, 177, 185, 190], "summary": {"covered_lines": 22, "num_statements": 22, "percent_covered": 100.0, "percent_covered_display": "100", "missing_lines": 0, "excluded_lines": 0}, "missing_lines": [], "excluded_lines": []}, "ReprojectionErrorEvaluator.create_error_map": {"executed_lines": [210, 212, 214, 216, 219, 220, 222, 226, 227, 230, 233, 234, 235, 237], "summary": {"covered_lines": 14, "num_statements": 15, "percent_covered": 93.33333333333333, "percent_covered_display": "93", "missing_lines": 1, "excluded_lines": 0}, "missing_lines": [223], "excluded_lines": []}, "": {"executed_lines": [1, 3, 5, 7, 8, 10, 13, 14, 19, 35, 117, 192], "summary": {"covered_lines": 10, "num_statements": 10, "percent_covered": 100.0, "percent_covered_display": "100", "missing_lines": 0, "excluded_lines": 0}, "missing_lines": [], "excluded_lines": []}}, "classes": {"ReprojectionErrorEvaluator": {"executed_lines": [30, 31, 33, 56, 57, 59, 60, 68, 69, 71, 73, 76, 77, 79, 84, 85, 88, 89, 91, 100, 102, 110, 115, 140, 141, 143, 144, 146, 147, 149, 151, 152, 153, 156, 157, 158, 161, 162, 164, 166, 167, 175, 177, 185, 190, 210, 212, 214, 216, 219, 220, 222, 226, 227, 230, 233, 234, 235, 237], "summary": {"covered_lines": 59, "num_statements": 63, "percent_covered": 93.65079365079364, "percent_covered_display": "94", "missing_lines": 4, "excluded_lines": 0}, "missing_lines": [80, 81, 92, 223], "excluded_lines": []}, "": {"executed_lines": [1, 3, 5, 7, 8, 10, 13, 14, 19, 35, 117, 192], "summary": {"covered_lines": 10, "num_statements": 10, "percent_covered": 100.0, "percent_covered_display": "100", "missing_lines": 0, "excluded_lines": 0}, "missing_lines": [], "excluded_lines": []}}}, "src/cli/arguments.py": {"executed_lines": [1, 3, 6, 12, 14, 21, 23, 25, 27, 29, 31, 35], "summary": {"covered_lines": 11, "num_statements": 11, "percent_covered": 100.0, "percent_covered_display": "100", "missing_lines": 0, "excluded_lines": 0}, "missing_lines": [], "excluded_lines": [], "functions": {"parse_arguments": {"executed_lines": [12, 14, 21, 23, 25, 27, 29, 31, 35], "summary": {"covered_lines": 9, "num_statements": 9, "percent_covered": 100.0, "percent_covered_display": "100", "missing_lines": 0, "excluded_lines": 0}, "missing_lines": [], "excluded_lines": []}, "": {"executed_lines": [1, 3, 6], "summary": {"covered_lines": 2, "num_statements": 2, "percent_covered": 100.0, "percent_covered_display": "100", "missing_lines": 0, "excluded_lines": 0}, "missing_lines": [], "excluded_lines": []}}, "classes": {"": {"executed_lines": [1, 3, 6, 12, 14, 21, 23, 25, 27, 29, 31, 35], "summary": {"covered_lines": 11, "num_statements": 11, "percent_covered": 100.0, "percent_covered_display": "100", "missing_lines": 0, "excluded_lines": 0}, "missing_lines": [], "excluded_lines": []}}}, "src/config/config_manager.py": {"executed_lines": [1, 3, 4, 5, 6, 7, 9, 11, 14, 15, 25, 43, 90, 96, 97, 99, 109, 110, 111, 113, 114, 115, 117, 118, 119, 120, 124, 125, 126, 128, 129, 131, 132, 138, 150, 151, 152, 155, 157, 158, 160, 161, 163, 165, 166, 167, 170, 173, 176, 179, 182, 185, 186, 189, 191, 192, 194, 196, 199, 200, 203, 204, 205, 206, 209, 214, 216, 219, 223, 224, 225, 228, 234, 235, 236, 239, 244, 246, 249, 253, 254, 255, 257, 258, 262, 263, 266, 267, 271, 272, 273, 275, 276, 279, 281, 284, 285, 288, 289, 291, 292, 293, 295, 296, 299, 301, 303, 306, 307, 311, 313, 317, 320, 321, 322, 324, 325, 328, 329, 332, 337, 339, 342, 343, 344, 345, 348, 349, 350, 354, 355, 356, 360, 364, 365, 366, 367, 368, 372, 373, 374, 377, 379, 382, 383, 386, 387, 388, 391, 403, 404, 406, 407, 408, 410, 412, 414, 423, 425, 432, 433, 435, 436, 437, 438, 440, 441, 443, 449, 450, 452, 453, 454, 455, 456, 457, 459, 461, 462, 463, 464], "summary": {"covered_lines": 179, "num_statements": 218, "percent_covered": 82.11009174311927, "percent_covered_display": "82", "missing_lines": 39, "excluded_lines": 0}, "missing_lines": [122, 133, 134, 135, 136, 162, 164, 210, 211, 212, 220, 229, 230, 231, 240, 241, 242, 250, 259, 264, 268, 277, 286, 297, 304, 308, 312, 314, 318, 326, 333, 334, 335, 351, 357, 361, 369, 375, 389], "excluded_lines": [], "functions": {"ConfigManager.__init__": {"executed_lines": [96, 97], "summary": {"covered_lines": 2, "num_statements": 2, "percent_covered": 100.0, "percent_covered_display": "100", "missing_lines": 0, "excluded_lines": 0}, "missing_lines": [], "excluded_lines": []}, "ConfigManager._load_config": {"executed_lines": [109, 110, 111, 113, 114, 115, 117, 118, 119, 120, 124, 125, 126, 128, 129, 131, 132], "summary": {"covered_lines": 17, "num_statements": 22, "percent_covered": 77.27272727272727, "percent_covered_display": "77", "missing_lines": 5, "excluded_lines": 0}, "missing_lines": [122, 133, 134, 135, 136], "excluded_lines": []}, "ConfigManager.validate": {"executed_lines": [150, 151, 152, 155, 157, 158, 160, 161, 163, 165, 166, 167, 170, 173, 176, 179, 182, 185, 186, 189, 191, 192], "summary": {"covered_lines": 22, "num_statements": 24, "percent_covered": 91.66666666666667, "percent_covered_display": "92", "missing_lines": 2, "excluded_lines": 0}, "missing_lines": [162, 164], "excluded_lines": []}, "ConfigManager._validate_video_config": {"executed_lines": [196, 199, 200, 203, 204, 205, 206, 209], "summary": {"covered_lines": 8, "num_statements": 11, "percent_covered": 72.72727272727273, "percent_covered_display": "73", "missing_lines": 3, "excluded_lines": 0}, "missing_lines": [210, 211, 212], "excluded_lines": []}, "ConfigManager._validate_detection_config": {"executed_lines": [216, 219, 223, 224, 225, 228, 234, 235, 236, 239], "summary": {"covered_lines": 10, "num_statements": 17, "percent_covered": 58.8235294117647, "percent_covered_display": "59", "missing_lines": 7, "excluded_lines": 0}, "missing_lines": [220, 229, 230, 231, 240, 241, 242], "excluded_lines": []}, "ConfigManager._validate_floormap_config": {"executed_lines": [246, 249, 253, 254, 255, 257, 258, 262, 263, 266, 267, 271, 272, 273, 275, 276], "summary": {"covered_lines": 16, "num_statements": 21, "percent_covered": 76.19047619047619, "percent_covered_display": "76", "missing_lines": 5, "excluded_lines": 0}, "missing_lines": [250, 259, 264, 268, 277], "excluded_lines": []}, "ConfigManager._validate_homography_config": {"executed_lines": [281, 284, 285, 288, 289, 291, 292, 293, 295, 296], "summary": {"covered_lines": 10, "num_statements": 12, "percent_covered": 83.33333333333333, "percent_covered_display": "83", "missing_lines": 2, "excluded_lines": 0}, "missing_lines": [286, 297], "excluded_lines": []}, "ConfigManager._validate_zones_config": {"executed_lines": [301, 303, 306, 307, 311, 313, 317, 320, 321, 322, 324, 325, 328, 329, 332], "summary": {"covered_lines": 15, "num_statements": 24, "percent_covered": 62.5, "percent_covered_display": "62", "missing_lines": 9, "excluded_lines": 0}, "missing_lines": [304, 308, 312, 314, 318, 326, 333, 334, 335], "excluded_lines": []}, "ConfigManager._validate_camera_config": {"executed_lines": [339, 342, 343, 344, 345, 348, 349, 350, 354, 355, 356, 360, 364, 365, 366, 367, 368, 372, 373, 374], "summary": {"covered_lines": 20, "num_statements": 25, "percent_covered": 80.0, "percent_covered_display": "80", "missing_lines": 5, "excluded_lines": 0}, "missing_lines": [351, 357, 361, 369, 375], "excluded_lines": []}, "ConfigManager._validate_output_config": {"executed_lines": [379, 382, 383, 386, 387, 388], "summary": {"covered_lines": 6, "num_statements": 7, "percent_covered": 85.71428571428571, "percent_covered_display": "86", "missing_lines": 1, "excluded_lines": 0}, "missing_lines": [389], "excluded_lines": []}, "ConfigManager.get": {"executed_lines": [403, 404, 406, 407, 408, 410, 412], "summary": {"covered_lines": 7, "num_statements": 7, "percent_covered": 100.0, "percent_covered_display": "100", "missing_lines": 0, "excluded_lines": 0}, "missing_lines": [], "excluded_lines": []}, "ConfigManager.get_section": {"executed_lines": [423], "summary": {"covered_lines": 1, "num_statements": 1, "percent_covered": 100.0, "percent_covered_display": "100", "missing_lines": 0, "excluded_lines": 0}, "missing_lines": [], "excluded_lines": []}, "ConfigManager.set": {"executed_lines": [432, 433, 435, 436, 437, 438, 440, 441], "summary": {"covered_lines": 8, "num_statements": 8, "percent_covered": 100.0, "percent_covered_display": "100", "missing_lines": 0, "excluded_lines": 0}, "missing_lines": [], "excluded_lines": []}, "ConfigManager.save": {"executed_lines": [449, 450, 452, 453, 454, 455, 456, 457, 459, 461, 462, 463, 464], "summary": {"covered_lines": 13, "num_statements": 13, "percent_covered": 100.0, "percent_covered_display": "100", "missing_lines": 0, "excluded_lines": 0}, "missing_lines": [], "excluded_lines": []}, "": {"executed_lines": [1, 3, 4, 5, 6, 7, 9, 11, 14, 15, 25, 43, 90, 99, 138, 194, 214, 244, 279, 299, 337, 377, 391, 414, 425, 443], "summary": {"covered_lines": 24, "num_statements": 24, "percent_covered": 100.0, "percent_covered_display": "100", "missing_lines": 0, "excluded_lines": 0}, "missing_lines": [], "excluded_lines": []}}, "classes": {"ConfigManager": {"executed_lines": [96, 97, 109, 110, 111, 113, 114, 115, 117, 118, 119, 120, 124, 125, 126, 128, 129, 131, 132, 150, 151, 152, 155, 157, 158, 160, 161, 163, 165, 166, 167, 170, 173, 176, 179, 182, 185, 186, 189, 191, 192, 196, 199, 200, 203, 204, 205, 206, 209, 216, 219, 223, 224, 225, 228, 234, 235, 236, 239, 246, 249, 253, 254, 255, 257, 258, 262, 263, 266, 267, 271, 272, 273, 275, 276, 281, 284, 285, 288, 289, 291, 292, 293, 295, 296, 301, 303, 306, 307, 311, 313, 317, 320, 321, 322, 324, 325, 328, 329, 332, 339, 342, 343, 344, 345, 348, 349, 350, 354, 355, 356, 360, 364, 365, 366, 367, 368, 372, 373, 374, 379, 382, 383, 386, 387, 388, 403, 404, 406, 407, 408, 410, 412, 423, 432, 433, 435, 436, 437, 438, 440, 441, 449, 450, 452, 453, 454, 455, 456, 457, 459, 461, 462, 463, 464], "summary": {"covered_lines": 155, "num_statements": 194, "percent_covered": 79.89690721649484, "percent_covered_display": "80", "missing_lines": 39, "excluded_lines": 0}, "missing_lines": [122, 133, 134, 135, 136, 162, 164, 210, 211, 212, 220, 229, 230, 231, 240, 241, 242, 250, 259, 264, 268, 277, 286, 297, 304, 308, 312, 314, 318, 326, 333, 334, 335, 351, 357, 361, 369, 375, 389], "excluded_lines": []}, "": {"executed_lines": [1, 3, 4, 5, 6, 7, 9, 11, 14, 15, 25, 43, 90, 99, 138, 194, 214, 244, 279, 299, 337, 377, 391, 414, 425, 443], "summary": {"covered_lines": 24, "num_statements": 24, "percent_covered": 100.0, "percent_covered_display": "100", "missing_lines": 0, "excluded_lines": 0}, "missing_lines": [], "excluded_lines": []}}}, "src/detection/preprocessing.py": {"executed_lines": [1, 6, 8, 9, 11, 14, 24, 25, 26, 29, 46, 47, 49, 50, 53, 72, 73, 75, 76, 78, 79, 81, 84, 105, 106, 109, 110, 111, 112, 113, 115, 116, 117, 118, 119, 121, 122, 123, 124, 125, 128, 140, 141, 143, 144, 146, 149, 168, 169, 172, 175, 178, 182, 183, 185, 188, 207, 208, 210, 212, 213, 214, 215, 216, 217, 220, 231, 232, 235, 238, 240, 241, 269, 292, 294, 297, 298, 301, 302, 303, 304, 305, 308, 312, 316, 317, 320, 321, 324, 332, 333, 336, 337, 338, 341], "summary": {"covered_lines": 94, "num_statements": 116, "percent_covered": 81.03448275862068, "percent_covered_display": "81", "missing_lines": 22, "excluded_lines": 0}, "missing_lines": [120, 179, 244, 245, 246, 247, 249, 250, 251, 252, 254, 255, 258, 261, 262, 263, 264, 266, 309, 313, 329, 339], "excluded_lines": [], "functions": {"apply_invert": {"executed_lines": [24, 25, 26], "summary": {"covered_lines": 3, "num_statements": 3, "percent_covered": 100.0, "percent_covered_display": "100", "missing_lines": 0, "excluded_lines": 0}, "missing_lines": [], "excluded_lines": []}, "apply_clahe": {"executed_lines": [46, 47, 49, 50], "summary": {"covered_lines": 4, "num_statements": 4, "percent_covered": 100.0, "percent_covered_display": "100", "missing_lines": 0, "excluded_lines": 0}, "missing_lines": [], "excluded_lines": []}, "apply_resize": {"executed_lines": [72, 73, 75, 76, 78, 79, 81], "summary": {"covered_lines": 7, "num_statements": 7, "percent_covered": 100.0, "percent_covered_display": "100", "missing_lines": 0, "excluded_lines": 0}, "missing_lines": [], "excluded_lines": []}, "apply_threshold": {"executed_lines": [105, 106, 109, 110, 111, 112, 113, 115, 116, 117, 118, 119, 121, 122, 123, 124, 125], "summary": {"covered_lines": 17, "num_statements": 18, "percent_covered": 94.44444444444444, "percent_covered_display": "94", "missing_lines": 1, "excluded_lines": 0}, "missing_lines": [120], "excluded_lines": []}, "apply_blur": {"executed_lines": [140, 141, 143, 144, 146], "summary": {"covered_lines": 5, "num_statements": 5, "percent_covered": 100.0, "percent_covered_display": "100", "missing_lines": 0, "excluded_lines": 0}, "missing_lines": [], "excluded_lines": []}, "apply_unsharp_mask": {"executed_lines": [168, 169, 172, 175, 178, 182, 183, 185], "summary": {"covered_lines": 8, "num_statements": 9, "percent_covered": 88.88888888888889, "percent_covered_display": "89", "missing_lines": 1, "excluded_lines": 0}, "missing_lines": [179], "excluded_lines": []}, "apply_morphology": {"executed_lines": [207, 208, 210, 212, 213, 214, 215, 216, 217], "summary": {"covered_lines": 9, "num_statements": 9, "percent_covered": 100.0, "percent_covered_display": "100", "missing_lines": 0, "excluded_lines": 0}, "missing_lines": [], "excluded_lines": []}, "apply_deskew": {"executed_lines": [231, 232, 235, 238, 240, 241], "summary": {"covered_lines": 6, "num_statements": 22, "percent_covered": 27.272727272727273, "percent_covered_display": "27", "missing_lines": 16, "excluded_lines": 0}, "missing_lines": [244, 245, 246, 247, 249, 250, 251, 252, 254, 255, 258, 261, 262, 263, 264, 266], "excluded_lines": []}, "apply_pipeline": {"executed_lines": [292, 294, 297, 298, 301, 302, 303, 304, 305, 308, 312, 316, 317, 320, 321, 324, 332, 333, 336, 337, 338, 341], "summary": {"covered_lines": 22, "num_statements": 26, "percent_covered": 84.61538461538461, "percent_covered_display": "85", "missing_lines": 4, "excluded_lines": 0}, "missing_lines": [309, 313, 329, 339], "excluded_lines": []}, "": {"executed_lines": [1, 6, 8, 9, 11, 14, 29, 53, 84, 128, 149, 188, 220, 269], "summary": {"covered_lines": 13, "num_statements": 13, "percent_covered": 100.0, "percent_covered_display": "100", "missing_lines": 0, "excluded_lines": 0}, "missing_lines": [], "excluded_lines": []}}, "classes": {"": {"executed_lines": [1, 6, 8, 9, 11, 14, 24, 25, 26, 29, 46, 47, 49, 50, 53, 72, 73, 75, 76, 78, 79, 81, 84, 105, 106, 109, 110, 111, 112, 113, 115, 116, 117, 118, 119, 121, 122, 123, 124, 125, 128, 140, 141, 143, 144, 146, 149, 168, 169, 172, 175, 178, 182, 183, 185, 188, 207, 208, 210, 212, 213, 214, 215, 216, 217, 220, 231, 232, 235, 238, 240, 241, 269, 292, 294, 297, 298, 301, 302, 303, 304, 305, 308, 312, 316, 317, 320, 321, 324, 332, 333, 336, 337, 338, 341], "summary": {"covered_lines": 94, "num_statements": 116, "percent_covered": 81.03448275862068, "percent_covered_display": "81", "missing_lines": 22, "excluded_lines": 0}, "missing_lines": [120, 179, 244, 245, 246, 247, 249, 250, 251, 252, 254, 255, 258, 261, 262, 263, 264, 266, 309, 313, 329, 339], "excluded_lines": []}}}, "src/detection/vit_detector.py": {"executed_lines": [1, 3, 5, 6, 7, 8, 10, 12, 15, 16, 21, 34, 35, 36, 37, 38, 40, 41, 42, 44, 53, 55, 56, 57, 58, 59, 60, 61, 64, 65, 66, 67, 68, 69, 70, 71, 73, 79, 80, 83, 84, 87, 88, 90, 92, 93, 94, 96, 108, 109, 111, 113, 116, 117, 120, 122, 123, 125, 126, 127, 129, 166, 206, 267, 277, 280, 283, 286, 288, 290, 301, 302, 305, 309, 312, 314, 316, 317, 320, 321, 322, 325, 326, 329, 337, 340, 348, 350, 352, 361, 362, 363, 364, 366, 405, 432, 479, 492, 493, 495, 496, 499, 500, 502, 505, 506, 508, 510, 513, 514, 517, 519, 522, 523, 526, 528, 529, 531, 533, 535, 545, 546, 547, 548, 549, 552, 555, 557, 559, 570, 573, 577, 578, 581, 582, 584, 586, 590, 591, 595, 596, 599, 607, 610, 618, 620, 622], "summary": {"covered_lines": 145, "num_statements": 241, "percent_covered": 60.16597510373444, "percent_covered_display": "60", "missing_lines": 96, "excluded_lines": 0}, "missing_lines": [142, 143, 145, 147, 150, 151, 154, 157, 159, 160, 162, 163, 164, 183, 184, 186, 187, 189, 191, 194, 195, 198, 200, 202, 203, 204, 216, 219, 221, 222, 224, 227, 228, 230, 232, 235, 239, 240, 241, 245, 248, 251, 254, 255, 257, 258, 260, 261, 263, 264, 265, 376, 377, 378, 380, 382, 385, 386, 389, 390, 391, 394, 397, 399, 401, 402, 403, 416, 419, 422, 425, 428, 430, 443, 445, 447, 448, 449, 451, 453, 454, 457, 460, 461, 464, 465, 468, 471, 472, 473, 475, 476, 477, 524, 587, 592], "excluded_lines": [], "functions": {"ViTDetector.__init__": {"executed_lines": [34, 35, 36, 37, 38, 40, 41, 42], "summary": {"covered_lines": 8, "num_statements": 8, "percent_covered": 100.0, "percent_covered_display": "100", "missing_lines": 0, "excluded_lines": 0}, "missing_lines": [], "excluded_lines": []}, "ViTDetector._setup_device": {"executed_lines": [53, 55, 56, 57, 58, 59, 60, 61, 64, 65, 66, 67, 68, 69, 70, 71], "summary": {"covered_lines": 16, "num_statements": 16, "percent_covered": 100.0, "percent_covered_display": "100", "missing_lines": 0, "excluded_lines": 0}, "missing_lines": [], "excluded_lines": []}, "ViTDetector.load_model": {"executed_lines": [79, 80, 83, 84, 87, 88, 90, 92, 93, 94], "summary": {"covered_lines": 10, "num_statements": 10, "percent_covered": 100.0, "percent_covered_display": "100", "missing_lines": 0, "excluded_lines": 0}, "missing_lines": [], "excluded_lines": []}, "ViTDetector.detect": {"executed_lines": [108, 109, 111, 113, 116, 117, 120, 122, 123, 125, 126, 127], "summary": {"covered_lines": 12, "num_statements": 12, "percent_covered": 100.0, "percent_covered_display": "100", "missing_lines": 0, "excluded_lines": 0}, "missing_lines": [], "excluded_lines": []}, "ViTDetector.detect_with_features": {"executed_lines": [], "summary": {"covered_lines": 0, "num_statements": 13, "percent_covered": 0.0, "percent_covered_display": "0", "missing_lines": 13, "excluded_lines": 0}, "missing_lines": [142, 143, 145, 147, 150, 151, 154, 157, 159, 160, 162, 163, 164], "excluded_lines": []}, "ViTDetector.extract_features": {"executed_lines": [], "summary": {"covered_lines": 0, "num_statements": 13, "percent_covered": 0.0, "percent_covered_display": "0", "missing_lines": 13, "excluded_lines": 0}, "missing_lines": [183, 184, 186, 187, 189, 191, 194, 195, 198, 200, 202, 203, 204], "excluded_lines": []}, "ViTDetector._extract_features_from_outputs": {"executed_lines": [], "summary": {"covered_lines": 0, "num_statements": 25, "percent_covered": 0.0, "percent_covered_display": "0", "missing_lines": 25, "excluded_lines": 0}, "missing_lines": [216, 219, 221, 222, 224, 227, 228, 230, 232, 235, 239, 240, 241, 245, 248, 251, 254, 255, 257, 258, 260, 261, 263, 264, 265], "excluded_lines": []}, "ViTDetector._preprocess": {"executed_lines": [277, 280, 283, 286, 288], "summary": {"covered_lines": 5, "num_statements": 5, "percent_covered": 100.0, "percent_covered_display": "100", "missing_lines": 0, "excluded_lines": 0}, "missing_lines": [], "excluded_lines": []}, "ViTDetector._postprocess": {"executed_lines": [301, 302, 305, 309, 312, 314, 316, 317, 320, 321, 322, 325, 326, 329, 337, 340, 348, 350], "summary": {"covered_lines": 18, "num_statements": 18, "percent_covered": 100.0, "percent_covered_display": "100", "missing_lines": 0, "excluded_lines": 0}, "missing_lines": [], "excluded_lines": []}, "ViTDetector._get_foot_position": {"executed_lines": [361, 362, 363, 364], "summary": {"covered_lines": 4, "num_statements": 4, "percent_covered": 100.0, "percent_covered_display": "100", "missing_lines": 0, "excluded_lines": 0}, "missing_lines": [], "excluded_lines": []}, "ViTDetector.get_attention_map": {"executed_lines": [], "summary": {"covered_lines": 0, "num_statements": 16, "percent_covered": 0.0, "percent_covered_display": "0", "missing_lines": 16, "excluded_lines": 0}, "missing_lines": [376, 377, 378, 380, 382, 385, 386, 389, 390, 391, 394, 397, 399, 401, 402, 403], "excluded_lines": []}, "ViTDetector._extract_attention_map": {"executed_lines": [], "summary": {"covered_lines": 0, "num_statements": 6, "percent_covered": 0.0, "percent_covered_display": "0", "missing_lines": 6, "excluded_lines": 0}, "missing_lines": [416, 419, 422, 425, 428, 430], "excluded_lines": []}, "ViTDetector.save_attention_map": {"executed_lines": [], "summary": {"covered_lines": 0, "num_statements": 20, "percent_covered": 0.0, "percent_covered_display": "0", "missing_lines": 20, "excluded_lines": 0}, "missing_lines": [443, 445, 447, 448, 449, 451, 453, 454, 457, 460, 461, 464, 465, 468, 471, 472, 473, 475, 476, 477], "excluded_lines": []}, "ViTDetector.detect_batch": {"executed_lines": [492, 493, 495, 496, 499, 500, 502, 505, 506, 508, 510, 513, 514, 517, 519, 522, 523, 526, 528, 529, 531, 533], "summary": {"covered_lines": 22, "num_statements": 23, "percent_covered": 95.65217391304348, "percent_covered_display": "96", "missing_lines": 1, "excluded_lines": 0}, "missing_lines": [524], "excluded_lines": []}, "ViTDetector._preprocess_batch": {"executed_lines": [545, 546, 547, 548, 549, 552, 555, 557], "summary": {"covered_lines": 8, "num_statements": 8, "percent_covered": 100.0, "percent_covered_display": "100", "missing_lines": 0, "excluded_lines": 0}, "missing_lines": [], "excluded_lines": []}, "ViTDetector._postprocess_batch": {"executed_lines": [570, 573, 577, 578, 581, 582, 584, 586, 590, 591, 595, 596, 599, 607, 610, 618, 620, 622], "summary": {"covered_lines": 18, "num_statements": 20, "percent_covered": 90.0, "percent_covered_display": "90", "missing_lines": 2, "excluded_lines": 0}, "missing_lines": [587, 592], "excluded_lines": []}, "": {"executed_lines": [1, 3, 5, 6, 7, 8, 10, 12, 15, 16, 21, 44, 73, 96, 129, 166, 206, 267, 290, 352, 366, 405, 432, 479, 535, 559], "summary": {"covered_lines": 24, "num_statements": 24, "percent_covered": 100.0, "percent_covered_display": "100", "missing_lines": 0, "excluded_lines": 0}, "missing_lines": [], "excluded_lines": []}}, "classes": {"ViTDetector": {"executed_lines": [34, 35, 36, 37, 38, 40, 41, 42, 53, 55, 56, 57, 58, 59, 60, 61, 64, 65, 66, 67, 68, 69, 70, 71, 79, 80, 83, 84, 87, 88, 90, 92, 93, 94, 108, 109, 111, 113, 116, 117, 120, 122, 123, 125, 126, 127, 277, 280, 283, 286, 288, 301, 302, 305, 309, 312, 314, 316, 317, 320, 321, 322, 325, 326, 329, 337, 340, 348, 350, 361, 362, 363, 364, 492, 493, 495, 496, 499, 500, 502, 505, 506, 508, 510, 513, 514, 517, 519, 522, 523, 526, 528, 529, 531, 533, 545, 546, 547, 548, 549, 552, 555, 557, 570, 573, 577, 578, 581, 582, 584, 586, 590, 591, 595, 596, 599, 607, 610, 618, 620, 622], "summary": {"covered_lines": 121, "num_statements": 217, "percent_covered": 55.76036866359447, "percent_covered_display": "56", "missing_lines": 96, "excluded_lines": 0}, "missing_lines": [142, 143, 145, 147, 150, 151, 154, 157, 159, 160, 162, 163, 164, 183, 184, 186, 187, 189, 191, 194, 195, 198, 200, 202, 203, 204, 216, 219, 221, 222, 224, 227, 228, 230, 232, 235, 239, 240, 241, 245, 248, 251, 254, 255, 257, 258, 260, 261, 263, 264, 265, 376, 377, 378, 380, 382, 385, 386, 389, 390, 391, 394, 397, 399, 401, 402, 403, 416, 419, 422, 425, 428, 430, 443, 445, 447, 448, 449, 451, 453, 454, 457, 460, 461, 464, 465, 468, 471, 472, 473, 475, 476, 477, 524, 587, 592], "excluded_lines": []}, "": {"executed_lines": [1, 3, 5, 6, 7, 8, 10, 12, 15, 16, 21, 44, 73, 96, 129, 166, 206, 267, 290, 352, 366, 405, 432, 479, 535, 559], "summary": {"covered_lines": 24, "num_statements": 24, "percent_covered": 100.0, "percent_covered_display": "100", "missing_lines": 0, "excluded_lines": 0}, "missing_lines": [], "excluded_lines": []}}}, "src/evaluation/evaluation_module.py": {"executed_lines": [1, 3, 4, 5, 6, 8, 10, 11, 12, 14, 17, 18, 28, 34, 35, 36, 38, 48, 49, 50, 52, 53, 57, 59, 60, 61, 66, 75, 76, 77, 78, 79, 81, 90, 91, 92, 93, 95, 109, 110, 113, 114, 115, 116, 119, 120, 121, 122, 125, 126, 127, 130, 131, 134, 137, 140, 141, 143, 152, 153, 154, 157, 159, 160, 161, 162, 165, 168, 171, 172, 173, 175, 177, 181, 183, 184, 185, 188, 189, 190, 192, 195, 196, 199, 201, 202, 206, 208, 220, 223, 226, 228, 238, 249, 250, 252, 253, 254, 255, 257, 259, 261, 268, 269, 272, 275, 276, 277, 278, 279, 280, 281, 282, 284, 291, 302, 303, 305, 324, 344, 356, 357, 358, 360, 362, 363, 365, 368, 369, 370, 371, 374, 377, 378, 379, 381, 382, 383, 384, 385, 386, 387, 388, 389], "summary": {"covered_lines": 142, "num_statements": 155, "percent_covered": 91.61290322580645, "percent_covered_display": "92", "missing_lines": 13, "excluded_lines": 0}, "missing_lines": [62, 63, 64, 138, 178, 321, 322, 340, 341, 391, 392, 393, 394], "excluded_lines": [], "functions": {"EvaluationModule.__init__": {"executed_lines": [34, 35, 36], "summary": {"covered_lines": 3, "num_statements": 3, "percent_covered": 100.0, "percent_covered_display": "100", "missing_lines": 0, "excluded_lines": 0}, "missing_lines": [], "excluded_lines": []}, "EvaluationModule._load_ground_truth": {"executed_lines": [48, 49, 50, 52, 53, 57, 59, 60, 61], "summary": {"covered_lines": 9, "num_statements": 12, "percent_covered": 75.0, "percent_covered_display": "75", "missing_lines": 3, "excluded_lines": 0}, "missing_lines": [62, 63, 64], "excluded_lines": []}, "EvaluationModule._get_annotations_by_image": {"executed_lines": [75, 76, 77, 78, 79], "summary": {"covered_lines": 5, "num_statements": 5, "percent_covered": 100.0, "percent_covered_display": "100", "missing_lines": 0, "excluded_lines": 0}, "missing_lines": [], "excluded_lines": []}, "EvaluationModule._get_image_by_filename": {"executed_lines": [90, 91, 92, 93], "summary": {"covered_lines": 4, "num_statements": 4, "percent_covered": 100.0, "percent_covered_display": "100", "missing_lines": 0, "excluded_lines": 0}, "missing_lines": [], "excluded_lines": []}, "EvaluationModule.calculate_iou": {"executed_lines": [109, 110, 113, 114, 115, 116, 119, 120, 121, 122, 125, 126, 127, 130, 131, 134, 137, 140, 141], "summary": {"covered_lines": 19, "num_statements": 20, "percent_covered": 95.0, "percent_covered_display": "95", "missing_lines": 1, "excluded_lines": 0}, "missing_lines": [138], "excluded_lines": []}, "EvaluationModule.evaluate": {"executed_lines": [152, 153, 154, 157, 159, 160, 161, 162, 165, 168, 171, 172, 173, 175, 177, 181, 183, 184, 185, 188, 189, 190, 192, 195, 196, 199, 201, 202, 206], "summary": {"covered_lines": 29, "num_statements": 30, "percent_covered": 96.66666666666667, "percent_covered_display": "97", "missing_lines": 1, "excluded_lines": 0}, "missing_lines": [178], "excluded_lines": []}, "EvaluationModule.calculate_metrics": {"executed_lines": [220, 223, 226, 228], "summary": {"covered_lines": 4, "num_statements": 4, "percent_covered": 100.0, "percent_covered_display": "100", "missing_lines": 0, "excluded_lines": 0}, "missing_lines": [], "excluded_lines": []}, "EvaluationModule.export_report": {"executed_lines": [249, 250, 252, 253, 254, 255, 257, 259], "summary": {"covered_lines": 8, "num_statements": 8, "percent_covered": 100.0, "percent_covered_display": "100", "missing_lines": 0, "excluded_lines": 0}, "missing_lines": [], "excluded_lines": []}, "EvaluationModule._export_csv": {"executed_lines": [268, 269, 272, 275, 276, 277, 278, 279, 280, 281, 282], "summary": {"covered_lines": 11, "num_statements": 11, "percent_covered": 100.0, "percent_covered_display": "100", "missing_lines": 0, "excluded_lines": 0}, "missing_lines": [], "excluded_lines": []}, "EvaluationModule._export_json": {"executed_lines": [291, 302, 303], "summary": {"covered_lines": 3, "num_statements": 3, "percent_covered": 100.0, "percent_covered_display": "100", "missing_lines": 0, "excluded_lines": 0}, "missing_lines": [], "excluded_lines": []}, "EvaluationModule.evaluate_tracking": {"executed_lines": [], "summary": {"covered_lines": 0, "num_statements": 2, "percent_covered": 0.0, "percent_covered_display": "0", "missing_lines": 2, "excluded_lines": 0}, "missing_lines": [321, 322], "excluded_lines": []}, "EvaluationModule.evaluate_reprojection_error": {"executed_lines": [], "summary": {"covered_lines": 0, "num_statements": 2, "percent_covered": 0.0, "percent_covered_display": "0", "missing_lines": 2, "excluded_lines": 0}, "missing_lines": [340, 341], "excluded_lines": []}, "run_evaluation": {"executed_lines": [356, 357, 358, 360, 362, 363, 365, 368, 369, 370, 371, 374, 377, 378, 379, 381, 382, 383, 384, 385, 386, 387, 388, 389], "summary": {"covered_lines": 24, "num_statements": 28, "percent_covered": 85.71428571428571, "percent_covered_display": "86", "missing_lines": 4, "excluded_lines": 0}, "missing_lines": [391, 392, 393, 394], "excluded_lines": []}, "": {"executed_lines": [1, 3, 4, 5, 6, 8, 10, 11, 12, 14, 17, 18, 28, 38, 66, 81, 95, 143, 208, 238, 261, 284, 305, 324, 344], "summary": {"covered_lines": 23, "num_statements": 23, "percent_covered": 100.0, "percent_covered_display": "100", "missing_lines": 0, "excluded_lines": 0}, "missing_lines": [], "excluded_lines": []}}, "classes": {"EvaluationModule": {"executed_lines": [34, 35, 36, 48, 49, 50, 52, 53, 57, 59, 60, 61, 75, 76, 77, 78, 79, 90, 91, 92, 93, 109, 110, 113, 114, 115, 116, 119, 120, 121, 122, 125, 126, 127, 130, 131, 134, 137, 140, 141, 152, 153, 154, 157, 159, 160, 161, 162, 165, 168, 171, 172, 173, 175, 177, 181, 183, 184, 185, 188, 189, 190, 192, 195, 196, 199, 201, 202, 206, 220, 223, 226, 228, 249, 250, 252, 253, 254, 255, 257, 259, 268, 269, 272, 275, 276, 277, 278, 279, 280, 281, 282, 291, 302, 303], "summary": {"covered_lines": 95, "num_statements": 104, "percent_covered": 91.34615384615384, "percent_covered_display": "91", "missing_lines": 9, "excluded_lines": 0}, "missing_lines": [62, 63, 64, 138, 178, 321, 322, 340, 341], "excluded_lines": []}, "": {"executed_lines": [1, 3, 4, 5, 6, 8, 10, 11, 12, 14, 17, 18, 28, 38, 66, 81, 95, 143, 208, 238, 261, 284, 305, 324, 344, 356, 357, 358, 360, 362, 363, 365, 368, 369, 370, 371, 374, 377, 378, 379, 381, 382, 383, 384, 385, 386, 387, 388, 389], "summary": {"covered_lines": 47, "num_statements": 51, "percent_covered": 92.15686274509804, "percent_covered_display": "92", "missing_lines": 4, "excluded_lines": 0}, "missing_lines": [391, 392, 393, 394], "excluded_lines": []}}}, "src/evaluation/mot_metrics.py": {"executed_lines": [1, 3, 5, 6, 8, 10, 13, 16, 17, 22, 26, 66, 108, 134, 175, 188], "summary": {"covered_lines": 13, "num_statements": 66, "percent_covered": 19.696969696969695, "percent_covered_display": "20", "missing_lines": 53, "excluded_lines": 2}, "missing_lines": [24, 45, 46, 47, 50, 51, 52, 53, 56, 57, 59, 64, 81, 82, 84, 85, 87, 88, 91, 94, 95, 96, 98, 99, 101, 102, 104, 106, 124, 125, 126, 128, 145, 146, 147, 148, 149, 152, 153, 154, 156, 157, 158, 160, 161, 166, 167, 168, 170, 171, 173, 186, 199], "excluded_lines": [10, 11], "functions": {"MOTMetrics.__init__": {"executed_lines": [], "summary": {"covered_lines": 0, "num_statements": 1, "percent_covered": 0.0, "percent_covered_display": "0", "missing_lines": 1, "excluded_lines": 0}, "missing_lines": [24], "excluded_lines": []}, "MOTMetrics.calculate_mota": {"executed_lines": [], "summary": {"covered_lines": 0, "num_statements": 11, "percent_covered": 0.0, "percent_covered_display": "0", "missing_lines": 11, "excluded_lines": 0}, "missing_lines": [45, 46, 47, 50, 51, 52, 53, 56, 57, 59, 64], "excluded_lines": []}, "MOTMetrics.calculate_idf1": {"executed_lines": [], "summary": {"covered_lines": 0, "num_statements": 16, "percent_covered": 0.0, "percent_covered_display": "0", "missing_lines": 16, "excluded_lines": 0}, "missing_lines": [81, 82, 84, 85, 87, 88, 91, 94, 95, 96, 98, 99, 101, 102, 104, 106], "excluded_lines": []}, "MOTMetrics.calculate_tracking_metrics": {"executed_lines": [], "summary": {"covered_lines": 0, "num_statements": 4, "percent_covered": 0.0, "percent_covered_display": "0", "missing_lines": 4, "excluded_lines": 0}, "missing_lines": [124, 125, 126, 128], "excluded_lines": []}, "MOTMetrics._count_matches": {"executed_lines": [], "summary": {"covered_lines": 0, "num_statements": 19, "percent_covered": 0.0, "percent_covered_display": "0", "missing_lines": 19, "excluded_lines": 0}, "missing_lines": [145, 146, 147, 148, 149, 152, 153, 154, 156, 157, 158, 160, 161, 166, 167, 168, 170, 171, 173], "excluded_lines": []}, "MOTMetrics._count_id_matches": {"executed_lines": [], "summary": {"covered_lines": 0, "num_statements": 1, "percent_covered": 0.0, "percent_covered_display": "0", "missing_lines": 1, "excluded_lines": 0}, "missing_lines": [186], "excluded_lines": []}, "MOTMetrics._count_id_switches": {"executed_lines": [], "summary": {"covered_lines": 0, "num_statements": 1, "percent_covered": 0.0, "percent_covered_display": "0", "missing_lines": 1, "excluded_lines": 0}, "missing_lines": [199], "excluded_lines": []}, "": {"executed_lines": [1, 3, 5, 6, 8, 10, 13, 16, 17, 22, 26, 66, 108, 134, 175, 188], "summary": {"covered_lines": 13, "num_statements": 13, "percent_covered": 100.0, "percent_covered_display": "100", "missing_lines": 0, "excluded_lines": 2}, "missing_lines": [], "excluded_lines": [10, 11]}}, "classes": {"MOTMetrics": {"executed_lines": [], "summary": {"covered_lines": 0, "num_statements": 53, "percent_covered": 0.0, "percent_covered_display": "0", "missing_lines": 53, "excluded_lines": 0}, "missing_lines": [24, 45, 46, 47, 50, 51, 52, 53, 56, 57, 59, 64, 81, 82, 84, 85, 87, 88, 91, 94, 95, 96, 98, 99, 101, 102, 104, 106, 124, 125, 126, 128, 145, 146, 147, 148, 149, 152, 153, 154, 156, 157, 158, 160, 161, 166, 167, 168, 170, 171, 173, 186, 199], "excluded_lines": []}, "": {"executed_lines": [1, 3, 5, 6, 8, 10, 13, 16, 17, 22, 26, 66, 108, 134, 175, 188], "summary": {"covered_lines": 13, "num_statements": 13, "percent_covered": 100.0, "percent_covered_display": "100", "missing_lines": 0, "excluded_lines": 2}, "missing_lines": [], "excluded_lines": [10, 11]}}}, "src/models/data_models.py": {"executed_lines": [1, 3, 4, 6, 9, 10, 11, 27, 28, 29, 30, 31, 32, 33, 34, 35, 36, 37, 40, 41, 42, 51, 52, 53, 54, 57, 58, 59, 67, 68, 69, 72, 73, 74, 86, 87, 88, 89, 90, 91, 92], "summary": {"covered_lines": 36, "num_statements": 36, "percent_covered": 100.0, "percent_covered_display": "100", "missing_lines": 0, "excluded_lines": 0}, "missing_lines": [], "excluded_lines": [], "functions": {"": {"executed_lines": [1, 3, 4, 6, 9, 10, 11, 27, 28, 29, 30, 31, 32, 33, 34, 35, 36, 37, 40, 41, 42, 51, 52, 53, 54, 57, 58, 59, 67, 68, 69, 72, 73, 74, 86, 87, 88, 89, 90, 91, 92], "summary": {"covered_lines": 36, "num_statements": 36, "percent_covered": 100.0, "percent_covered_display": "100", "missing_lines": 0, "excluded_lines": 0}, "missing_lines": [], "excluded_lines": []}}, "classes": {"Detection": {"executed_lines": [], "summary": {"covered_lines": 0, "num_statements": 0, "percent_covered": 100.0, "percent_covered_display": "100", "missing_lines": 0, "excluded_lines": 0}, "missing_lines": [], "excluded_lines": []}, "FrameResult": {"executed_lines": [], "summary": {"covered_lines": 0, "num_statements": 0, "percent_covered": 100.0, "percent_covered_display": "100", "missing_lines": 0, "excluded_lines": 0}, "missing_lines": [], "excluded_lines": []}, "AggregationResult": {"executed_lines": [], "summary": {"covered_lines": 0, "num_statements": 0, "percent_covered": 100.0, "percent_covered_display": "100", "missing_lines": 0, "excluded_lines": 0}, "missing_lines": [], "excluded_lines": []}, "EvaluationMetrics": {"executed_lines": [], "summary": {"covered_lines": 0, "num_statements": 0, "percent_covered": 100.0, "percent_covered_display": "100", "missing_lines": 0, "excluded_lines": 0}, "missing_lines": [], "excluded_lines": []}, "": {"executed_lines": [1, 3, 4, 6, 9, 10, 11, 27, 28, 29, 30, 31, 32, 33, 34, 35, 36, 37, 40, 41, 42, 51, 52, 53, 54, 57, 58, 59, 67, 68, 69, 72, 73, 74, 86, 87, 88, 89, 90, 91, 92], "summary": {"covered_lines": 36, "num_statements": 36, "percent_covered": 100.0, "percent_covered_display": "100", "missing_lines": 0, "excluded_lines": 0}, "missing_lines": [], "excluded_lines": []}}}, "src/pipeline/aggregation_phase.py": {"executed_lines": [1, 3, 5, 7, 8, 9, 12, 13, 15, 22, 24, 34, 36, 39, 40, 41, 44, 45, 46, 47, 48, 49, 50, 51, 52, 53, 54, 55, 56, 57, 58, 61, 62, 63, 64, 65, 68, 73, 74, 75, 76, 77, 78, 79, 82, 84, 85, 86, 87, 89, 91], "summary": {"covered_lines": 49, "num_statements": 49, "percent_covered": 100.0, "percent_covered_display": "100", "missing_lines": 0, "excluded_lines": 0}, "missing_lines": [], "excluded_lines": [], "functions": {"AggregationPhase.__init__": {"executed_lines": [22], "summary": {"covered_lines": 1, "num_statements": 1, "percent_covered": 100.0, "percent_covered_display": "100", "missing_lines": 0, "excluded_lines": 0}, "missing_lines": [], "excluded_lines": []}, "AggregationPhase.execute": {"executed_lines": [34, 36, 39, 40, 41, 44, 45, 46, 47, 48, 49, 50, 51, 52, 53, 54, 55, 56, 57, 58, 61, 62, 63, 64, 65, 68, 73, 74, 75, 76, 77, 78, 79, 82, 84, 85, 86, 87, 89], "summary": {"covered_lines": 39, "num_statements": 39, "percent_covered": 100.0, "percent_covered_display": "100", "missing_lines": 0, "excluded_lines": 0}, "missing_lines": [], "excluded_lines": []}, "AggregationPhase.cleanup": {"executed_lines": [], "summary": {"covered_lines": 0, "num_statements": 0, "percent_covered": 100.0, "percent_covered_display": "100", "missing_lines": 0, "excluded_lines": 0}, "missing_lines": [], "excluded_lines": []}, "": {"executed_lines": [1, 3, 5, 7, 8, 9, 12, 13, 15, 24, 91], "summary": {"covered_lines": 9, "num_statements": 9, "percent_covered": 100.0, "percent_covered_display": "100", "missing_lines": 0, "excluded_lines": 0}, "missing_lines": [], "excluded_lines": []}}, "classes": {"AggregationPhase": {"executed_lines": [22, 34, 36, 39, 40, 41, 44, 45, 46, 47, 48, 49, 50, 51, 52, 53, 54, 55, 56, 57, 58, 61, 62, 63, 64, 65, 68, 73, 74, 75, 76, 77, 78, 79, 82, 84, 85, 86, 87, 89], "summary": {"covered_lines": 40, "num_statements": 40, "percent_covered": 100.0, "percent_covered_display": "100", "missing_lines": 0, "excluded_lines": 0}, "missing_lines": [], "excluded_lines": []}, "": {"executed_lines": [1, 3, 5, 7, 8, 9, 12, 13, 15, 24, 91], "summary": {"covered_lines": 9, "num_statements": 9, "percent_covered": 100.0, "percent_covered_display": "100", "missing_lines": 0, "excluded_lines": 0}, "missing_lines": [], "excluded_lines": []}}}, "src/pipeline/base_phase.py": {"executed_lines": [1, 3, 4, 6, 9, 10, 15, 22, 23, 25, 31, 32, 33, 35, 36, 44, 45], "summary": {"covered_lines": 11, "num_statements": 11, "percent_covered": 100.0, "percent_covered_display": "100", "missing_lines": 0, "excluded_lines": 14}, "missing_lines": [], "excluded_lines": [35, 36, 37, 38, 39, 40, 41, 42, 44, 45, 46, 47, 48, 49], "functions": {"BasePhase.__init__": {"executed_lines": [22, 23], "summary": {"covered_lines": 2, "num_statements": 2, "percent_covered": 100.0, "percent_covered_display": "100", "missing_lines": 0, "excluded_lines": 0}, "missing_lines": [], "excluded_lines": []}, "BasePhase.log_phase_start": {"executed_lines": [31, 32, 33], "summary": {"covered_lines": 3, "num_statements": 3, "percent_covered": 100.0, "percent_covered_display": "100", "missing_lines": 0, "excluded_lines": 0}, "missing_lines": [], "excluded_lines": []}, "BasePhase.execute": {"executed_lines": [], "summary": {"covered_lines": 0, "num_statements": 0, "percent_covered": 100.0, "percent_covered_display": "100", "missing_lines": 0, "excluded_lines": 6}, "missing_lines": [], "excluded_lines": [37, 38, 39, 40, 41, 42]}, "BasePhase.cleanup": {"executed_lines": [], "summary": {"covered_lines": 0, "num_statements": 0, "percent_covered": 100.0, "percent_covered_display": "100", "missing_lines": 0, "excluded_lines": 4}, "missing_lines": [], "excluded_lines": [46, 47, 48, 49]}, "": {"executed_lines": [1, 3, 4, 6, 9, 10, 15, 25, 35, 36, 44, 45], "summary": {"covered_lines": 6, "num_statements": 6, "percent_covered": 100.0, "percent_covered_display": "100", "missing_lines": 0, "excluded_lines": 4}, "missing_lines": [], "excluded_lines": [35, 36, 44, 45]}}, "classes": {"BasePhase": {"executed_lines": [22, 23, 31, 32, 33], "summary": {"covered_lines": 5, "num_statements": 5, "percent_covered": 100.0, "percent_covered_display": "100", "missing_lines": 0, "excluded_lines": 10}, "missing_lines": [], "excluded_lines": [37, 38, 39, 40, 41, 42, 46, 47, 48, 49]}, "": {"executed_lines": [1, 3, 4, 6, 9, 10, 15, 25, 35, 36, 44, 45], "summary": {"covered_lines": 6, "num_statements": 6, "percent_covered": 100.0, "percent_covered_display": "100", "missing_lines": 0, "excluded_lines": 4}, "missing_lines": [], "excluded_lines": [35, 36, 44, 45]}}}, "src/pipeline/detection_phase.py": {"executed_lines": [1, 3, 4, 5, 7, 8, 10, 11, 12, 13, 16, 17, 19, 26, 27, 28, 29, 31, 33, 35, 36, 37, 39, 40, 41, 43, 44, 46, 55, 56, 58, 59, 60, 62, 65, 68, 70, 71, 72, 75, 76, 77, 79, 81, 82, 85, 86, 87, 89, 92, 93, 94, 98, 108, 113, 115, 118, 119, 121, 122, 123, 126, 128, 130, 141, 144, 145, 149, 150, 151, 152, 155, 156, 157, 158, 160, 161, 162, 163, 164, 165, 166, 167, 170, 171, 172, 184, 185, 186, 190], "summary": {"covered_lines": 88, "num_statements": 98, "percent_covered": 89.79591836734694, "percent_covered_display": "90", "missing_lines": 10, "excluded_lines": 0}, "missing_lines": [63, 106, 116, 146, 187, 188, 192, 194, 195, 196], "excluded_lines": [], "functions": {"DetectionPhase.__init__": {"executed_lines": [26, 27, 28, 29], "summary": {"covered_lines": 4, "num_statements": 4, "percent_covered": 100.0, "percent_covered_display": "100", "missing_lines": 0, "excluded_lines": 0}, "missing_lines": [], "excluded_lines": []}, "DetectionPhase.initialize": {"executed_lines": [33, 35, 36, 37, 39, 40, 41, 43, 44], "summary": {"covered_lines": 9, "num_statements": 9, "percent_covered": 100.0, "percent_covered_display": "100", "missing_lines": 0, "excluded_lines": 0}, "missing_lines": [], "excluded_lines": []}, "DetectionPhase.execute": {"executed_lines": [55, 56, 58, 59, 60, 62, 65, 68, 70, 71, 72, 75, 76, 77, 79, 81, 82, 85, 86, 87, 89, 92, 93, 94, 98, 108, 113, 115, 118, 119, 121, 122, 123, 126, 128], "summary": {"covered_lines": 35, "num_statements": 38, "percent_covered": 92.10526315789474, "percent_covered_display": "92", "missing_lines": 3, "excluded_lines": 0}, "missing_lines": [63, 106, 116], "excluded_lines": []}, "DetectionPhase.log_statistics": {"executed_lines": [141, 144, 145, 149, 150, 151, 152, 155, 156, 157, 158, 160, 161, 162, 163, 164, 165, 166, 167, 170, 171, 172, 184, 185, 186], "summary": {"covered_lines": 25, "num_statements": 28, "percent_covered": 89.28571428571429, "percent_covered_display": "89", "missing_lines": 3, "excluded_lines": 0}, "missing_lines": [146, 187, 188], "excluded_lines": []}, "DetectionPhase.cleanup": {"executed_lines": [], "summary": {"covered_lines": 0, "num_statements": 4, "percent_covered": 0.0, "percent_covered_display": "0", "missing_lines": 4, "excluded_lines": 0}, "missing_lines": [192, 194, 195, 196], "excluded_lines": []}, "": {"executed_lines": [1, 3, 4, 5, 7, 8, 10, 11, 12, 13, 16, 17, 19, 31, 46, 130, 190], "summary": {"covered_lines": 15, "num_statements": 15, "percent_covered": 100.0, "percent_covered_display": "100", "missing_lines": 0, "excluded_lines": 0}, "missing_lines": [], "excluded_lines": []}}, "classes": {"DetectionPhase": {"executed_lines": [26, 27, 28, 29, 33, 35, 36, 37, 39, 40, 41, 43, 44, 55, 56, 58, 59, 60, 62, 65, 68, 70, 71, 72, 75, 76, 77, 79, 81, 82, 85, 86, 87, 89, 92, 93, 94, 98, 108, 113, 115, 118, 119, 121, 122, 123, 126, 128, 141, 144, 145, 149, 150, 151, 152, 155, 156, 157, 158, 160, 161, 162, 163, 164, 165, 166, 167, 170, 171, 172, 184, 185, 186], "summary": {"covered_lines": 73, "num_statements": 83, "percent_covered": 87.95180722891567, "percent_covered_display": "88", "missing_lines": 10, "excluded_lines": 0}, "missing_lines": [63, 106, 116, 146, 187, 188, 192, 194, 195, 196], "excluded_lines": []}, "": {"executed_lines": [1, 3, 4, 5, 7, 8, 10, 11, 12, 13, 16, 17, 19, 31, 46, 130, 190], "summary": {"covered_lines": 15, "num_statements": 15, "percent_covered": 100.0, "percent_covered_display": "100", "missing_lines": 0, "excluded_lines": 0}, "missing_lines": [], "excluded_lines": []}}}, "src/pipeline/frame_extraction_pipeline.py": {"executed_lines": [1, 3, 4, 5, 6, 8, 9, 11, 12, 13, 15, 18, 19, 25, 70, 71, 72, 74, 75, 78, 79, 80, 83, 89, 103, 106, 110, 114, 125, 126, 127, 128, 129, 130, 132, 138, 140, 142, 143, 144, 145, 146, 147, 149, 152, 154, 155, 158, 160, 170, 172, 173, 176, 178, 180, 189, 190, 194, 195, 197, 198, 199, 201, 202, 203, 206, 209, 211, 221, 223, 224, 226, 227, 228, 231, 232, 241, 242, 243, 246, 247, 252, 254, 261, 262, 264, 265, 266, 268, 269, 270, 271, 273, 279, 281, 282, 290, 291, 293, 294, 295, 296, 307, 309, 328, 329, 331, 332, 335, 338, 339, 341, 343, 344, 345, 347, 348, 349, 350, 351, 353, 354, 355, 356, 359, 360, 361, 372, 374, 378, 381, 382, 385, 386, 390, 392, 395, 396, 399, 400, 401, 402, 403, 405, 406, 412, 413, 414, 416, 417, 418, 420, 421, 422, 424, 425, 426, 428, 429, 440, 453, 454, 457, 458, 460, 461, 462, 464, 466, 478, 481, 483, 485, 488, 489, 490, 492, 494, 495, 496, 497], "summary": {"covered_lines": 179, "num_statements": 191, "percent_covered": 93.717277486911, "percent_covered_display": "94", "missing_lines": 12, "excluded_lines": 0}, "missing_lines": [81, 105, 108, 207, 333, 336, 357, 375, 376, 387, 388, 447], "excluded_lines": [], "functions": {"FrameExtractionPipeline.__init__": {"executed_lines": [70, 71, 72, 74, 75, 78, 79, 80, 83, 89, 103, 106, 110], "summary": {"covered_lines": 13, "num_statements": 16, "percent_covered": 81.25, "percent_covered_display": "81", "missing_lines": 3, "excluded_lines": 0}, "missing_lines": [81, 105, 108], "excluded_lines": []}, "FrameExtractionPipeline._generate_target_timestamps": {"executed_lines": [125, 126, 127, 128, 129, 130], "summary": {"covered_lines": 6, "num_statements": 6, "percent_covered": 100.0, "percent_covered_display": "100", "missing_lines": 0, "excluded_lines": 0}, "missing_lines": [], "excluded_lines": []}, "FrameExtractionPipeline.run": {"executed_lines": [138, 140, 142, 143, 144, 145, 146, 147, 149, 152, 154, 155, 158], "summary": {"covered_lines": 13, "num_statements": 13, "percent_covered": 100.0, "percent_covered_display": "100", "missing_lines": 0, "excluded_lines": 0}, "missing_lines": [], "excluded_lines": []}, "FrameExtractionPipeline._extract_frame_for_target": {"executed_lines": [170, 172, 173, 176, 178], "summary": {"covered_lines": 5, "num_statements": 5, "percent_covered": 100.0, "percent_covered_display": "100", "missing_lines": 0, "excluded_lines": 0}, "missing_lines": [], "excluded_lines": []}, "FrameExtractionPipeline._find_approximate_frame": {"executed_lines": [189, 190, 194, 195, 197, 198, 199, 201, 202, 203, 206, 209], "summary": {"covered_lines": 12, "num_statements": 13, "percent_covered": 92.3076923076923, "percent_covered_display": "92", "missing_lines": 1, "excluded_lines": 0}, "missing_lines": [207], "excluded_lines": []}, "FrameExtractionPipeline._find_best_frame_around": {"executed_lines": [221, 223, 224, 226, 227, 228, 231, 232, 241, 242, 243, 246, 247, 252], "summary": {"covered_lines": 14, "num_statements": 14, "percent_covered": 100.0, "percent_covered_display": "100", "missing_lines": 0, "excluded_lines": 0}, "missing_lines": [], "excluded_lines": []}, "FrameExtractionPipeline._save_frame": {"executed_lines": [261, 262, 264, 265, 266, 268, 269, 270, 271], "summary": {"covered_lines": 9, "num_statements": 9, "percent_covered": 100.0, "percent_covered_display": "100", "missing_lines": 0, "excluded_lines": 0}, "missing_lines": [], "excluded_lines": []}, "FrameExtractionPipeline._save_results_csv": {"executed_lines": [279, 281, 282, 290, 291, 293, 294, 295, 296, 307], "summary": {"covered_lines": 10, "num_statements": 10, "percent_covered": 100.0, "percent_covered_display": "100", "missing_lines": 0, "excluded_lines": 0}, "missing_lines": [], "excluded_lines": []}, "FrameExtractionPipeline.run_with_auto_targets": {"executed_lines": [328, 329, 331, 332, 335, 338, 339, 341, 343, 344, 345, 347, 348, 349, 350, 351, 353, 354, 355, 356, 359, 360, 361, 372, 374, 378, 381, 382, 385, 386, 390, 392, 395, 396, 399, 400, 401, 402, 403, 405, 406, 412, 413, 414, 416, 417, 418, 420, 421, 422, 424, 425, 426, 428, 429, 440, 453, 454, 457, 458, 460, 461, 462, 464, 466, 478, 481, 483, 485, 488, 489, 490], "summary": {"covered_lines": 72, "num_statements": 78, "percent_covered": 92.3076923076923, "percent_covered_display": "92", "missing_lines": 6, "excluded_lines": 0}, "missing_lines": [357, 375, 376, 387, 388, 447], "excluded_lines": []}, "FrameExtractionPipeline.run_with_auto_targets.NoOpValidator.validate": {"executed_lines": [], "summary": {"covered_lines": 0, "num_statements": 1, "percent_covered": 0.0, "percent_covered_display": "0", "missing_lines": 1, "excluded_lines": 0}, "missing_lines": [333], "excluded_lines": []}, "FrameExtractionPipeline.run_with_auto_targets.NoOpValidator.reset": {"executed_lines": [], "summary": {"covered_lines": 0, "num_statements": 1, "percent_covered": 0.0, "percent_covered_display": "0", "missing_lines": 1, "excluded_lines": 0}, "missing_lines": [336], "excluded_lines": []}, "FrameExtractionPipeline.cleanup": {"executed_lines": [494, 495, 496, 497], "summary": {"covered_lines": 4, "num_statements": 4, "percent_covered": 100.0, "percent_covered_display": "100", "missing_lines": 0, "excluded_lines": 0}, "missing_lines": [], "excluded_lines": []}, "": {"executed_lines": [1, 3, 4, 5, 6, 8, 9, 11, 12, 13, 15, 18, 19, 25, 114, 132, 160, 180, 211, 254, 273, 309, 492], "summary": {"covered_lines": 21, "num_statements": 21, "percent_covered": 100.0, "percent_covered_display": "100", "missing_lines": 0, "excluded_lines": 0}, "missing_lines": [], "excluded_lines": []}}, "classes": {"FrameExtractionPipeline": {"executed_lines": [70, 71, 72, 74, 75, 78, 79, 80, 83, 89, 103, 106, 110, 125, 126, 127, 128, 129, 130, 138, 140, 142, 143, 144, 145, 146, 147, 149, 152, 154, 155, 158, 170, 172, 173, 176, 178, 189, 190, 194, 195, 197, 198, 199, 201, 202, 203, 206, 209, 221, 223, 224, 226, 227, 228, 231, 232, 241, 242, 243, 246, 247, 252, 261, 262, 264, 265, 266, 268, 269, 270, 271, 279, 281, 282, 290, 291, 293, 294, 295, 296, 307, 328, 329, 331, 332, 335, 338, 339, 341, 343, 344, 345, 347, 348, 349, 350, 351, 353, 354, 355, 356, 359, 360, 361, 372, 374, 378, 381, 382, 385, 386, 390, 392, 395, 396, 399, 400, 401, 402, 403, 405, 406, 412, 413, 414, 416, 417, 418, 420, 421, 422, 424, 425, 426, 428, 429, 440, 453, 454, 457, 458, 460, 461, 462, 464, 466, 478, 481, 483, 485, 488, 489, 490, 494, 495, 496, 497], "summary": {"covered_lines": 158, "num_statements": 168, "percent_covered": 94.04761904761905, "percent_covered_display": "94", "missing_lines": 10, "excluded_lines": 0}, "missing_lines": [81, 105, 108, 207, 357, 375, 376, 387, 388, 447], "excluded_lines": []}, "FrameExtractionPipeline.run_with_auto_targets.NoOpValidator": {"executed_lines": [], "summary": {"covered_lines": 0, "num_statements": 2, "percent_covered": 0.0, "percent_covered_display": "0", "missing_lines": 2, "excluded_lines": 0}, "missing_lines": [333, 336], "excluded_lines": []}, "": {"executed_lines": [1, 3, 4, 5, 6, 8, 9, 11, 12, 13, 15, 18, 19, 25, 114, 132, 160, 180, 211, 254, 273, 309, 492], "summary": {"covered_lines": 21, "num_statements": 21, "percent_covered": 100.0, "percent_covered_display": "100", "missing_lines": 0, "excluded_lines": 0}, "missing_lines": [], "excluded_lines": []}}}, "src/pipeline/orchestrator.py": {"executed_lines": [1, 3, 4, 5, 7, 8, 10, 11, 12, 13, 14, 15, 16, 17, 18, 19, 20, 23, 24, 26, 33, 34, 35, 36, 37, 38, 40, 47, 48, 49, 50, 53, 54, 55, 56, 58, 60, 62, 64, 73, 74, 75, 77, 88, 90, 91, 92, 93, 94, 97, 100, 103, 126, 127, 135, 136, 139, 140, 149, 151, 163, 164, 166, 167, 168, 169, 171, 172, 173, 175, 176, 180, 181, 184, 185, 187, 188, 190, 201, 202, 203, 205, 206, 208, 209, 211, 213, 249, 260, 261, 262, 264, 265, 266, 268, 270, 279, 280, 281, 282, 284, 286, 293, 294, 295, 296, 298, 313, 314, 317, 319, 341, 342, 343, 345, 361, 362, 364, 365, 366, 367, 368, 369, 370, 373, 374, 375, 377, 378, 379, 381, 383, 389], "summary": {"covered_lines": 131, "num_statements": 156, "percent_covered": 83.97435897435898, "percent_covered_display": "84", "missing_lines": 25, "excluded_lines": 0}, "missing_lines": [128, 129, 130, 141, 142, 143, 144, 145, 146, 147, 177, 178, 228, 229, 230, 231, 232, 234, 235, 236, 238, 239, 242, 245, 247], "excluded_lines": [], "functions": {"PipelineOrchestrator.__init__": {"executed_lines": [33, 34, 35, 36, 37, 38], "summary": {"covered_lines": 6, "num_statements": 6, "percent_covered": 100.0, "percent_covered_display": "100", "missing_lines": 0, "excluded_lines": 0}, "missing_lines": [], "excluded_lines": []}, "PipelineOrchestrator.setup_output_directories": {"executed_lines": [47, 48, 49, 50, 53, 54, 55, 56, 58, 60, 62], "summary": {"covered_lines": 11, "num_statements": 11, "percent_covered": 100.0, "percent_covered_display": "100", "missing_lines": 0, "excluded_lines": 0}, "missing_lines": [], "excluded_lines": []}, "PipelineOrchestrator.get_phase_output_dir": {"executed_lines": [73, 74, 75], "summary": {"covered_lines": 3, "num_statements": 3, "percent_covered": 100.0, "percent_covered_display": "100", "missing_lines": 0, "excluded_lines": 0}, "missing_lines": [], "excluded_lines": []}, "PipelineOrchestrator.extract_frames": {"executed_lines": [88, 90, 91, 92, 93, 94, 97, 100, 103, 126, 127, 135, 136, 139, 140, 149], "summary": {"covered_lines": 16, "num_statements": 26, "percent_covered": 61.53846153846154, "percent_covered_display": "62", "missing_lines": 10, "excluded_lines": 0}, "missing_lines": [128, 129, 130, 141, 142, 143, 144, 145, 146, 147], "excluded_lines": []}, "PipelineOrchestrator.prepare_frames_for_detection": {"executed_lines": [163, 164, 166, 167, 168, 169, 171, 172, 173, 175, 176, 180, 181, 184, 185, 187, 188], "summary": {"covered_lines": 17, "num_statements": 19, "percent_covered": 89.47368421052632, "percent_covered_display": "89", "missing_lines": 2, "excluded_lines": 0}, "missing_lines": [177, 178], "excluded_lines": []}, "PipelineOrchestrator.run_detection": {"executed_lines": [201, 202, 203, 205, 206, 208, 209, 211], "summary": {"covered_lines": 8, "num_statements": 8, "percent_covered": 100.0, "percent_covered_display": "100", "missing_lines": 0, "excluded_lines": 0}, "missing_lines": [], "excluded_lines": []}, "PipelineOrchestrator.run_tracking": {"executed_lines": [], "summary": {"covered_lines": 0, "num_statements": 13, "percent_covered": 0.0, "percent_covered_display": "0", "missing_lines": 13, "excluded_lines": 0}, "missing_lines": [228, 229, 230, 231, 232, 234, 235, 236, 238, 239, 242, 245, 247], "excluded_lines": []}, "PipelineOrchestrator.run_transform": {"executed_lines": [260, 261, 262, 264, 265, 266, 268], "summary": {"covered_lines": 7, "num_statements": 7, "percent_covered": 100.0, "percent_covered_display": "100", "missing_lines": 0, "excluded_lines": 0}, "missing_lines": [], "excluded_lines": []}, "PipelineOrchestrator.run_aggregation": {"executed_lines": [279, 280, 281, 282, 284], "summary": {"covered_lines": 5, "num_statements": 5, "percent_covered": 100.0, "percent_covered_display": "100", "missing_lines": 0, "excluded_lines": 0}, "missing_lines": [], "excluded_lines": []}, "PipelineOrchestrator.run_visualization": {"executed_lines": [293, 294, 295, 296], "summary": {"covered_lines": 4, "num_statements": 4, "percent_covered": 100.0, "percent_covered_display": "100", "missing_lines": 0, "excluded_lines": 0}, "missing_lines": [], "excluded_lines": []}, "PipelineOrchestrator.save_session_summary": {"executed_lines": [313, 314, 317, 319, 341, 342, 343], "summary": {"covered_lines": 7, "num_statements": 7, "percent_covered": 100.0, "percent_covered_display": "100", "missing_lines": 0, "excluded_lines": 0}, "missing_lines": [], "excluded_lines": []}, "PipelineOrchestrator._parse_datetime_range": {"executed_lines": [361, 362, 364, 365, 366, 367, 368, 369, 370, 373, 374, 375, 377, 378, 379, 381], "summary": {"covered_lines": 16, "num_statements": 16, "percent_covered": 100.0, "percent_covered_display": "100", "missing_lines": 0, "excluded_lines": 0}, "missing_lines": [], "excluded_lines": []}, "PipelineOrchestrator.cleanup": {"executed_lines": [389], "summary": {"covered_lines": 1, "num_statements": 1, "percent_covered": 100.0, "percent_covered_display": "100", "missing_lines": 0, "excluded_lines": 0}, "missing_lines": [], "excluded_lines": []}, "": {"executed_lines": [1, 3, 4, 5, 7, 8, 10, 11, 12, 13, 14, 15, 16, 17, 18, 19, 20, 23, 24, 26, 40, 64, 77, 151, 190, 213, 249, 270, 286, 298, 345, 383], "summary": {"covered_lines": 30, "num_statements": 30, "percent_covered": 100.0, "percent_covered_display": "100", "missing_lines": 0, "excluded_lines": 0}, "missing_lines": [], "excluded_lines": []}}, "classes": {"PipelineOrchestrator": {"executed_lines": [33, 34, 35, 36, 37, 38, 47, 48, 49, 50, 53, 54, 55, 56, 58, 60, 62, 73, 74, 75, 88, 90, 91, 92, 93, 94, 97, 100, 103, 126, 127, 135, 136, 139, 140, 149, 163, 164, 166, 167, 168, 169, 171, 172, 173, 175, 176, 180, 181, 184, 185, 187, 188, 201, 202, 203, 205, 206, 208, 209, 211, 260, 261, 262, 264, 265, 266, 268, 279, 280, 281, 282, 284, 293, 294, 295, 296, 313, 314, 317, 319, 341, 342, 343, 361, 362, 364, 365, 366, 367, 368, 369, 370, 373, 374, 375, 377, 378, 379, 381, 389], "summary": {"covered_lines": 101, "num_statements": 126, "percent_covered": 80.15873015873017, "percent_covered_display": "80", "missing_lines": 25, "excluded_lines": 0}, "missing_lines": [128, 129, 130, 141, 142, 143, 144, 145, 146, 147, 177, 178, 228, 229, 230, 231, 232, 234, 235, 236, 238, 239, 242, 245, 247], "excluded_lines": []}, "": {"executed_lines": [1, 3, 4, 5, 7, 8, 10, 11, 12, 13, 14, 15, 16, 17, 18, 19, 20, 23, 24, 26, 40, 64, 77, 151, 190, 213, 249, 270, 286, 298, 345, 383], "summary": {"covered_lines": 30, "num_statements": 30, "percent_covered": 100.0, "percent_covered_display": "100", "missing_lines": 0, "excluded_lines": 0}, "missing_lines": [], "excluded_lines": []}}}, "src/pipeline/tracking_phase.py": {"executed_lines": [1, 3, 4, 6, 7, 9, 10, 11, 12, 13, 14, 17, 18, 20, 32, 70, 133, 197, 205], "summary": {"covered_lines": 17, "num_statements": 102, "percent_covered": 16.666666666666668, "percent_covered_display": "17", "missing_lines": 85, "excluded_lines": 0}, "missing_lines": [27, 28, 29, 30, 34, 37, 38, 39, 40, 43, 44, 45, 46, 47, 49, 57, 58, 62, 63, 64, 66, 67, 68, 84, 85, 86, 88, 89, 91, 94, 96, 98, 99, 100, 101, 102, 105, 106, 107, 109, 110, 111, 112, 113, 117, 120, 122, 127, 129, 131, 139, 140, 142, 143, 144, 147, 150, 151, 152, 153, 154, 157, 158, 159, 160, 161, 164, 165, 167, 168, 169, 170, 171, 172, 175, 176, 177, 191, 192, 193, 194, 195, 203, 207, 209], "excluded_lines": [], "functions": {"TrackingPhase.__init__": {"executed_lines": [], "summary": {"covered_lines": 0, "num_statements": 4, "percent_covered": 0.0, "percent_covered_display": "0", "missing_lines": 4, "excluded_lines": 0}, "missing_lines": [27, 28, 29, 30], "excluded_lines": []}, "TrackingPhase.initialize": {"executed_lines": [], "summary": {"covered_lines": 0, "num_statements": 19, "percent_covered": 0.0, "percent_covered_display": "0", "missing_lines": 19, "excluded_lines": 0}, "missing_lines": [34, 37, 38, 39, 40, 43, 44, 45, 46, 47, 49, 57, 58, 62, 63, 64, 66, 67, 68], "excluded_lines": []}, "TrackingPhase.execute": {"executed_lines": [], "summary": {"covered_lines": 0, "num_statements": 27, "percent_covered": 0.0, "percent_covered_display": "0", "missing_lines": 27, "excluded_lines": 0}, "missing_lines": [84, 85, 86, 88, 89, 91, 94, 96, 98, 99, 100, 101, 102, 105, 106, 107, 109, 110, 111, 112, 113, 117, 120, 122, 127, 129, 131], "excluded_lines": []}, "TrackingPhase.export_results": {"executed_lines": [], "summary": {"covered_lines": 0, "num_statements": 32, "percent_covered": 0.0, "percent_covered_display": "0", "missing_lines": 32, "excluded_lines": 0}, "missing_lines": [139, 140, 142, 143, 144, 147, 150, 151, 152, 153, 154, 157, 158, 159, 160, 161, 164, 165, 167, 168, 169, 170, 171, 172, 175, 176, 177, 191, 192, 193, 194, 195], "excluded_lines": []}, "TrackingPhase.get_tracks": {"executed_lines": [], "summary": {"covered_lines": 0, "num_statements": 1, "percent_covered": 0.0, "percent_covered_display": "0", "missing_lines": 1, "excluded_lines": 0}, "missing_lines": [203], "excluded_lines": []}, "TrackingPhase.cleanup": {"executed_lines": [], "summary": {"covered_lines": 0, "num_statements": 2, "percent_covered": 0.0, "percent_covered_display": "0", "missing_lines": 2, "excluded_lines": 0}, "missing_lines": [207, 209], "excluded_lines": []}, "": {"executed_lines": [1, 3, 4, 6, 7, 9, 10, 11, 12, 13, 14, 17, 18, 20, 32, 70, 133, 197, 205], "summary": {"covered_lines": 17, "num_statements": 17, "percent_covered": 100.0, "percent_covered_display": "100", "missing_lines": 0, "excluded_lines": 0}, "missing_lines": [], "excluded_lines": []}}, "classes": {"TrackingPhase": {"executed_lines": [], "summary": {"covered_lines": 0, "num_statements": 85, "percent_covered": 0.0, "percent_covered_display": "0", "missing_lines": 85, "excluded_lines": 0}, "missing_lines": [27, 28, 29, 30, 34, 37, 38, 39, 40, 43, 44, 45, 46, 47, 49, 57, 58, 62, 63, 64, 66, 67, 68, 84, 85, 86, 88, 89, 91, 94, 96, 98, 99, 100, 101, 102, 105, 106, 107, 109, 110, 111, 112, 113, 117, 120, 122, 127, 129, 131, 139, 140, 142, 143, 144, 147, 150, 151, 152, 153, 154, 157, 158, 159, 160, 161, 164, 165, 167, 168, 169, 170, 171, 172, 175, 176, 177, 191, 192, 193, 194, 195, 203, 207, 209], "excluded_lines": []}, "": {"executed_lines": [1, 3, 4, 6, 7, 9, 10, 11, 12, 13, 14, 17, 18, 20, 32, 70, 133, 197, 205], "summary": {"covered_lines": 17, "num_statements": 17, "percent_covered": 100.0, "percent_covered_display": "100", "missing_lines": 0, "excluded_lines": 0}, "missing_lines": [], "excluded_lines": []}}}, "src/pipeline/transform_phase.py": {"executed_lines": [1, 3, 4, 6, 8, 9, 10, 11, 14, 15, 17, 24, 25, 26, 28, 30, 33, 34, 36, 37, 39, 40, 43, 44, 45, 47, 48, 54, 63, 64, 66, 69, 70, 71, 73, 75, 76, 78, 79, 82, 83, 86, 95, 96, 97, 100, 102, 103, 108, 109, 110, 125, 131, 134, 135, 136, 137, 138, 139, 140, 141, 144, 146, 148, 150, 157, 158, 159, 165, 166, 181, 182, 187, 188, 193, 196, 198, 201, 202, 203, 204, 205, 206, 207, 211], "summary": {"covered_lines": 83, "num_statements": 97, "percent_covered": 85.56701030927834, "percent_covered_display": "86", "missing_lines": 14, "excluded_lines": 0}, "missing_lines": [87, 88, 98, 111, 113, 114, 120, 121, 122, 194, 208, 209, 213, 214], "excluded_lines": [], "functions": {"TransformPhase.__init__": {"executed_lines": [24, 25, 26], "summary": {"covered_lines": 3, "num_statements": 3, "percent_covered": 100.0, "percent_covered_display": "100", "missing_lines": 0, "excluded_lines": 0}, "missing_lines": [], "excluded_lines": []}, "TransformPhase.initialize": {"executed_lines": [30, 33, 34, 36, 37, 39, 40, 43, 44, 45, 47, 48], "summary": {"covered_lines": 12, "num_statements": 12, "percent_covered": 100.0, "percent_covered_display": "100", "missing_lines": 0, "excluded_lines": 0}, "missing_lines": [], "excluded_lines": []}, "TransformPhase.execute": {"executed_lines": [63, 64, 66, 69, 70, 71, 73, 75, 76, 78, 79, 82, 83, 86, 95, 96, 97, 100, 102, 103, 108, 109, 110, 125, 131, 134, 135, 136, 137, 138, 139, 140, 141, 144, 146, 148], "summary": {"covered_lines": 36, "num_statements": 45, "percent_covered": 80.0, "percent_covered_display": "80", "missing_lines": 9, "excluded_lines": 0}, "missing_lines": [87, 88, 98, 111, 113, 114, 120, 121, 122], "excluded_lines": []}, "TransformPhase.export_results": {"executed_lines": [157, 158, 159, 165, 166, 181, 182, 187, 188, 193, 196, 198, 201, 202, 203, 204, 205, 206, 207], "summary": {"covered_lines": 19, "num_statements": 22, "percent_covered": 86.36363636363636, "percent_covered_display": "86", "missing_lines": 3, "excluded_lines": 0}, "missing_lines": [194, 208, 209], "excluded_lines": []}, "TransformPhase.cleanup": {"executed_lines": [], "summary": {"covered_lines": 0, "num_statements": 2, "percent_covered": 0.0, "percent_covered_display": "0", "missing_lines": 2, "excluded_lines": 0}, "missing_lines": [213, 214], "excluded_lines": []}, "": {"executed_lines": [1, 3, 4, 6, 8, 9, 10, 11, 14, 15, 17, 28, 54, 150, 211], "summary": {"covered_lines": 13, "num_statements": 13, "percent_covered": 100.0, "percent_covered_display": "100", "missing_lines": 0, "excluded_lines": 0}, "missing_lines": [], "excluded_lines": []}}, "classes": {"TransformPhase": {"executed_lines": [24, 25, 26, 30, 33, 34, 36, 37, 39, 40, 43, 44, 45, 47, 48, 63, 64, 66, 69, 70, 71, 73, 75, 76, 78, 79, 82, 83, 86, 95, 96, 97, 100, 102, 103, 108, 109, 110, 125, 131, 134, 135, 136, 137, 138, 139, 140, 141, 144, 146, 148, 157, 158, 159, 165, 166, 181, 182, 187, 188, 193, 196, 198, 201, 202, 203, 204, 205, 206, 207], "summary": {"covered_lines": 70, "num_statements": 84, "percent_covered": 83.33333333333333, "percent_covered_display": "83", "missing_lines": 14, "excluded_lines": 0}, "missing_lines": [87, 88, 98, 111, 113, 114, 120, 121, 122, 194, 208, 209, 213, 214], "excluded_lines": []}, "": {"executed_lines": [1, 3, 4, 6, 8, 9, 10, 11, 14, 15, 17, 28, 54, 150, 211], "summary": {"covered_lines": 13, "num_statements": 13, "percent_covered": 100.0, "percent_covered_display": "100", "missing_lines": 0, "excluded_lines": 0}, "missing_lines": [], "excluded_lines": []}}}, "src/pipeline/visualization_phase.py": {"executed_lines": [1, 3, 5, 7, 8, 9, 10, 11, 14, 15, 17, 24, 26, 39, 42, 45, 46, 47, 50, 51, 52, 55, 57, 58, 59, 60, 61, 63, 64, 67, 69, 74, 77, 79, 80, 81, 82, 85, 86, 88, 118], "summary": {"covered_lines": 39, "num_statements": 52, "percent_covered": 75.0, "percent_covered_display": "75", "missing_lines": 13, "excluded_lines": 0}, "missing_lines": [89, 93, 94, 96, 97, 98, 99, 102, 103, 105, 113, 115, 116], "excluded_lines": [], "functions": {"VisualizationPhase.__init__": {"executed_lines": [24], "summary": {"covered_lines": 1, "num_statements": 1, "percent_covered": 100.0, "percent_covered_display": "100", "missing_lines": 0, "excluded_lines": 0}, "missing_lines": [], "excluded_lines": []}, "VisualizationPhase.execute": {"executed_lines": [39, 42, 45, 46, 47, 50, 51, 52, 55, 57, 58, 59, 60, 61, 63, 64, 67, 69, 74, 77, 79, 80, 81, 82, 85, 86, 88], "summary": {"covered_lines": 27, "num_statements": 40, "percent_covered": 67.5, "percent_covered_display": "68", "missing_lines": 13, "excluded_lines": 0}, "missing_lines": [89, 93, 94, 96, 97, 98, 99, 102, 103, 105, 113, 115, 116], "excluded_lines": []}, "VisualizationPhase.cleanup": {"executed_lines": [], "summary": {"covered_lines": 0, "num_statements": 0, "percent_covered": 100.0, "percent_covered_display": "100", "missing_lines": 0, "excluded_lines": 0}, "missing_lines": [], "excluded_lines": []}, "": {"executed_lines": [1, 3, 5, 7, 8, 9, 10, 11, 14, 15, 17, 26, 118], "summary": {"covered_lines": 11, "num_statements": 11, "percent_covered": 100.0, "percent_covered_display": "100", "missing_lines": 0, "excluded_lines": 0}, "missing_lines": [], "excluded_lines": []}}, "classes": {"VisualizationPhase": {"executed_lines": [24, 39, 42, 45, 46, 47, 50, 51, 52, 55, 57, 58, 59, 60, 61, 63, 64, 67, 69, 74, 77, 79, 80, 81, 82, 85, 86, 88], "summary": {"covered_lines": 28, "num_statements": 41, "percent_covered": 68.29268292682927, "percent_covered_display": "68", "missing_lines": 13, "excluded_lines": 0}, "missing_lines": [89, 93, 94, 96, 97, 98, 99, 102, 103, 105, 113, 115, 116], "excluded_lines": []}, "": {"executed_lines": [1, 3, 5, 7, 8, 9, 10, 11, 14, 15, 17, 26, 118], "summary": {"covered_lines": 11, "num_statements": 11, "percent_covered": 100.0, "percent_covered_display": "100", "missing_lines": 0, "excluded_lines": 0}, "missing_lines": [], "excluded_lines": []}}}, "src/timestamp/ocr_engine.py": {"executed_lines": [1, 3, 4, 5, 7, 9, 12, 13, 14, 16, 17, 19, 23, 24, 26, 30, 31, 33, 38, 39, 45, 59, 60, 61, 62, 65, 66, 68, 69, 71, 72, 74, 75, 77, 79, 82, 84, 85, 87, 89, 91, 93, 95, 96, 97, 99, 101, 103, 106, 107, 108, 128, 140, 141, 142, 145, 146, 149, 150, 153, 155, 164, 167, 169, 170, 171, 172, 177, 178, 179, 182, 183, 188, 189, 190, 191, 193, 197, 200, 201, 202, 204, 205, 206, 207, 210, 211, 212, 214, 223, 226, 228, 229, 230, 233, 234, 236, 247, 248, 253, 254, 255, 256, 258, 262, 265, 266, 267, 270, 271, 272, 273, 277, 286, 295, 298, 300, 301, 302, 303, 313, 314, 319, 320, 321, 322, 324, 328, 329, 330, 331, 332, 333, 336, 337, 338, 339, 340, 345, 348, 349, 350, 354, 356, 365, 366, 368, 371, 372, 373, 376, 377, 378, 381, 382, 383, 385, 387, 397, 398, 400, 401, 403, 404, 405, 407, 408, 409], "summary": {"covered_lines": 166, "num_statements": 197, "percent_covered": 84.26395939086295, "percent_covered_display": "84", "missing_lines": 31, "excluded_lines": 0}, "missing_lines": [20, 21, 27, 28, 34, 35, 110, 111, 112, 114, 115, 116, 118, 120, 121, 122, 123, 124, 126, 194, 242, 243, 244, 259, 279, 280, 284, 308, 309, 310, 325], "excluded_lines": [], "functions": {"MultiEngineOCR.__init__": {"executed_lines": [59, 60, 61, 62, 65, 66, 68, 69, 71, 72, 74, 75], "summary": {"covered_lines": 12, "num_statements": 12, "percent_covered": 100.0, "percent_covered_display": "100", "missing_lines": 0, "excluded_lines": 0}, "missing_lines": [], "excluded_lines": []}, "MultiEngineOCR._init_tesseract": {"executed_lines": [79, 82, 84, 87], "summary": {"covered_lines": 4, "num_statements": 4, "percent_covered": 100.0, "percent_covered_display": "100", "missing_lines": 0, "excluded_lines": 0}, "missing_lines": [], "excluded_lines": []}, "MultiEngineOCR._init_tesseract.tesseract_func": {"executed_lines": [85], "summary": {"covered_lines": 1, "num_statements": 1, "percent_covered": 100.0, "percent_covered_display": "100", "missing_lines": 0, "excluded_lines": 0}, "missing_lines": [], "excluded_lines": []}, "MultiEngineOCR._init_easyocr": {"executed_lines": [91, 93, 95, 99], "summary": {"covered_lines": 4, "num_statements": 4, "percent_covered": 100.0, "percent_covered_display": "100", "missing_lines": 0, "excluded_lines": 0}, "missing_lines": [], "excluded_lines": []}, "MultiEngineOCR._init_easyocr.easyocr_func": {"executed_lines": 
[...]
ercent_covered_display": "100", "missing_lines": 0, "excluded_lines": 0}, "missing_lines": [], "excluded_lines": []}, "OutputManager.create_session": {"executed_lines": [39, 40, 43, 52, 53, 55, 56], "summary": {"covered_lines": 7, "num_statements": 7, "percent_covered": 100.0, "percent_covered_display": "100", "missing_lines": 0, "excluded_lines": 0}, "missing_lines": [], "excluded_lines": []}, "OutputManager.save_metadata": {"executed_lines": [66, 73, 74, 75, 77], "summary": {"covered_lines": 5, "num_statements": 5, "percent_covered": 100.0, "percent_covered_display": "100", "missing_lines": 0, "excluded_lines": 0}, "missing_lines": [], "excluded_lines": []}, "OutputManager.save_summary": {"executed_lines": [86, 93, 94, 95, 97], "summary": {"covered_lines": 5, "num_statements": 5, "percent_covered": 100.0, "percent_covered_display": "100", "missing_lines": 0, "excluded_lines": 0}, "missing_lines": [], "excluded_lines": []}, "OutputManager.update_latest_link": {"executed_lines": [105, 106, 114, 115, 117], "summary": {"covered_lines": 5, "num_statements": 10, "percent_covered": 50.0, "percent_covered_display": "50", "missing_lines": 5, "excluded_lines": 0}, "missing_lines": [107, 108, 111, 118, 120], "excluded_lines": []}, "OutputManager.get_latest_session": {"executed_lines": [128, 134, 135], "summary": {"covered_lines": 3, "num_statements": 6, "percent_covered": 50.0, "percent_covered_display": "50", "missing_lines": 3, "excluded_lines": 0}, "missing_lines": [129, 130, 131], "excluded_lines": []}, "OutputManager.find_sessions": {"executed_lines": [153, 155, 158, 159, 163, 167, 168, 169, 170, 172, 178, 181], "summary": {"covered_lines": 12, "num_statements": 19, "percent_covered": 63.1578947368421, "percent_covered_display": "63", "missing_lines": 7, "excluded_lines": 0}, "missing_lines": [156, 160, 164, 171, 173, 174, 176], "excluded_lines": []}, "OutputManager.get_session_size": {"executed_lines": [192, 193, 194, 195, 196, 197], "summary": {"covered_lines": 6, "num_statements": 6, "percent_covered": 100.0, "percent_covered_display": "100", "missing_lines": 0, "excluded_lines": 0}, "missing_lines": [], "excluded_lines": []}, "format_file_size": {"executed_lines": [209, 210, 211, 212, 213], "summary": {"covered_lines": 5, "num_statements": 6, "percent_covered": 83.33333333333333, "percent_covered_display": "83", "missing_lines": 1, "excluded_lines": 0}, "missing_lines": [214], "excluded_lines": []}, "setup_output_directories": {"executed_lines": [225, 226], "summary": {"covered_lines": 2, "num_statements": 2, "percent_covered": 100.0, "percent_covered_display": "100", "missing_lines": 0, "excluded_lines": 0}, "missing_lines": [], "excluded_lines": []}, "": {"executed_lines": [1, 3, 4, 5, 6, 7, 9, 12, 13, 15, 28, 33, 58, 79, 99, 122, 137, 183, 200, 217], "summary": {"covered_lines": 18, "num_statements": 18, "percent_covered": 100.0, "percent_covered_display": "100", "missing_lines": 0, "excluded_lines": 0}, "missing_lines": [], "excluded_lines": []}}, "classes": {"OutputManager": {"executed_lines": [21, 22, 23, 26, 31, 39, 40, 43, 52, 53, 55, 56, 66, 73, 74, 75, 77, 86, 93, 94, 95, 97, 105, 106, 114, 115, 117, 128, 134, 135, 153, 155, 158, 159, 163, 167, 168, 169, 170, 172, 178, 181, 192, 193, 194, 195, 196, 197], "summary": {"covered_lines": 48, "num_statements": 63, "percent_covered": 76.19047619047619, "percent_covered_display": "76", "missing_lines": 15, "excluded_lines": 0}, "missing_lines": [107, 108, 111, 118, 120, 129, 130, 131, 156, 160, 164, 171, 173, 174, 176], "excluded_lines": []}, "": {"executed_lines": [1, 3, 4, 5, 6, 7, 9, 12, 13, 15, 28, 33, 58, 79, 99, 122, 137, 183, 200, 209, 210, 211, 212, 213, 217, 225, 226], "summary": {"covered_lines": 25, "num_statements": 26, "percent_covered": 96.15384615384616, "percent_covered_display": "96", "missing_lines": 1, "excluded_lines": 0}, "missing_lines": [214], "excluded_lines": []}}}, "src/utils/performance_monitor.py": {"executed_lines": [1, 3, 4, 5, 7, 10, 11, 16, 18, 19, 21, 22, 32, 33, 34, 35, 37, 38, 39, 45, 46, 47, 48, 49, 51, 60, 61, 64, 70, 71, 80, 82, 106], "summary": {"covered_lines": 31, "num_statements": 51, "percent_covered": 60.78431372549019, "percent_covered_display": "61", "missing_lines": 20, "excluded_lines": 0}, "missing_lines": [62, 72, 73, 88, 89, 91, 92, 93, 95, 96, 97, 98, 99, 100, 101, 102, 103, 104, 108, 109], "excluded_lines": [], "functions": {"PerformanceMonitor.__init__": {"executed_lines": [18, 19], "summary": {"covered_lines": 2, "num_statements": 2, "percent_covered": 100.0, "percent_covered_display": "100", "missing_lines": 0, "excluded_lines": 0}, "missing_lines": [], "excluded_lines": []}, "PerformanceMonitor.measure": {"executed_lines": [32, 33, 34, 35, 37, 38, 39, 45, 46, 47, 48, 49], "summary": {"covered_lines": 12, "num_statements": 12, "percent_covered": 100.0, "percent_covered_display": "100", "missing_lines": 0, "excluded_lines": 0}, "missing_lines": [], "excluded_lines": []}, "PerformanceMonitor.get_metrics": {"executed_lines": [60, 61], "summary": {"covered_lines": 2, "num_statements": 3, "percent_covered": 66.66666666666667, "percent_covered_display": "67", "missing_lines": 1, "excluded_lines": 0}, "missing_lines": [62], "excluded_lines": []}, "PerformanceMonitor.get_summary": {"executed_lines": [70, 71, 80], "summary": {"covered_lines": 3, "num_statements": 5, "percent_covered": 60.0, "percent_covered_display": "60", "missing_lines": 2, "excluded_lines": 0}, "missing_lines": [72, 73], "excluded_lines": []}, "PerformanceMonitor.log_summary": {"executed_lines": [], "summary": {"covered_lines": 0, "num_statements": 15, "percent_covered": 0.0, "percent_covered_display": "0", "missing_lines": 15, "excluded_lines": 0}, "missing_lines": [88, 89, 91, 92, 93, 95, 96, 97, 98, 99, 100, 101, 102, 103, 104], "excluded_lines": []}, "PerformanceMonitor.reset": {"executed_lines": [], "summary": {"covered_lines": 0, "num_statements": 2, "percent_covered": 0.0, "percent_covered_display": "0", "missing_lines": 2, "excluded_lines": 0}, "missing_lines": [108, 109], "excluded_lines": []}, "": {"executed_lines": [1, 3, 4, 5, 7, 10, 11, 16, 21, 22, 51, 64, 82, 106], "summary": {"covered_lines": 12, "num_statements": 12, "percent_covered": 100.0, "percent_covered_display": "100", "missing_lines": 0, "excluded_lines": 0}, "missing_lines": [], "excluded_lines": []}}, "classes": {"PerformanceMonitor": {"executed_lines": [18, 19, 32, 33, 34, 35, 37, 38, 39, 45, 46, 47, 48, 49, 60, 61, 70, 71, 80], "summary": {"covered_lines": 19, "num_statements": 39, "percent_covered": 48.717948717948715, "percent_covered_display": "49", "missing_lines": 20, "excluded_lines": 0}, "missing_lines": [62, 72, 73, 88, 89, 91, 92, 93, 95, 96, 97, 98, 99, 100, 101, 102, 103, 104, 108, 109], "excluded_lines": []}, "": {"executed_lines": [1, 3, 4, 5, 7, 10, 11, 16, 21, 22, 51, 64, 82, 106], "summary": {"covered_lines": 12, "num_statements": 12, "percent_covered": 100.0, "percent_covered_display": "100", "missing_lines": 0, "excluded_lines": 0}, "missing_lines": [], "excluded_lines": []}}}, "src/utils/stats_utils.py": {"executed_lines": [1, 3, 5, 7, 10, 11, 12, 14, 15, 16, 17, 18, 19, 20, 21, 24, 33, 34, 37, 39, 40, 41, 42, 43, 44, 46, 47, 48, 49, 50, 52], "summary": {"covered_lines": 29, "num_statements": 29, "percent_covered": 100.0, "percent_covered_display": "100", "missing_lines": 0, "excluded_lines": 0}, "missing_lines": [], "excluded_lines": [], "functions": {"calculate_detection_statistics": {"executed_lines": [33, 34, 37, 39, 40, 41, 42, 43, 44, 46, 47, 48, 49, 50, 52], "summary": {"covered_lines": 15, "num_statements": 15, "percent_covered": 100.0, "percent_covered_display": "100", "missing_lines": 0, "excluded_lines": 0}, "missing_lines": [], "excluded_lines": []}, "": {"executed_lines": [1, 3, 5, 7, 10, 11, 12, 14, 15, 16, 17, 18, 19, 20, 21, 24], "summary": {"covered_lines": 14, "num_statements": 14, "percent_covered": 100.0, "percent_covered_display": "100", "missing_lines": 0, "excluded_lines": 0}, "missing_lines": [], "excluded_lines": []}}, "classes": {"DetectionStatistics": {"executed_lines": [], "summary": {"covered_lines": 0, "num_statements": 0, "percent_covered": 100.0, "percent_covered_display": "100", "missing_lines": 0, "excluded_lines": 0}, "missing_lines": [], "excluded_lines": []}, "": {"executed_lines": [1, 3, 5, 7, 10, 11, 12, 14, 15, 16, 17, 18, 19, 20, 21, 24, 33, 34, 37, 39, 40, 41, 42, 43, 44, 46, 47, 48, 49, 50, 52], "summary": {"covered_lines": 29, "num_statements": 29, "percent_covered": 100.0, "percent_covered_display": "100", "missing_lines": 0, "excluded_lines": 0}, "missing_lines": [], "excluded_lines": []}}}, "src/utils/torch_utils.py": {"executed_lines": [1, 3, 4, 6, 8, 11, 17, 18, 23, 29, 35], "summary": {"covered_lines": 10, "num_statements": 10, "percent_covered": 100.0, "percent_covered_display": "100", "missing_lines": 0, "excluded_lines": 0}, "missing_lines": [], "excluded_lines": [], "functions": {"setup_mps_compatibility": {"executed_lines": [17, 18, 23, 29, 35], "summary": {"covered_lines": 5, "num_statements": 5, "percent_covered": 100.0, "percent_covered_display": "100", "missing_lines": 0, "excluded_lines": 0}, "missing_lines": [], "excluded_lines": []}, "": {"executed_lines": [1, 3, 4, 6, 8, 11], "summary": {"covered_lines": 5, "num_statements": 5, "percent_covered": 100.0, "percent_covered_display": "100", "missing_lines": 0, "excluded_lines": 0}, "missing_lines": [], "excluded_lines": []}}, "classes": {"": {"executed_lines": [1, 3, 4, 6, 8, 11, 17, 18, 23, 29, 35], "summary": {"covered_lines": 10, "num_statements": 10, "percent_covered": 100.0, "percent_covered_display": "100", "missing_lines": 0, "excluded_lines": 0}, "missing_lines": [], "excluded_lines": []}}}, "src/video/frame_sampler.py": {"executed_lines": [1, 3, 4, 6, 7, 9, 12, 13, 18, 25, 26, 27, 28, 29, 31, 33, 34, 35, 37, 38, 40, 46, 47, 48, 50, 51, 52, 54, 57, 58, 60, 62, 63, 64, 67, 68, 78, 91, 92, 93, 94, 96, 98, 99, 100, 101, 103, 112, 113, 116, 117, 118, 122, 124, 125, 126, 128, 129, 132, 133, 139, 152, 153, 154, 156, 165, 167, 168, 170, 172], "summary": {"covered_lines": 66, "num_statements": 68, "percent_covered": 97.05882352941177, "percent_covered_display": "97", "missing_lines": 2, "excluded_lines": 0}, "missing_lines": [36, 55], "excluded_lines": [], "functions": {"CoarseSampler.__init__": {"executed_lines": [25, 26, 27, 28, 29], "summary": {"covered_lines": 5, "num_statements": 5, "percent_covered": 100.0, "percent_covered_display": "100", "missing_lines": 0, "excluded_lines": 0}, "missing_lines": [], "excluded_lines": []}, "CoarseSampler._ensure_opened": {"executed_lines": [33, 34, 35, 37, 38], "summary": {"covered_lines": 5, "num_statements": 6, "percent_covered": 83.33333333333333, "percent_covered_display": "83", "missing_lines": 1, "excluded_lines": 0}, "missing_lines": [36], "excluded_lines": []}, "CoarseSampler.sample": {"executed_lines": [46, 47, 48, 50, 51, 52, 54, 57, 58], "summary": {"covered_lines": 9, "num_statements": 10, "percent_covered": 90.0, "percent_covered_display": "90", "missing_lines": 1, "excluded_lines": 0}, "missing_lines": [55], "excluded_lines": []}, "CoarseSampler.close": {"executed_lines": [62, 63, 64], "summary": {"covered_lines": 3, "num_statements": 3, "percent_covered": 100.0, "percent_covered_display": "100", "missing_lines": 0, "excluded_lines": 0}, "missing_lines": [], "excluded_lines": []}, "FineSampler.__init__": {"executed_lines": [91, 92, 93, 94], "summary": {"covered_lines": 4, "num_statements": 4, "percent_covered": 100.0, "percent_covered_display": "100", "missing_lines": 0, "excluded_lines": 0}, "missing_lines": [], "excluded_lines": []}, "FineSampler._ensure_fps": {"executed_lines": [98, 99, 100, 101], "summary": {"covered_lines": 4, "num_statements": 4, "percent_covered": 100.0, "percent_covered_display": "100", "missing_lines": 0, "excluded_lines": 0}, "missing_lines": [], "excluded_lines": []}, "FineSampler.sample_around_target": {"executed_lines": [112, 113, 116, 117, 118, 122, 124, 125, 126, 128, 129], "summary": {"covered_lines": 11, "num_statements": 11, "percent_covered": 100.0, "percent_covered_display": "100", "missing_lines": 0, "excluded_lines": 0}, "missing_lines": [], "excluded_lines": []}, "AdaptiveSampler.__init__": {"executed_lines": [152, 153, 154], "summary": {"covered_lines": 3, "num_statements": 3, "percent_covered": 100.0, "percent_covered_display": "100", "missing_lines": 0, "excluded_lines": 0}, "missing_lines": [], "excluded_lines": []}, "AdaptiveSampler.adjust_interval": {"executed_lines": [165, 167, 168, 170, 172], "summary": {"covered_lines": 5, "num_statements": 5, "percent_covered": 100.0, "percent_covered_display": "100", "missing_lines": 0, "excluded_lines": 0}, "missing_lines": [], "excluded_lines": []}, "": {"executed_lines": [1, 3, 4, 6, 7, 9, 12, 13, 18, 31, 40, 60, 67, 68, 78, 96, 103, 132, 133, 139, 156], "summary": {"covered_lines": 17, "num_statements": 17, "percent_covered": 100.0, "percent_covered_display": "100", "missing_lines": 0, "excluded_lines": 0}, "missing_lines": [], "excluded_lines": []}}, "classes": {"CoarseSampler": {"executed_lines": [25, 26, 27, 28, 29, 33, 34, 35, 37, 38, 46, 47, 48, 50, 51, 52, 54, 57, 58, 62, 63, 64], "summary": {"covered_lines": 22, "num_statements": 24, "percent_covered": 91.66666666666667, "percent_covered_display": "92", "missing_lines": 2, "excluded_lines": 0}, "missing_lines": [36, 55], "excluded_lines": []}, "FineSampler": {"executed_lines": [91, 92, 93, 94, 98, 99, 100, 101, 112, 113, 116, 117, 118, 122, 124, 125, 126, 128, 129], "summary": {"covered_lines": 19, "num_statements": 19, "percent_covered": 100.0, "percent_covered_display": "100", "missing_lines": 0, "excluded_lines": 0}, "missing_lines": [], "excluded_lines": []}, "AdaptiveSampler": {"executed_lines": [152, 153, 154, 165, 167, 168, 170, 172], "summary": {"covered_lines": 8, "num_statements": 8, "percent_covered": 100.0, "percent_covered_display": "100", "missing_lines": 0, "excluded_lines": 0}, "missing_lines": [], "excluded_lines": []}, "": {"executed_lines": [1, 3, 4, 6, 7, 9, 12, 13, 18, 31, 40, 60, 67, 68, 78, 96, 103, 132, 133, 139, 156], "summary": {"covered_lines": 17, "num_statements": 17, "percent_covered": 100.0, "percent_covered_display": "100", "missing_lines": 0, "excluded_lines": 0}, "missing_lines": [], "excluded_lines": []}}}, "src/video/video_processor.py": {"executed_lines": [1, 3, 4, 6, 7, 9, 12, 13, 27, 28, 29, 30, 32, 38, 39, 40, 41, 42, 43, 45, 56, 57, 58, 59, 62, 63, 65, 66, 67, 68, 71, 72, 73, 74, 76, 77, 78, 79, 82, 84, 86, 87, 88, 89, 91, 99, 102, 103, 109, 110, 115, 116, 117, 118, 122, 126, 139, 140, 141, 142, 144, 145, 146, 147, 149, 151, 154, 156, 157, 158, 160, 166, 175, 176, 177, 178, 180, 182, 191, 196, 197, 198, 203, 209, 210, 211, 213, 214, 215, 216, 221, 226, 227, 228, 229, 233, 234, 235, 236, 237, 239, 241, 242, 244, 246, 247, 249, 251], "summary": {"covered_lines": 106, "num_statements": 120, "percent_covered": 88.33333333333333, "percent_covered_display": "88", "missing_lines": 14, "excluded_lines": 0}, "missing_lines": [162, 163, 164, 192, 193, 194, 199, 200, 201, 217, 218, 219, 230, 231], "excluded_lines": [], "functions": {"VideoProcessor.__init__": {"executed_lines": [38, 39, 40, 41, 42, 43], "summary": {"covered_lines": 6, "num_statements": 6, "percent_covered": 100.0, "percent_covered_display": "100", "missing_lines": 0, "excluded_lines": 0}, "missing_lines": [], "excluded_lines": []}, "VideoProcessor.open": {"executed_lines": [56, 57, 58, 59, 62, 63, 65, 66, 67, 68, 71, 72, 73, 74, 76, 77, 78, 79, 82, 84, 86, 87, 88, 89], "summary": {"covered_lines": 24, "num_statements": 24, "percent_covered": 100.0, "percent_covered_display": "100", "missing_lines": 0, "excluded_lines": 0}, "missing_lines": [], "excluded_lines": []}, "VideoProcessor._validate_video_specs": {"executed_lines": [99, 102, 103, 109, 110, 115, 116, 117, 118, 122], "summary": {"covered_lines": 10, "num_statements": 10, "percent_covered": 100.0, "percent_covered_display": "100", "missing_lines": 0, "excluded_lines": 0}, "missing_lines": [], "excluded_lines": []}, "VideoProcessor.get_frame": {"executed_lines": [139, 140, 141, 142, 144, 145, 146, 147, 149, 151, 154, 156, 157, 158, 160], "summary": {"covered_lines": 15, "num_statements": 18, "percent_covered": 83.33333333333333, "percent_covered_display": "83", "missing_lines": 3, "excluded_lines": 0}, "missing_lines": [162, 163, 164], "excluded_lines": []}, "VideoProcessor.get_current_frame_number": {"executed_lines": [175, 176, 177, 178, 180], "summary": {"covered_lines": 5, "num_statements": 5, "percent_covered": 100.0, "percent_covered_display": "100", "missing_lines": 0, "excluded_lines": 0}, "missing_lines": [], "excluded_lines": []}, "VideoProcessor.read_next_frame": {"executed_lines": [191, 196, 197, 198], "summary": {"covered_lines": 4, "num_statements": 10, "percent_covered": 40.0, "percent_covered_display": "40", "missing_lines": 6, "excluded_lines": 0}, "missing_lines": [192, 193, 194, 199, 200, 201], "excluded_lines": []}, "VideoProcessor.reset": {"executed_lines": [209, 210, 211, 213, 214, 215, 216], "summary": {"covered_lines": 7, "num_statements": 10, "percent_covered": 70.0, "percent_covered_display": "70", "missing_lines": 3, "excluded_lines": 0}, "missing_lines": [217, 218, 219], "excluded_lines": []}, "VideoProcessor.release": {"executed_lines": [226, 227, 228, 229, 233, 234, 235, 236, 237], "summary": {"covered_lines": 9, "num_statements": 11, "percent_covered": 81.81818181818181, "percent_covered_display": "82", "missing_lines": 2, "excluded_lines": 0}, "missing_lines": [230, 231], "excluded_lines": []}, "VideoProcessor.__enter__": {"executed_lines": [241, 242], "summary": {"covered_lines": 2, "num_statements": 2, "percent_covered": 100.0, "percent_covered_display": "100", "missing_lines": 0, "excluded_lines": 0}, "missing_lines": [], "excluded_lines": []}, "VideoProcessor.__exit__": {"executed_lines": [246, 247], "summary": {"covered_lines": 2, "num_statements": 2, "percent_covered": 100.0, "percent_covered_display": "100", "missing_lines": 0, "excluded_lines": 0}, "missing_lines": [], "excluded_lines": []}, "VideoProcessor.__del__": {"executed_lines": [251], "summary": {"covered_lines": 1, "num_statements": 1, "percent_covered": 100.0, "percent_covered_display": "100", "missing_lines": 0, "excluded_lines": 0}, "missing_lines": [], "excluded_lines": []}, "": {"executed_lines": [1, 3, 4, 6, 7, 9, 12, 13, 27, 28, 29, 30, 32, 45, 91, 126, 166, 182, 203, 221, 239, 244, 249], "summary": {"covered_lines": 21, "num_statements": 21, "percent_covered": 100.0, "percent_covered_display": "100", "missing_lines": 0, "excluded_lines": 0}, "missing_lines": [], "excluded_lines": []}}, "classes": {"VideoProcessor": {"executed_lines": [38, 39, 40, 41, 42, 43, 56, 57, 58, 59, 62, 63, 65, 66, 67, 68, 71, 72, 73, 74, 76, 77, 78, 79, 82, 84, 86, 87, 88, 89, 99, 102, 103, 109, 110, 115, 116, 117, 118, 122, 139, 140, 141, 142, 144, 145, 146, 147, 149, 151, 154, 156, 157, 158, 160, 175, 176, 177, 178, 180, 191, 196, 197, 198, 209, 210, 211, 213, 214, 215, 216, 226, 227, 228, 229, 233, 234, 235, 236, 237, 241, 242, 246, 247, 251], "summary": {"covered_lines": 85, "num_statements": 99, "percent_covered": 85.85858585858585, "percent_covered_display": "86", "missing_lines": 14, "excluded_lines": 0}, "missing_lines": [162, 163, 164, 192, 193, 194, 199, 200, 201, 217, 218, 219, 230, 231], "excluded_lines": []}, "": {"executed_lines": [1, 3, 4, 6, 7, 9, 12, 13, 27, 28, 29, 30, 32, 45, 91, 126, 166, 182, 203, 221, 239, 244, 249], "summary": {"covered_lines": 21, "num_statements": 21, "percent_covered": 100.0, "percent_covered_display": "100", "missing_lines": 0, "excluded_lines": 0}, "missing_lines": [], "excluded_lines": []}}}}, "totals": {"covered_lines": 2662, "num_statements": 3571, "percent_covered": 74.54494539344721, "percent_covered_display": "75", "missing_lines": 909, "excluded_lines": 30}}
