{"meta": {"format": 3, "version": "7.9.2", "timestamp": "2025-11-14T18:16:58.022072", "branch_coverage": false, "show_contexts": false}, "files": {"src/aggregation/aggregator.py": {"executed_lines": [1, 3, 4, 5, 7, 9, 11, 14, 15, 25, 27, 28, 29, 31, 41, 44, 45, 46, 47, 49, 50, 52, 64, 66, 67, 69, 70, 73, 75, 77, 90, 92, 94, 95, 98, 100, 101, 102, 104, 105, 107, 110, 111, 114, 115, 118, 119, 122, 123, 124, 125, 126, 127, 129, 135, 153, 155, 156, 157, 158, 180, 181, 183, 196, 198, 199, 200, 205, 208, 209, 212, 213, 216, 217, 218, 219, 222, 224, 227, 229, 235, 237, 249, 252, 253, 254, 257, 258, 259, 260, 261, 264, 265, 267, 269, 277, 285, 287, 288, 289], "summary": {"covered_lines": 98, "num_statements": 107, "percent_covered": 91.58878504672897, "percent_covered_display": "92", "missing_lines": 9, "excluded_lines": 0}, "missing_lines": [106, 131, 132, 133, 169, 223, 225, 275, 283], "excluded_lines": [], "functions": {"Aggregator.__init__": {"executed_lines": [27, 28, 29], "summary": {"covered_lines": 3, "num_statements": 3, "percent_covered": 100.0, "percent_covered_display": "100", "missing_lines": 0, "excluded_lines": 0}, "missing_lines": [], "excluded_lines": []}, "Aggregator.aggregate_frame": {"executed_lines": [41, 44, 45, 46, 47, 49, 50], "summary": {"covered_lines": 7, "num_statements": 7, "percent_covered": 100.0, "percent_covered_display": "100", "missing_lines": 0, "excluded_lines": 0}, "missing_lines": [], "excluded_lines": []}, "Aggregator.get_zone_counts": {"executed_lines": [64, 66, 67, 69, 70, 73, 75], "summary": {"covered_lines": 7, "num_statements": 7, "percent_covered": 100.0, "percent_covered_display": "100", "missing_lines": 0, "excluded_lines": 0}, "missing_lines": [], "excluded_lines": []}, "Aggregator.export_csv": {"executed_lines": [90, 92, 94, 95, 98, 100, 101, 102, 104, 105, 107, 110, 111, 114, 115, 118, 119, 122, 123, 124, 125, 126, 127, 129], "summary": {"covered_lines": 24, "num_statements": 28, "percent_covered": 85.71428571428571, "percent_covered_display": "86", "missing_lines": 4, "excluded_lines": 0}, "missing_lines": [106, 131, 132, 133], "excluded_lines": []}, "Aggregator.get_statistics": {"executed_lines": [153, 155, 156, 157, 158, 180, 181], "summary": {"covered_lines": 7, "num_statements": 8, "percent_covered": 87.5, "percent_covered_display": "88", "missing_lines": 1, "excluded_lines": 0}, "missing_lines": [169], "excluded_lines": []}, "Aggregator.get_trend_analysis": {"executed_lines": [196, 198, 199, 200, 205, 208, 209, 212, 213, 216, 217, 218, 219, 222, 224, 227, 229, 235], "summary": {"covered_lines": 18, "num_statements": 20, "percent_covered": 90.0, "percent_covered_display": "90", "missing_lines": 2, "excluded_lines": 0}, "missing_lines": [223, 225], "excluded_lines": []}, "Aggregator.get_peak_times": {"executed_lines": [249, 252, 253, 254, 257, 258, 259, 260, 261, 264, 265, 267], "summary": {"covered_lines": 12, "num_statements": 12, "percent_covered": 100.0, "percent_covered_display": "100", "missing_lines": 0, "excluded_lines": 0}, "missing_lines": [], "excluded_lines": []}, "Aggregator.get_total_detections": {"executed_lines": [], "summary": {"covered_lines": 0, "num_statements": 1, "percent_covered": 0.0, "percent_covered_display": "0", "missing_lines": 1, "excluded_lines": 0}, "missing_lines": [275], "excluded_lines": []}, "Aggregator.get_zone_ids": {"executed_lines": [], "summary": {"covered_lines": 0, "num_statements": 1, "percent_covered": 0.0, "percent_covered_display": "0", "missing_lines": 1, "excluded_lines": 0}, "missing_lines": [283], "excluded_lines": []}, "Aggregator.clear": {"executed_lines": [287, 288, 289], "summary": {"covered_lines": 3, "num_statements": 3, "percent_covered": 100.0, "percent_covered_display": "100", "missing_lines": 0, "excluded_lines": 0}, "missing_lines": [], "excluded_lines": []}, "": {"executed_lines": [1, 3, 4, 5, 7, 9, 11, 14, 15, 25, 31, 52, 77, 135, 183, 237, 269, 277, 285], "summary": {"covered_lines": 17, "num_statements": 17, "percent_covered": 100.0, "percent_covered_display": "100", "missing_lines": 0, "excluded_lines": 0}, "missing_lines": [], "excluded_lines": []}}, "classes": {"Aggregator": {"executed_lines": [27, 28, 29, 41, 44, 45, 46, 47, 49, 50, 64, 66, 67, 69, 70, 73, 75, 90, 92, 94, 95, 98, 100, 101, 102, 104, 105, 107, 110, 111, 114, 115, 118, 119, 122, 123, 124, 125, 126, 127, 129, 153, 155, 156, 157, 158, 180, 181, 196, 198, 199, 200, 205, 208, 209, 212, 213, 216, 217, 218, 219, 222, 224, 227, 229, 235, 249, 252, 253, 254, 257, 258, 259, 260, 261, 264, 265, 267, 287, 288, 289], "summary": {"covered_lines": 81, "num_statements": 90, "percent_covered": 90.0, "percent_covered_display": "90", "missing_lines": 9, "excluded_lines": 0}, "missing_lines": [106, 131, 132, 133, 169, 223, 225, 275, 283], "excluded_lines": []}, "": {"executed_lines": [1, 3, 4, 5, 7, 9, 11, 14, 15, 25, 31, 52, 77, 135, 183, 237, 269, 277, 285], "summary": {"covered_lines": 17, "num_statements": 17, "percent_covered": 100.0, "percent_covered_display": "100", "missing_lines": 0, "excluded_lines": 0}, "missing_lines": [], "excluded_lines": []}}}, "src/calibration/camera_calibrator.py": {"executed_lines": [1, 3, 5, 6, 8, 9, 11, 14, 17, 18, 23, 29, 30, 31, 32, 34, 36, 48, 49, 52, 53, 56, 57, 58, 59, 60, 62, 63, 65, 70, 72, 73, 94, 106, 107, 109, 110, 112, 113, 115, 116, 118, 124, 126, 132], "summary": {"covered_lines": 42, "num_statements": 53, "percent_covered": 79.24528301886792, "percent_covered_display": "79", "missing_lines": 11, "excluded_lines": 2}, "missing_lines": [66, 67, 68, 76, 84, 85, 86, 88, 89, 90, 92], "excluded_lines": [11, 12], "functions": {"CameraCalibrator.__init__": {"executed_lines": [29, 30, 31, 32, 34], "summary": {"covered_lines": 5, "num_statements": 5, "percent_covered": 100.0, "percent_covered_display": "100", "missing_lines": 0, "excluded_lines": 0}, "missing_lines": [], "excluded_lines": []}, "CameraCalibrator.calibrate_from_images": {"executed_lines": [48, 49, 52, 53, 56, 57, 58, 59, 60, 62, 63, 65, 70, 72, 73], "summary": {"covered_lines": 15, "num_statements": 26, "percent_covered": 57.69230769230769, "percent_covered_display": "58", "missing_lines": 11, "excluded_lines": 0}, "missing_lines": [66, 67, 68, 76, 84, 85, 86, 88, 89, 90, 92], "excluded_lines": []}, "CameraCalibrator.undistort_image": {"executed_lines": [106, 107, 109, 110, 112, 113, 115, 116], "summary": {"covered_lines": 8, "num_statements": 8, "percent_covered": 100.0, "percent_covered_display": "100", "missing_lines": 0, "excluded_lines": 0}, "missing_lines": [], "excluded_lines": []}, "CameraCalibrator.get_camera_matrix": {"executed_lines": [124], "summary": {"covered_lines": 1, "num_statements": 1, "percent_covered": 100.0, "percent_covered_display": "100", "missing_lines": 0, "excluded_lines": 0}, "missing_lines": [], "excluded_lines": []}, "CameraCalibrator.get_distortion_coefficients": {"executed_lines": [132], "summary": {"covered_lines": 1, "num_statements": 1, "percent_covered": 100.0, "percent_covered_display": "100", "missing_lines": 0, "excluded_lines": 0}, "missing_lines": [], "excluded_lines": []}, "": {"executed_lines": [1, 3, 5, 6, 8, 9, 11, 14, 17, 18, 23, 36, 94, 118, 126], "summary": {"covered_lines": 12, "num_statements": 12, "percent_covered": 100.0, "percent_covered_display": "100", "missing_lines": 0, "excluded_lines": 2}, "missing_lines": [], "excluded_lines": [11, 12]}}, "classes": {"CameraCalibrator": {"executed_lines": [29, 30, 31, 32, 34, 48, 49, 52, 53, 56, 57, 58, 59, 60, 62, 63, 65, 70, 72, 73, 106, 107, 109, 110, 112, 113, 115, 116, 124, 132], "summary": {"covered_lines": 30, "num_statements": 41, "percent_covered": 73.17073170731707, "percent_covered_display": "73", "missing_lines": 11, "excluded_lines": 0}, "missing_lines": [66, 67, 68, 76, 84, 85, 86, 88, 89, 90, 92], "excluded_lines": []}, "": {"executed_lines": [1, 3, 5, 6, 8, 9, 11, 14, 17, 18, 23, 36, 94, 118, 126], "summary": {"covered_lines": 12, "num_statements": 12, "percent_covered": 100.0, "percent_covered_display": "100", "missing_lines": 0, "excluded_lines": 2}, "missing_lines": [], "excluded_lines": [11, 12]}}}, "src/calibration/reprojection_error.py": {"executed_lines": [1, 3, 5, 7, 8, 10, 13, 14, 19, 30, 31, 33, 35, 56, 57, 59, 60, 68, 69, 71, 73, 76, 77, 79, 84, 85, 88, 89, 91, 100, 102, 110, 115, 117, 140, 141, 143, 144, 146, 147, 149, 151, 152, 153, 156, 157, 158, 161, 162, 164, 166, 167, 175, 177, 185, 190, 192, 210, 212, 214, 216, 219, 220, 222, 226, 227, 230, 233, 234, 235, 237], "summary": {"covered_lines": 69, "num_statements": 73, "percent_covered": 94.52054794520548, "percent_covered_display": "95", "missing_lines": 4, "excluded_lines": 0}, "missing_lines": [80, 81, 92, 223], "excluded_lines": [], "functions": {"ReprojectionErrorEvaluator.__init__": {"executed_lines": [30, 31, 33], "summary": {"covered_lines": 3, "num_statements": 3, "percent_covered": 100.0, "percent_covered_display": "100", "missing_lines": 0, "excluded_lines": 0}, "missing_lines": [], "excluded_lines": []}, "ReprojectionErrorEvaluator.evaluate_homography": {"executed_lines": [56, 57, 59, 60, 68, 69, 71, 73, 76, 77, 79, 84, 85, 88, 89, 91, 100, 102, 110, 115], "summary": {"covered_lines": 20, "num_statements": 23, "percent_covered": 86.95652173913044, "percent_covered_display": "87", "missing_lines": 3, "excluded_lines": 0}, "missing_lines": [80, 81, 92], "excluded_lines": []}, "ReprojectionErrorEvaluator.evaluate_camera_calibration": {"executed_lines": [140, 141, 143, 144, 146, 147, 149, 151, 152, 153, 156, 157, 158, 161, 162, 164, 166, 167, 175, 177, 185, 190], "summary": {"covered_lines": 22, "num_statements": 22, "percent_covered": 100.0, "percent_covered_display": "100", "missing_lines": 0, "excluded_lines": 0}, "missing_lines": [], "excluded_lines": []}, "ReprojectionErrorEvaluator.create_error_map": {"executed_lines": [210, 212, 214, 216, 219, 220, 222, 226, 227, 230, 233, 234, 235, 237], "summary": {"covered_lines": 14, "num_statements": 15, "percent_covered": 93.33333333333333, "percent_covered_display": "93", "missing_lines": 1, "excluded_lines": 0}, "missing_lines": [223], "excluded_lines": []}, "": {"executed_lines": [1, 3, 5, 7, 8, 10, 13, 14, 19, 35, 117, 192], "summary": {"covered_lines": 10, "num_statements": 10, "percent_covered": 100.0, "percent_covered_display": "100", "missing_lines": 0, "excluded_lines": 0}, "missing_lines": [], "excluded_lines": []}}, "classes": {"ReprojectionErrorEvaluator": {"executed_lines": [30, 31, 33, 56, 57, 59, 60, 68, 69, 71, 73, 76, 77, 79, 84, 85, 88, 89, 91, 100, 102, 110, 115, 140, 141, 143, 144, 146, 147, 149, 151, 152, 153, 156, 157, 158, 161, 162, 164, 166, 167, 175, 177, 185, 190, 210, 212, 214, 216, 219, 220, 222, 226, 227, 230, 233, 234, 235, 237], "summary": {"covered_lines": 59, "num_statements": 63, "percent_covered": 93.65079365079364, "percent_covered_display": "94", "missing_lines": 4, "excluded_lines": 0}, "missing_lines": [80, 81, 92, 223], "excluded_lines": []}, "": {"executed_lines": [1, 3, 5, 7, 8, 10, 13, 14, 19, 35, 117, 192], "summary": {"covered_lines": 10, "num_statements": 10, "percent_covered": 100.0, "percent_covered_display": "100", "missing_lines": 0, "excluded_lines": 0}, "missing_lines": [], "excluded_lines": []}}}, "src/cli/arguments.py": {"executed_lines": [1, 3, 6, 12, 14, 21, 23, 25, 27, 29, 31, 35], "summary": {"covered_lines": 11, "num_statements": 11, "percent_covered": 100.0, "percent_covered_display": "100", "missing_lines": 0, "excluded_lines": 0}, "missing_lines": [], "excluded_lines": [], "functions": {"parse_arguments": {"executed_lines": [12, 14, 21, 23, 25, 27, 29, 31, 35], "summary": {"covered_lines": 9, "num_statements": 9, "percent_covered": 100.0, "percent_covered_display": "100", "missing_lines": 0, "excluded_lines": 0}, "missing_lines": [], "excluded_lines": []}, "": {"executed_lines": [1, 3, 6], "summary": {"covered_lines": 2, "num_statements": 2, "percent_covered": 100.0, "percent_covered_display": "100", "missing_lines": 0, "excluded_lines": 0}, "missing_lines": [], "excluded_lines": []}}, "classes": {"": {"executed_lines": [1, 3, 6, 12, 14, 21, 23, 25, 27, 29, 31, 35], "summary": {"covered_lines": 11, "num_statements": 11, "percent_covered": 100.0, "percent_covered_display": "100", "missing_lines": 0, "excluded_lines": 0}, "missing_lines": [], "excluded_lines": []}}}, "src/config/config_manager.py": {"executed_lines": [1, 3, 4, 5, 6, 7, 9, 11, 14, 15, 25, 43, 90, 96, 97, 99, 109, 110, 111, 113, 114, 115, 117, 118, 119, 120, 124, 125, 126, 128, 129, 131, 132, 138, 150, 151, 152, 155, 157, 158, 160, 161, 163, 165, 166, 167, 170, 173, 176, 179, 182, 185, 186, 189, 191, 192, 194, 196, 199, 200, 203, 204, 205, 206, 209, 214, 216, 219, 223, 224, 225, 228, 234, 235, 236, 239, 244, 246, 249, 253, 254, 255, 257, 258, 262, 263, 266, 267, 271, 272, 273, 275, 276, 279, 281, 284, 285, 288, 289, 291, 292, 293, 295, 296, 299, 301, 303, 306, 307, 311, 313, 317, 320, 321, 322, 324, 325, 328, 329, 332, 337, 339, 342, 343, 344, 345, 348, 349, 350, 354, 355, 356, 360, 364, 365, 366, 367, 368, 372, 373, 374, 377, 379, 382, 383, 386, 387, 388, 391, 403, 404, 406, 407, 408, 410, 412, 414, 423, 425, 432, 433, 435, 436, 437, 438, 440, 441, 443, 449, 450, 452, 453, 454, 455, 456, 457, 459, 461, 462, 463, 464], "summary": {"covered_lines": 179, "num_statements": 218, "percent_covered": 82.11009174311927, "percent_covered_display": "82", "missing_lines": 39, "excluded_lines": 0}, "missing_lines": [122, 133, 134, 135, 136, 162, 164, 210, 211, 212, 220, 229, 230, 231, 240, 241, 242, 250, 259, 264, 268, 277, 286, 297, 304, 308, 312, 314, 318, 326, 333, 334, 335, 351, 357, 361, 369, 375, 389], "excluded_lines": [], "functions": {"ConfigManager.__init__": {"executed_lines": [96, 97], "summary": {"covered_lines": 2, "num_statements": 2, "percent_covered": 100.0, "percent_covered_display": "100", "missing_lines": 0, "excluded_lines": 0}, "missing_lines": [], "excluded_lines": []}, "ConfigManager._load_config": {"executed_lines": [109, 110, 111, 113, 114, 115, 117, 118, 119, 120, 124, 125, 126, 128, 129, 131, 132], "summary": {"covered_lines": 17, "num_statements": 22, "percent_covered": 77.27272727272727, "percent_covered_display": "77", "missing_lines": 5, "excluded_lines": 0}, "missing_lines": [122, 133, 134, 135, 136], "excluded_lines": []}, "ConfigManager.validate": {"executed_lines": [150, 151, 152, 155, 157, 158, 160, 161, 163, 165, 166, 167, 170, 173, 176, 179, 182, 185, 186, 189, 191, 192], "summary": {"covered_lines": 22, "num_statements": 24, "percent_covered": 91.66666666666667, "percent_covered_display": "92", "missing_lines": 2, "excluded_lines": 0}, "missing_lines": [162, 164], "excluded_lines": []}, "ConfigManager._validate_video_config": {"executed_lines": [196, 199, 200, 203, 204, 205, 206, 209], "summary": {"covered_lines": 8, "num_statements": 11, "percent_covered": 72.72727272727273, "percent_covered_display": "73", "missing_lines": 3, "excluded_lines": 0}, "missing_lines": [210, 211, 212], "excluded_lines": []}, "ConfigManager._validate_detection_config": {"executed_lines": [216, 219, 223, 224, 225, 228, 234, 235, 236, 239], "summary": {"covered_lines": 10, "num_statements": 17, "percent_covered": 58.8235294117647, "percent_covered_display": "59", "missing_lines": 7, "excluded_lines": 0}, "missing_lines": [220, 229, 230, 231, 240, 241, 242], "excluded_lines": []}, "ConfigManager._validate_floormap_config": {"executed_lines": [246, 249, 253, 254, 255, 257, 258, 262, 263, 266, 267, 271, 272, 273, 275, 276], "summary": {"covered_lines": 16, "num_statements": 21, "percent_covered": 76.19047619047619, "percent_covered_display": "76", "missing_lines": 5, "excluded_lines": 0}, "missing_lines": [250, 259, 264, 268, 277], "excluded_lines": []}, "ConfigManager._validate_homography_config": {"executed_lines": [281, 284, 285, 288, 289, 291, 292, 293, 295, 296], "summary": {"covered_lines": 10, "num_statements": 12, "percent_covered": 83.33333333333333, "percent_covered_display": "83", "missing_lines": 2, "excluded_lines": 0}, "missing_lines": [286, 297], "excluded_lines": []}, "ConfigManager._validate_zones_config": {"executed_lines": [301, 303, 306, 307, 311, 313, 317, 320, 321, 322, 324, 325, 328, 329, 332], "summary": {"covered_lines": 15, "num_statements": 24, "percent_covered": 62.5, "percent_covered_display": "62", "missing_lines": 9, "excluded_lines": 0}, "missing_lines": [304, 308, 312, 314, 318, 326, 333, 334, 335], "excluded_lines": []}, "ConfigManager._validate_camera_config": {"executed_lines": [339, 342, 343, 344, 345, 348, 349, 350, 354, 355, 356, 360, 364, 365, 366, 367, 368, 372, 373, 374], "summary": {"covered_lines": 20, "num_statements": 25, "percent_covered": 80.0, "percent_covered_display": "80", "missing_lines": 5, "excluded_lines": 0}, "missing_lines": [351, 357, 361, 369, 375], "excluded_lines": []}, "ConfigManager._validate_output_config": {"executed_lines": [379, 382, 383, 386, 387, 388], "summary": {"covered_lines": 6, "num_statements": 7, "percent_covered": 85.71428571428571, "percent_covered_display": "86", "missing_lines": 1, "excluded_lines": 0}, "missing_lines": [389], "excluded_lines": []}, "ConfigManager.get": {"executed_lines": [403, 404, 406, 407, 408, 410, 412], "summary": {"covered_lines": 7, "num_statements": 7, "percent_covered": 100.0, "percent_covered_display": "100", "missing_lines": 0, "excluded_lines": 0}, "missing_lines": [], "excluded_lines": []}, "ConfigManager.get_section": {"executed_lines": [423], "summary": {"covered_lines": 1, "num_statements": 1, "percent_covered": 100.0, "percent_covered_display": "100", "missing_lines": 0, "excluded_lines": 0}, "missing_lines": [], "excluded_lines": []}, "ConfigManager.set": {"executed_lines": [432, 433, 435, 436, 437, 438, 440, 441], "summary": {"covered_lines": 8, "num_statements": 8, "percent_covered": 100.0, "percent_covered_display": "100", "missing_lines": 0, "excluded_lines": 0}, "missing_lines": [], "excluded_lines": []}, "ConfigManager.save": {"executed_lines": [449, 450, 452, 453, 454, 455, 456, 457, 459, 461, 462, 463, 464], "summary": {"covered_lines": 13, "num_statements": 13, "percent_covered": 100.0, "percent_covered_display": "100", "missing_lines": 0, "excluded_lines": 0}, "missing_lines": [], "excluded_lines": []}, "": {"executed_lines": [1, 3, 4, 5, 6, 7, 9, 11, 14, 15, 25, 43, 90, 99, 138, 194, 214, 244, 279, 299, 337, 377, 391, 414, 425, 443], "summary": {"covered_lines": 24, "num_statements": 24, "percent_covered": 100.0, "percent_covered_display": "100", "missing_lines": 0, "excluded_lines": 0}, "missing_lines": [], "excluded_lines": []}}, "classes": {"ConfigManager": {"executed_lines": [96, 97, 109, 110, 111, 113, 114, 115, 117, 118, 119, 120, 124, 125, 126, 128, 129, 131, 132, 150, 151, 152, 155, 157, 158, 160, 161, 163, 165, 166, 167, 170, 173, 176, 179, 182, 185, 186, 189, 191, 192, 196, 199, 200, 203, 204, 205, 206, 209, 216, 219, 223, 224, 225, 228, 234, 235, 236, 239, 246, 249, 253, 254, 255, 257, 258, 262, 263, 266, 267, 271, 272, 273, 275, 276, 281, 284, 285, 288, 289, 291, 292, 293, 295, 296, 301, 303, 306, 307, 311, 313, 317, 320, 321, 322, 324, 325, 328, 329, 332, 339, 342, 343, 344, 345, 348, 349, 350, 354, 355, 356, 360, 364, 365, 366, 367, 368, 372, 373, 374, 379, 382, 383, 386, 387, 388, 403, 404, 406, 407, 408, 410, 412, 423, 432, 433, 435, 436, 437, 438, 440, 441, 449, 450, 452, 453, 454, 455, 456, 457, 459, 461, 462, 463, 464], "summary": {"covered_lines": 155, "num_statements": 194, "percent_covered": 79.89690721649484, "percent_covered_display": "80", "missing_lines": 39, "excluded_lines": 0}, "missing_lines": [122, 133, 134, 135, 136, 162, 164, 210, 211, 212, 220, 229, 230, 231, 240, 241, 242, 250, 259, 264, 268, 277, 286, 297, 304, 308, 312, 314, 318, 326, 333, 334, 335, 351, 357, 361, 369, 375, 389], "excluded_lines": []}, "": {"executed_lines": [1, 3, 4, 5, 6, 7, 9, 11, 14, 15, 25, 43, 90, 99, 138, 194, 214, 244, 279, 299, 337, 377, 391, 414, 425, 443], "summary": {"covered_lines": 24, "num_statements": 24, "percent_covered": 100.0, "percent_covered_display": "100", "missing_lines": 0, "excluded_lines": 0}, "missing_lines": [], "excluded_lines": []}}}, "src/detection/preprocessing.py": {"executed_lines": [1, 6, 8, 9, 11, 14, 24, 25, 26, 29, 46, 47, 49, 50, 53, 72, 73, 75, 76, 78, 79, 81, 84, 105, 106, 109, 110, 111, 112, 113, 115, 116, 117, 118, 119, 121, 122, 123, 124, 125, 128, 140, 141, 143, 144, 146, 149, 168, 169, 172, 175, 178, 182, 183, 185, 188, 207, 208, 210, 212, 213, 214, 215, 216, 217, 220, 231, 232, 235, 238, 240, 241, 269, 292, 294, 297, 298, 301, 302, 303, 304, 305, 308, 312, 316, 317, 320, 321, 324, 329, 332, 333, 336, 337, 338, 341], "summary": {"covered_lines": 95, "num_statements": 116, "percent_covered": 81.89655172413794, "percent_covered_display": "82", "missing_lines": 21, "excluded_lines": 0}, "missing_lines": [120, 179, 244, 245, 246, 247, 249, 250, 251, 252, 254, 255, 258, 261, 262, 263, 264, 266, 309, 313, 339], "excluded_lines": [], "functions": {"apply_invert": {"executed_lines": [24, 25, 26], "summary": {"covered_lines": 3, "num_statements": 3, "percent_covered": 100.0, "percent_covered_display": "100", "missing_lines": 0, "excluded_lines": 0}, "missing_lines": [], "excluded_lines": []}, "apply_clahe": {"executed_lines": [46, 47, 49, 50], "summary": {"covered_lines": 4, "num_statements": 4, "percent_covered": 100.0, "percent_covered_display": "100", "missing_lines": 0, "excluded_lines": 0}, "missing_lines": [], "excluded_lines": []}, "apply_resize": {"executed_lines": [72, 73, 75, 76, 78, 79, 81], "summary": {"covered_lines": 7, "num_statements": 7, "percent_covered": 100.0, "percent_covered_display": "100", "missing_lines": 0, "excluded_lines": 0}, "missing_lines": [], "excluded_lines": []}, "apply_threshold": {"executed_lines": [105, 106, 109, 110, 111, 112, 113, 115, 116, 117, 118, 119, 121, 122, 123, 124, 125], "summary": {"covered_lines": 17, "num_statements": 18, "percent_covered": 94.44444444444444, "percent_covered_display": "94", "missing_lines": 1, "excluded_lines": 0}, "missing_lines": [120], "excluded_lines": []}, "apply_blur": {"executed_lines": [140, 141, 143, 144, 146], "summary": {"covered_lines": 5, "num_statements": 5, "percent_covered": 100.0, "percent_covered_display": "100", "missing_lines": 0, "excluded_lines": 0}, "missing_lines": [], "excluded_lines": []}, "apply_unsharp_mask": {"executed_lines": [168, 169, 172, 175, 178, 182, 183, 185], "summary": {"covered_lines": 8, "num_statements": 9, "percent_covered": 88.88888888888889, "percent_covered_display": "89", "missing_lines": 1, "excluded_lines": 0}, "missing_lines": [179], "excluded_lines": []}, "apply_morphology": {"executed_lines": [207, 208, 210, 212, 213, 214, 215, 216, 217], "summary": {"covered_lines": 9, "num_statements": 9, "percent_covered": 100.0, "percent_covered_display": "100", "missing_lines": 0, "excluded_lines": 0}, "missing_lines": [], "excluded_lines": []}, "apply_deskew": {"executed_lines": [231, 232, 235, 238, 240, 241], "summary": {"covered_lines": 6, "num_statements": 22, "percent_covered": 27.272727272727273, "percent_covered_display": "27", "missing_lines": 16, "excluded_lines": 0}, "missing_lines": [244, 245, 246, 247, 249, 250, 251, 252, 254, 255, 258, 261, 262, 263, 264, 266], "excluded_lines": []}, "apply_pipeline": {"executed_lines": [292, 294, 297, 298, 301, 302, 303, 304, 305, 308, 312, 316, 317, 320, 321, 324, 329, 332, 333, 336, 337, 338, 341], "summary": {"covered_lines": 23, "num_statements": 26, "percent_covered": 88.46153846153847, "percent_covered_display": "88", "missing_lines": 3, "excluded_lines": 0}, "missing_lines": [309, 313, 339], "excluded_lines": []}, "": {"executed_lines": [1, 6, 8, 9, 11, 14, 29, 53, 84, 128, 149, 188, 220, 269], "summary": {"covered_lines": 13, "num_statements": 13, "percent_covered": 100.0, "percent_covered_display": "100", "missing_lines": 0, "excluded_lines": 0}, "missing_lines": [], "excluded_lines": []}}, "classes": {"": {"executed_lines": [1, 6, 8, 9, 11, 14, 24, 25, 26, 29, 46, 47, 49, 50, 53, 72, 73, 75, 76, 78, 79, 81, 84, 105, 106, 109, 110, 111, 112, 113, 115, 116, 117, 118, 119, 121, 122, 123, 124, 125, 128, 140, 141, 143, 144, 146, 149, 168, 169, 172, 175, 178, 182, 183, 185, 188, 207, 208, 210, 212, 213, 214, 215, 216, 217, 220, 231, 232, 235, 238, 240, 241, 269, 292, 294, 297, 298, 301, 302, 303, 304, 305, 308, 312, 316, 317, 320, 321, 324, 329, 332, 333, 336, 337, 338, 341], "summary": {"covered_lines": 95, "num_statements": 116, "percent_covered": 81.89655172413794, "percent_covered_display": "82", "missing_lines": 21, "excluded_lines": 0}, "missing_lines": [120, 179, 244, 245, 246, 247, 249, 250, 251, 252, 254, 255, 258, 261, 262, 263, 264, 266, 309, 313, 339], "excluded_lines": []}}}, "src/detection/vit_detector.py": {"executed_lines": [1, 3, 4, 5, 7, 8, 9, 10, 12, 14, 17, 18, 23, 36, 37, 38, 39, 40, 42, 43, 44, 46, 55, 57, 58, 59, 60, 61, 62, 63, 66, 67, 68, 69, 70, 71, 72, 73, 75, 81, 82, 85, 86, 89, 90, 92, 93, 95, 97, 98, 99, 101, 113, 114, 115, 117, 119, 122, 123, 126, 128, 129, 131, 132, 133, 135, 173, 190, 191, 194, 197, 199, 202, 203, 210, 211, 212, 214, 275, 285, 288, 291, 292, 295, 298, 300, 302, 313, 314, 316, 317, 321, 325, 328, 330, 332, 333, 336, 337, 338, 341, 342, 345, 353, 356, 364, 366, 368, 377, 378, 379, 380, 382, 421, 448, 495, 508, 509, 510, 512, 513, 516, 517, 519, 522, 523, 525, 527, 530, 531, 534, 536, 539, 540, 543, 545, 546, 548, 550, 552, 562, 563, 564, 565, 566, 568, 569, 573, 576, 578, 580, 591, 593, 594, 598, 602, 603, 606, 607, 609, 611, 615, 616, 620, 621, 624, 632, 635, 643, 645, 647], "summary": {"covered_lines": 169, "num_statements": 261, "percent_covered": 64.75095785440612, "percent_covered_display": "65", "missing_lines": 92, "excluded_lines": 0}, "missing_lines": [148, 149, 150, 152, 154, 157, 158, 161, 164, 166, 167, 169, 170, 171, 192, 195, 206, 208, 224, 227, 229, 230, 232, 235, 236, 238, 240, 243, 247, 248, 249, 253, 256, 259, 262, 263, 265, 266, 268, 269, 271, 272, 273, 293, 318, 392, 393, 394, 396, 398, 401, 402, 405, 406, 407, 410, 413, 415, 417, 418, 419, 432, 435, 438, 441, 444, 446, 459, 461, 463, 464, 465, 467, 469, 470, 473, 476, 477, 480, 481, 484, 487, 488, 489, 491, 492, 493, 541, 570, 595, 612, 617], "excluded_lines": [], "functions": {"ViTDetector.__init__": {"executed_lines": [36, 37, 38, 39, 40, 42, 43, 44], "summary": {"covered_lines": 8, "num_statements": 8, "percent_covered": 100.0, "percent_covered_display": "100", "missing_lines": 0, "excluded_lines": 0}, "missing_lines": [], "excluded_lines": []}, "ViTDetector._setup_device": {"executed_lines": [55, 57, 58, 59, 60, 61, 62, 63, 66, 67, 68, 69, 70, 71, 72, 73], "summary": {"covered_lines": 16, "num_statements": 16, "percent_covered": 100.0, "percent_covered_display": "100", "missing_lines": 0, "excluded_lines": 0}, "missing_lines": [], "excluded_lines": []}, "ViTDetector.load_model": {"executed_lines": [81, 82, 85, 86, 89, 90, 92, 93, 95, 97, 98, 99], "summary": {"covered_lines": 12, "num_statements": 12, "percent_covered": 100.0, "percent_covered_display": "100", "missing_lines": 0, "excluded_lines": 0}, "missing_lines": [], "excluded_lines": []}, "ViTDetector.detect": {"executed_lines": [113, 114, 115, 117, 119, 122, 123, 126, 128, 129, 131, 132, 133], "summary": {"covered_lines": 13, "num_statements": 13, "percent_covered": 100.0, "percent_covered_display": "100", "missing_lines": 0, "excluded_lines": 0}, "missing_lines": [], "excluded_lines": []}, "ViTDetector.detect_with_features": {"executed_lines": [], "summary": {"covered_lines": 0, "num_statements": 14, "percent_covered": 0.0, "percent_covered_display": "0", "missing_lines": 14, "excluded_lines": 0}, "missing_lines": [148, 149, 150, 152, 154, 157, 158, 161, 164, 166, 167, 169, 170, 171], "excluded_lines": []}, "ViTDetector.extract_features": {"executed_lines": [190, 191, 194, 197, 199, 202, 203, 210, 211, 212], "summary": {"covered_lines": 10, "num_statements": 14, "percent_covered": 71.42857142857143, "percent_covered_display": "71", "missing_lines": 4, "excluded_lines": 0}, "missing_lines": [192, 195, 206, 208], "excluded_lines": []}, "ViTDetector._extract_features_from_outputs": {"executed_lines": [], "summary": {"covered_lines": 0, "num_statements": 25, "percent_covered": 0.0, "percent_covered_display": "0", "missing_lines": 25, "excluded_lines": 0}, "missing_lines": [224, 227, 229, 230, 232, 235, 236, 238, 240, 243, 247, 248, 249, 253, 256, 259, 262, 263, 265, 266, 268, 269, 271, 272, 273], "excluded_lines": []}, "ViTDetector._preprocess": {"executed_lines": [285, 288, 291, 292, 295, 298, 300], "summary": {"covered_lines": 7, "num_statements": 8, "percent_covered": 87.5, "percent_covered_display": "88", "missing_lines": 1, "excluded_lines": 0}, "missing_lines": [293], "excluded_lines": []}, "ViTDetector._postprocess": {"executed_lines": [313, 314, 316, 317, 321, 325, 328, 330, 332, 333, 336, 337, 338, 341, 342, 345, 353, 356, 364, 366], "summary": {"covered_lines": 20, "num_statements": 21, "percent_covered": 95.23809523809524, "percent_covered_display": "95", "missing_lines": 1, "excluded_lines": 0}, "missing_lines": [318], "excluded_lines": []}, "ViTDetector._get_foot_position": {"executed_lines": [377, 378, 379, 380], "summary": {"covered_lines": 4, "num_statements": 4, "percent_covered": 100.0, "percent_covered_display": "100", "missing_lines": 0, "excluded_lines": 0}, "missing_lines": [], "excluded_lines": []}, "ViTDetector.get_attention_map": {"executed_lines": [], "summary": {"covered_lines": 0, "num_statements": 16, "percent_covered": 0.0, "percent_covered_display": "0", "missing_lines": 16, "excluded_lines": 0}, "missing_lines": [392, 393, 394, 396, 398, 401, 402, 405, 406, 407, 410, 413, 415, 417, 418, 419], "excluded_lines": []}, "ViTDetector._extract_attention_map": {"executed_lines": [], "summary": {"covered_lines": 0, "num_statements": 6, "percent_covered": 0.0, "percent_covered_display": "0", "missing_lines": 6, "excluded_lines": 0}, "missing_lines": [432, 435, 438, 441, 444, 446], "excluded_lines": []}, "ViTDetector.save_attention_map": {"executed_lines": [], "summary": {"covered_lines": 0, "num_statements": 20, "percent_covered": 0.0, "percent_covered_display": "0", "missing_lines": 20, "excluded_lines": 0}, "missing_lines": [459, 461, 463, 464, 465, 467, 469, 470, 473, 476, 477, 480, 481, 484, 487, 488, 489, 491, 492, 493], "excluded_lines": []}, "ViTDetector.detect_batch": {"executed_lines": [508, 509, 510, 512, 513, 516, 517, 519, 522, 523, 525, 527, 530, 531, 534, 536, 539, 540, 543, 545, 546, 548, 550], "summary": {"covered_lines": 23, "num_statements": 24, "percent_covered": 95.83333333333333, "percent_covered_display": "96", "missing_lines": 1, "excluded_lines": 0}, "missing_lines": [541], "excluded_lines": []}, "ViTDetector._preprocess_batch": {"executed_lines": [562, 563, 564, 565, 566, 568, 569, 573, 576, 578], "summary": {"covered_lines": 10, "num_statements": 11, "percent_covered": 90.9090909090909, "percent_covered_display": "91", "missing_lines": 1, "excluded_lines": 0}, "missing_lines": [570], "excluded_lines": []}, "ViTDetector._postprocess_batch": {"executed_lines": [591, 593, 594, 598, 602, 603, 606, 607, 609, 611, 615, 616, 620, 621, 624, 632, 635, 643, 645, 647], "summary": {"covered_lines": 20, "num_statements": 23, "percent_covered": 86.95652173913044, "percent_covered_display": "87", "missing_lines": 3, "excluded_lines": 0}, "missing_lines": [595, 612, 617], "excluded_lines": []}, "": {"executed_lines": [1, 3, 4, 5, 7, 8, 9, 10, 12, 14, 17, 18, 23, 46, 75, 101, 135, 173, 214, 275, 302, 368, 382, 421, 448, 495, 552, 580], "summary": {"covered_lines": 26, "num_statements": 26, "percent_covered": 100.0, "percent_covered_display": "100", "missing_lines": 0, "excluded_lines": 0}, "missing_lines": [], "excluded_lines": []}}, "classes": {"ViTDetector": {"executed_lines": [36, 37, 38, 39, 40, 42, 43, 44, 55, 57, 58, 59, 60, 61, 62, 63, 66, 67, 68, 69, 70, 71, 72, 73, 81, 82, 85, 86, 89, 90, 92, 93, 95, 97, 98, 99, 113, 114, 115, 117, 119, 122, 123, 126, 128, 129, 131, 132, 133, 190, 191, 194, 197, 199, 202, 203, 210, 211, 212, 285, 288, 291, 292, 295, 298, 300, 313, 314, 316, 317, 321, 325, 328, 330, 332, 333, 336, 337, 338, 341, 342, 345, 353, 356, 364, 366, 377, 378, 379, 380, 508, 509, 510, 512, 513, 516, 517, 519, 522, 523, 525, 527, 530, 531, 534, 536, 539, 540, 543, 545, 546, 548, 550, 562, 563, 564, 565, 566, 568, 569, 573, 576, 578, 591, 593, 594, 598, 602, 603, 606, 607, 609, 611, 615, 616, 620, 621, 624, 632, 635, 643, 645, 647], "summary": {"covered_lines": 143, "num_statements": 235, "percent_covered": 60.851063829787236, "percent_covered_display": "61", "missing_lines": 92, "excluded_lines": 0}, "missing_lines": [148, 149, 150, 152, 154, 157, 158, 161, 164, 166, 167, 169, 170, 171, 192, 195, 206, 208, 224, 227, 229, 230, 232, 235, 236, 238, 240, 243, 247, 248, 249, 253, 256, 259, 262, 263, 265, 266, 268, 269, 271, 272, 273, 293, 318, 392, 393, 394, 396, 398, 401, 402, 405, 406, 407, 410, 413, 415, 417, 418, 419, 432, 435, 438, 441, 444, 446, 459, 461, 463, 464, 465, 467, 469, 470, 473, 476, 477, 480, 481, 484, 487, 488, 489, 491, 492, 493, 541, 570, 595, 612, 617], "excluded_lines": []}, "": {"executed_lines": [1, 3, 4, 5, 7, 8, 9, 10, 12, 14, 17, 18, 23, 46, 75, 101, 135, 173, 214, 275, 302, 368, 382, 421, 448, 495, 552, 580], "summary": {"covered_lines": 26, "num_statements": 26, "percent_covered": 100.0, "percent_covered_display": "100", "missing_lines": 0, "excluded_lines": 0}, "missing_lines": [], "excluded_lines": []}}}, "src/evaluation/evaluation_module.py": {"executed_lines": [1, 3, 4, 5, 6, 7, 9, 11, 12, 13, 15, 18, 19, 29, 35, 36, 37, 39, 49, 50, 51, 53, 54, 56, 58, 59, 60, 65, 74, 75, 76, 77, 78, 80, 89, 90, 91, 92, 94, 108, 109, 112, 113, 114, 115, 118, 119, 120, 121, 124, 125, 126, 129, 130, 133, 136, 139, 140, 142, 151, 152, 153, 156, 158, 159, 160, 161, 164, 167, 170, 171, 172, 174, 176, 180, 182, 183, 184, 187, 188, 189, 191, 194, 195, 198, 200, 201, 205, 207, 219, 222, 225, 227, 237, 248, 249, 251, 252, 253, 254, 256, 258, 260, 267, 268, 271, 274, 275, 276, 277, 278, 279, 280, 281, 283, 290, 301, 302, 304, 323, 343, 355, 356, 357, 359, 361, 362, 364, 367, 368, 369, 370, 373, 376, 377, 378, 380, 381, 382, 383, 384, 385, 386, 387, 388], "summary": {"covered_lines": 143, "num_statements": 156, "percent_covered": 91.66666666666667, "percent_covered_display": "92", "missing_lines": 13, "excluded_lines": 0}, "missing_lines": [61, 62, 63, 137, 177, 320, 321, 339, 340, 390, 391, 392, 393], "excluded_lines": [], "functions": {"EvaluationModule.__init__": {"executed_lines": [35, 36, 37], "summary": {"covered_lines": 3, "num_statements": 3, "percent_covered": 100.0, "percent_covered_display": "100", "missing_lines": 0, "excluded_lines": 0}, "missing_lines": [], "excluded_lines": []}, "EvaluationModule._load_ground_truth": {"executed_lines": [49, 50, 51, 53, 54, 56, 58, 59, 60], "summary": {"covered_lines": 9, "num_statements": 12, "percent_covered": 75.0, "percent_covered_display": "75", "missing_lines": 3, "excluded_lines": 0}, "missing_lines": [61, 62, 63], "excluded_lines": []}, "EvaluationModule._get_annotations_by_image": {"executed_lines": [74, 75, 76, 77, 78], "summary": {"covered_lines": 5, "num_statements": 5, "percent_covered": 100.0, "percent_covered_display": "100", "missing_lines": 0, "excluded_lines": 0}, "missing_lines": [], "excluded_lines": []}, "EvaluationModule._get_image_by_filename": {"executed_lines": [89, 90, 91, 92], "summary": {"covered_lines": 4, "num_statements": 4, "percent_covered": 100.0, "percent_covered_display": "100", "missing_lines": 0, "excluded_lines": 0}, "missing_lines": [], "excluded_lines": []}, "EvaluationModule.calculate_iou": {"executed_lines": [108, 109, 112, 113, 114, 115, 118, 119, 120, 121, 124, 125, 126, 129, 130, 133, 136, 139, 140], "summary": {"covered_lines": 19, "num_statements": 20, "percent_covered": 95.0, "percent_covered_display": "95", "missing_lines": 1, "excluded_lines": 0}, "missing_lines": [137], "excluded_lines": []}, "EvaluationModule.evaluate": {"executed_lines": [151, 152, 153, 156, 158, 159, 160, 161, 164, 167, 170, 171, 172, 174, 176, 180, 182, 183, 184, 187, 188, 189, 191, 194, 195, 198, 200, 201, 205], "summary": {"covered_lines": 29, "num_statements": 30, "percent_covered": 96.66666666666667, "percent_covered_display": "97", "missing_lines": 1, "excluded_lines": 0}, "missing_lines": [177], "excluded_lines": []}, "EvaluationModule.calculate_metrics": {"executed_lines": [219, 222, 225, 227], "summary": {"covered_lines": 4, "num_statements": 4, "percent_covered": 100.0, "percent_covered_display": "100", "missing_lines": 0, "excluded_lines": 0}, "missing_lines": [], "excluded_lines": []}, "EvaluationModule.export_report": {"executed_lines": [248, 249, 251, 252, 253, 254, 256, 258], "summary": {"covered_lines": 8, "num_statements": 8, "percent_covered": 100.0, "percent_covered_display": "100", "missing_lines": 0, "excluded_lines": 0}, "missing_lines": [], "excluded_lines": []}, "EvaluationModule._export_csv": {"executed_lines": [267, 268, 271, 274, 275, 276, 277, 278, 279, 280, 281], "summary": {"covered_lines": 11, "num_statements": 11, "percent_covered": 100.0, "percent_covered_display": "100", "missing_lines": 0, "excluded_lines": 0}, "missing_lines": [], "excluded_lines": []}, "EvaluationModule._export_json": {"executed_lines": [290, 301, 302], "summary": {"covered_lines": 3, "num_statements": 3, "percent_covered": 100.0, "percent_covered_display": "100", "missing_lines": 0, "excluded_lines": 0}, "missing_lines": [], "excluded_lines": []}, "EvaluationModule.evaluate_tracking": {"executed_lines": [], "summary": {"covered_lines": 0, "num_statements": 2, "percent_covered": 0.0, "percent_covered_display": "0", "missing_lines": 2, "excluded_lines": 0}, "missing_lines": [320, 321], "excluded_lines": []}, "EvaluationModule.evaluate_reprojection_error": {"executed_lines": [], "summary": {"covered_lines": 0, "num_statements": 2, "percent_covered": 0.0, "percent_covered_display": "0", "missing_lines": 2, "excluded_lines": 0}, "missing_lines": [339, 340], "excluded_lines": []}, "run_evaluation": {"executed_lines": [355, 356, 357, 359, 361, 362, 364, 367, 368, 369, 370, 373, 376, 377, 378, 380, 381, 382, 383, 384, 385, 386, 387, 388], "summary": {"covered_lines": 24, "num_statements": 28, "percent_covered": 85.71428571428571, "percent_covered_display": "86", "missing_lines": 4, "excluded_lines": 0}, "missing_lines": [390, 391, 392, 393], "excluded_lines": []}, "": {"executed_lines": [1, 3, 4, 5, 6, 7, 9, 11, 12, 13, 15, 18, 19, 29, 39, 65, 80, 94, 142, 207, 237, 260, 283, 304, 323, 343], "summary": {"covered_lines": 24, "num_statements": 24, "percent_covered": 100.0, "percent_covered_display": "100", "missing_lines": 0, "excluded_lines": 0}, "missing_lines": [], "excluded_lines": []}}, "classes": {"EvaluationModule": {"executed_lines": [35, 36, 37, 49, 50, 51, 53, 54, 56, 58, 59, 60, 74, 75, 76, 77, 78, 89, 90, 91, 92, 108, 109, 112, 113, 114, 115, 118, 119, 120, 121, 124, 125, 126, 129, 130, 133, 136, 139, 140, 151, 152, 153, 156, 158, 159, 160, 161, 164, 167, 170, 171, 172, 174, 176, 180, 182, 183, 184, 187, 188, 189, 191, 194, 195, 198, 200, 201, 205, 219, 222, 225, 227, 248, 249, 251, 252, 253, 254, 256, 258, 267, 268, 271, 274, 275, 276, 277, 278, 279, 280, 281, 290, 301, 302], "summary": {"covered_lines": 95, "num_statements": 104, "percent_covered": 91.34615384615384, "percent_covered_display": "91", "missing_lines": 9, "excluded_lines": 0}, "missing_lines": [61, 62, 63, 137, 177, 320, 321, 339, 340], "excluded_lines": []}, "": {"executed_lines": [1, 3, 4, 5, 6, 7, 9, 11, 12, 13, 15, 18, 19, 29, 39, 65, 80, 94, 142, 207, 237, 260, 283, 304, 323, 343, 355, 356, 357, 359, 361, 362, 364, 367, 368, 369, 370, 373, 376, 377, 378, 380, 381, 382, 383, 384, 385, 386, 387, 388], "summary": {"covered_lines": 48, "num_statements": 52, "percent_covered": 92.3076923076923, "percent_covered_display": "92", "missing_lines": 4, "excluded_lines": 0}, "missing_lines": [390, 391, 392, 393], "excluded_lines": []}}}, "src/evaluation/mot_metrics.py": {"executed_lines": [1, 3, 5, 6, 8, 10, 13, 16, 17, 22, 24, 26, 45, 46, 47, 50, 51, 52, 53, 56, 57, 59, 64, 66, 81, 82, 84, 85, 87, 88, 91, 94, 95, 96, 98, 101, 102, 104, 106, 108, 124, 125, 126, 128, 134, 145, 146, 147, 148, 149, 152, 153, 154, 156, 157, 160, 161, 166, 167, 168, 170, 171, 173, 175, 186, 188, 199], "summary": {"covered_lines": 64, "num_statements": 66, "percent_covered": 96.96969696969697, "percent_covered_display": "97", "missing_lines": 2, "excluded_lines": 2}, "missing_lines": [99, 158], "excluded_lines": [10, 11], "functions": {"MOTMetrics.__init__": {"executed_lines": [24], "summary": {"covered_lines": 1, "num_statements": 1, "percent_covered": 100.0, "percent_covered_display": "100", "missing_lines": 0, "excluded_lines": 0}, "missing_lines": [], "excluded_lines": []}, "MOTMetrics.calculate_mota": {"executed_lines": [45, 46, 47, 50, 51, 52, 53, 56, 57, 59, 64], "summary": {"covered_lines": 11, "num_statements": 11, "percent_covered": 100.0, "percent_covered_display": "100", "missing_lines": 0, "excluded_lines": 0}, "missing_lines": [], "excluded_lines": []}, "MOTMetrics.calculate_idf1": {"executed_lines": [81, 82, 84, 85, 87, 88, 91, 94, 95, 96, 98, 101, 102, 104, 106], "summary": {"covered_lines": 15, "num_statements": 16, "percent_covered": 93.75, "percent_covered_display": "94", "missing_lines": 1, "excluded_lines": 0}, "missing_lines": [99], "excluded_lines": []}, "MOTMetrics.calculate_tracking_metrics": {"executed_lines": [124, 125, 126, 128], "summary": {"covered_lines": 4, "num_statements": 4, "percent_covered": 100.0, "percent_covered_display": "100", "missing_lines": 0, "excluded_lines": 0}, "missing_lines": [], "excluded_lines": []}, "MOTMetrics._count_matches": {"executed_lines": [145, 146, 147, 148, 149, 152, 153, 154, 156, 157, 160, 161, 166, 167, 168, 170, 171, 173], "summary": {"covered_lines": 18, "num_statements": 19, "percent_covered": 94.73684210526316, "percent_covered_display": "95", "missing_lines": 1, "excluded_lines": 0}, "missing_lines": [158], "excluded_lines": []}, "MOTMetrics._count_id_matches": {"executed_lines": [186], "summary": {"covered_lines": 1, "num_statements": 1, "percent_covered": 100.0, "percent_covered_display": "100", "missing_lines": 0, "excluded_lines": 0}, "missing_lines": [], "excluded_lines": []}, "MOTMetrics._count_id_switches": {"executed_lines": [199], "summary": {"covered_lines": 1, "num_statements": 1, "percent_covered": 100.0, "percent_covered_display": "100", "missing_lines": 0, "excluded_lines": 0}, "missing_lines": [], "excluded_lines": []}, "": {"executed_lines": [1, 3, 5, 6, 8, 10, 13, 16, 17, 22, 26, 66, 108, 134, 175, 188], "summary": {"covered_lines": 13, "num_statements": 13, "percent_covered": 100.0, "percent_covered_display": "100", "missing_lines": 0, "excluded_lines": 2}, "missing_lines": [], "excluded_lines": [10, 11]}}, "classes": {"MOTMetrics": {"executed_lines": [24, 45, 46, 47, 50, 51, 52, 53, 56, 57, 59, 64, 81, 82, 84, 85, 87, 88, 91, 94, 95, 96, 98, 101, 102, 104, 106, 124, 125, 126, 128, 145, 146, 147, 148, 149, 152, 153, 154, 156, 157, 160, 161, 166, 167, 168, 170, 171, 173, 186, 199], "summary": {"covered_lines": 51, "num_statements": 53, "percent_covered": 96.22641509433963, "percent_covered_display": "96", "missing_lines": 2, "excluded_lines": 0}, "missing_lines": [99, 158], "excluded_lines": []}, "": {"executed_lines": [1, 3, 5, 6, 8, 10, 13, 16, 17, 22, 26, 66, 108, 134, 175, 188], "summary": {"covered_lines": 13, "num_statements": 13, "percent_covered": 100.0, "percent_covered_display": "100", "missing_lines": 0, "excluded_lines": 2}, "missing_lines": [], "excluded_lines": [10, 11]}}}, "src/models/data_models.py": {"executed_lines": [1, 3, 4, 6, 9, 10, 11, 27, 28, 29, 30, 31, 32, 33, 34, 35, 36, 37, 40, 41, 42, 51, 52, 53, 54, 57, 58, 59, 67, 68, 69, 72, 73, 74, 86, 87, 88, 89, 90, 91, 92], "summary": {"covered_lines": 36, "num_statements": 36, "percent_covered": 100.0, "percent_covered_display": "100", "missing_lines": 0, "excluded_lines": 0}, "missing_lines": [], "excluded_lines": [], "functions": {"": {"executed_lines": [1, 3, 4, 6, 9, 10, 11, 27, 28, 29, 30, 31, 32, 33, 34, 35, 36, 37, 40, 41, 42, 51, 52, 53, 54, 57, 58, 59, 67, 68, 69, 72, 73, 74, 86, 87, 88, 89, 90, 91, 92], "summary": {"covered_lines": 36, "num_statements": 36, "percent_covered": 100.0, "percent_covered_display": "100", "missing_lines": 0, "excluded_lines": 0}, "missing_lines": [], "excluded_lines": []}}, "classes": {"Detection": {"executed_lines": [], "summary": {"covered_lines": 0, "num_statements": 0, "percent_covered": 100.0, "percent_covered_display": "100", "missing_lines": 0, "excluded_lines": 0}, "missing_lines": [], "excluded_lines": []}, "FrameResult": {"executed_lines": [], "summary": {"covered_lines": 0, "num_statements": 0, "percent_covered": 100.0, "percent_covered_display": "100", "missing_lines": 0, "excluded_lines": 0}, "missing_lines": [], "excluded_lines": []}, "AggregationResult": {"executed_lines": [], "summary": {"covered_lines": 0, "num_statements": 0, "percent_covered": 100.0, "percent_covered_display": "100", "missing_lines": 0, "excluded_lines": 0}, "missing_lines": [], "excluded_lines": []}, "EvaluationMetrics": {"executed_lines": [], "summary": {"covered_lines": 0, "num_statements": 0, "percent_covered": 100.0, "percent_covered_display": "100", "missing_lines": 0, "excluded_lines": 0}, "missing_lines": [], "excluded_lines": []}, "": {"executed_lines": [1, 3, 4, 6, 9, 10, 11, 27, 28, 29, 30, 31, 32, 33, 34, 35, 36, 37, 40, 41, 42, 51, 52, 53, 54, 57, 58, 59, 67, 68, 69, 72, 73, 74, 86, 87, 88, 89, 90, 91, 92], "summary": {"covered_lines": 36, "num_statements": 36, "percent_covered": 100.0, "percent_covered_display": "100", "missing_lines": 0, "excluded_lines": 0}, "missing_lines": [], "excluded_lines": []}}}, "src/pipeline/frame_extraction_pipeline.py": {"executed_lines": [1, 3, 4, 5, 6, 7, 9, 10, 12, 13, 14, 16, 19, 20, 26, 71, 72, 73, 75, 76, 79, 80, 81, 84, 90, 104, 107, 111, 115, 126, 127, 128, 129, 130, 131, 133, 139, 141, 143, 144, 145, 146, 147, 148, 150, 153, 155, 156, 159, 161, 171, 173, 174, 177, 179, 181, 190, 191, 195, 196, 198, 199, 200, 202, 203, 204, 207, 210, 212, 222, 224, 225, 227, 228, 229, 232, 233, 242, 243, 244, 247, 248, 253, 255, 262, 263, 265, 266, 267, 269, 270, 271, 272, 274, 280, 282, 283, 291, 292, 294, 295, 296, 297, 308, 310, 329, 330, 332, 333, 336, 339, 340, 342, 344, 345, 346, 348, 349, 350, 354, 355, 356, 358, 360, 361, 362, 363, 366, 367, 368, 379, 381, 385, 388, 389, 392, 393, 397, 399, 402, 403, 406, 407, 408, 409, 410, 412, 413, 419, 420, 421, 423, 424, 425, 427, 428, 429, 431, 432, 433, 435, 436, 447, 460, 461, 464, 465, 467, 468, 469, 471, 473, 485, 488, 490, 492, 495, 496, 497, 499, 501, 502, 503, 504], "summary": {"covered_lines": 182, "num_statements": 196, "percent_covered": 92.85714285714286, "percent_covered_display": "93", "missing_lines": 14, "excluded_lines": 0}, "missing_lines": [82, 106, 109, 208, 334, 337, 351, 352, 364, 382, 383, 394, 395, 454], "excluded_lines": [], "functions": {"FrameExtractionPipeline.__init__": {"executed_lines": [71, 72, 73, 75, 76, 79, 80, 81, 84, 90, 104, 107, 111], "summary": {"covered_lines": 13, "num_statements": 16, "percent_covered": 81.25, "percent_covered_display": "81", "missing_lines": 3, "excluded_lines": 0}, "missing_lines": [82, 106, 109], "excluded_lines": []}, "FrameExtractionPipeline._generate_target_timestamps": {"executed_lines": [126, 127, 128, 129, 130, 131], "summary": {"covered_lines": 6, "num_statements": 6, "percent_covered": 100.0, "percent_covered_display": "100", "missing_lines": 0, "excluded_lines": 0}, "missing_lines": [], "excluded_lines": []}, "FrameExtractionPipeline.run": {"executed_lines": [139, 141, 143, 144, 145, 146, 147, 148, 150, 153, 155, 156, 159], "summary": {"covered_lines": 13, "num_statements": 13, "percent_covered": 100.0, "percent_covered_display": "100", "missing_lines": 0, "excluded_lines": 0}, "missing_lines": [], "excluded_lines": []}, "FrameExtractionPipeline._extract_frame_for_target": {"executed_lines": [171, 173, 174, 177, 179], "summary": {"covered_lines": 5, "num_statements": 5, "percent_covered": 100.0, "percent_covered_display": "100", "missing_lines": 0, "excluded_lines": 0}, "missing_lines": [], "excluded_lines": []}, "FrameExtractionPipeline._find_approximate_frame": {"executed_lines": [190, 191, 195, 196, 198, 199, 200, 202, 203, 204, 207, 210], "summary": {"covered_lines": 12, "num_statements": 13, "percent_covered": 92.3076923076923, "percent_covered_display": "92", "missing_lines": 1, "excluded_lines": 0}, "missing_lines": [208], "excluded_lines": []}, "FrameExtractionPipeline._find_best_frame_around": {"executed_lines": [222, 224, 225, 227, 228, 229, 232, 233, 242, 243, 244, 247, 248, 253], "summary": {"covered_lines": 14, "num_statements": 14, "percent_covered": 100.0, "percent_covered_display": "100", "missing_lines": 0, "excluded_lines": 0}, "missing_lines": [], "excluded_lines": []}, "FrameExtractionPipeline._save_frame": {"executed_lines": [262, 263, 265, 266, 267, 269, 270, 271, 272], "summary": {"covered_lines": 9, "num_statements": 9, "percent_covered": 100.0, "percent_covered_display": "100", "missing_lines": 0, "excluded_lines": 0}, "missing_lines": [], "excluded_lines": []}, "FrameExtractionPipeline._save_results_csv": {"executed_lines": [280, 282, 283, 291, 292, 294, 295, 296, 297, 308], "summary": {"covered_lines": 10, "num_statements": 10, "percent_covered": 100.0, "percent_covered_display": "100", "missing_lines": 0, "excluded_lines": 0}, "missing_lines": [], "excluded_lines": []}, "FrameExtractionPipeline.run_with_auto_targets": {"executed_lines": [329, 330, 332, 333, 336, 339, 340, 342, 344, 345, 346, 348, 349, 350, 354, 355, 356, 358, 360, 361, 362, 363, 366, 367, 368, 379, 381, 385, 388, 389, 392, 393, 397, 399, 402, 403, 406, 407, 408, 409, 410, 412, 413, 419, 420, 421, 423, 424, 425, 427, 428, 429, 431, 432, 433, 435, 436, 447, 460, 461, 464, 465, 467, 468, 469, 471, 473, 485, 488, 490, 492, 495, 496, 497], "summary": {"covered_lines": 74, "num_statements": 82, "percent_covered": 90.2439024390244, "percent_covered_display": "90", "missing_lines": 8, "excluded_lines": 0}, "missing_lines": [351, 352, 364, 382, 383, 394, 395, 454], "excluded_lines": []}, "FrameExtractionPipeline.run_with_auto_targets.NoOpValidator.validate": {"executed_lines": [], "summary": {"covered_lines": 0, "num_statements": 1, "percent_covered": 0.0, "percent_covered_display": "0", "missing_lines": 1, "excluded_lines": 0}, "missing_lines": [334], "excluded_lines": []}, "FrameExtractionPipeline.run_with_auto_targets.NoOpValidator.reset": {"executed_lines": [], "summary": {"covered_lines": 0, "num_statements": 1, "percent_covered": 0.0, "percent_covered_display": "0", "missing_lines": 1, "excluded_lines": 0}, "missing_lines": [337], "excluded_lines": []}, "FrameExtractionPipeline.cleanup": {"executed_lines": [501, 502, 503, 504], "summary": {"covered_lines": 4, "num_statements": 4, "percent_covered": 100.0, "percent_covered_display": "100", "missing_lines": 0, "excluded_lines": 0}, "missing_lines": [], "excluded_lines": []}, "": {"executed_lines": [1, 3, 4, 5, 6, 7, 9, 10, 12, 13, 14, 16, 19, 20, 26, 115, 133, 161, 181, 212, 255, 274, 310, 499], "summary": {"covered_lines": 22, "num_statements": 22, "percent_covered": 100.0, "percent_covered_display": "100", "missing_lines": 0, "excluded_lines": 0}, "missing_lines": [], "excluded_lines": []}}, "classes": {"FrameExtractionPipeline": {"executed_lines": [71, 72, 73, 75, 76, 79, 80, 81, 84, 90, 104, 107, 111, 126, 127, 128, 129, 130, 131, 139, 141, 143, 144, 145, 146, 147, 148, 150, 153, 155, 156, 159, 171, 173, 174, 177, 179, 190, 191, 195, 196, 198, 199, 200, 202, 203, 204, 207, 210, 222, 224, 225, 227, 228, 229, 232, 233, 242, 243, 244, 247, 248, 253, 262, 263, 265, 266, 267, 269, 270, 271, 272, 280, 282, 283, 291, 292, 294, 295, 296, 297, 308, 329, 330, 332, 333, 336, 339, 340, 342, 344, 345, 346, 348, 349, 350, 354, 355, 356, 358, 360, 361, 362, 363, 366, 367, 368, 379, 381, 385, 388, 389, 392, 393, 397, 399, 402, 403, 406, 407, 408, 409, 410, 412, 413, 419, 420, 421, 423, 424, 425, 427, 428, 429, 431, 432, 433, 435, 436, 447, 460, 461, 464, 465, 467, 468, 469, 471, 473, 485, 488, 490, 492, 495, 496, 497, 501, 502, 503, 504], "summary": {"covered_lines": 160, "num_statements": 172, "percent_covered": 93.02325581395348, "percent_covered_display": "93", "missing_lines": 12, "excluded_lines": 0}, "missing_lines": [82, 106, 109, 208, 351, 352, 364, 382, 383, 394, 395, 454], "excluded_lines": []}, "FrameExtractionPipeline.run_with_auto_targets.NoOpValidator": {"executed_lines": [], "summary": {"covered_lines": 0, "num_statements": 2, "percent_covered": 0.0, "percent_covered_display": "0", "missing_lines": 2, "excluded_lines": 0}, "missing_lines": [334, 337], "excluded_lines": []}, "": {"executed_lines": [1, 3, 4, 5, 6, 7, 9, 10, 12, 13, 14, 16, 19, 20, 26, 115, 133, 161, 181, 212, 255, 274, 310, 499], "summary": {"covered_lines": 22, "num_statements": 22, "percent_covered": 100.0, "percent_covered_display": "100", "missing_lines": 0, "excluded_lines": 0}, "missing_lines": [], "excluded_lines": []}}}, "src/pipeline/orchestrator.py": {"executed_lines": [1, 3, 4, 5, 7, 8, 10, 11, 12, 13, 14, 21, 22, 25, 26, 28, 35, 36, 37, 38, 39, 40, 42, 49, 50, 51, 52, 55, 56, 57, 58, 60, 62, 64, 66, 75, 76, 77, 79, 90, 92, 93, 94, 95, 96, 99, 102, 105, 128, 129, 137, 138, 141, 142, 151, 153, 165, 166, 168, 169, 170, 171, 173, 174, 175, 177, 178, 182, 183, 186, 187, 189, 190, 192, 203, 204, 205, 207, 208, 210, 211, 213, 215, 251, 262, 263, 264, 266, 267, 268, 270, 272, 281, 282, 283, 284, 286, 288, 295, 296, 297, 298, 300, 315, 316, 319, 321, 343, 344, 345, 347, 363, 364, 366, 367, 368, 369, 370, 371, 372, 375, 376, 377, 379, 380, 381, 383, 385, 391], "summary": {"covered_lines": 127, "num_statements": 152, "percent_covered": 83.55263157894737, "percent_covered_display": "84", "missing_lines": 25, "excluded_lines": 0}, "missing_lines": [130, 131, 132, 143, 144, 145, 146, 147, 148, 149, 179, 180, 230, 231, 232, 233, 234, 236, 237, 238, 240, 241, 244, 247, 249], "excluded_lines": [], "functions": {"PipelineOrchestrator.__init__": {"executed_lines": [35, 36, 37, 38, 39, 40], "summary": {"covered_lines": 6, "num_statements": 6, "percent_covered": 100.0, "percent_covered_display": "100", "missing_lines": 0, "excluded_lines": 0}, "missing_lines": [], "excluded_lines": []}, "PipelineOrchestrator.setup_output_directories": {"executed_lines": [49, 50, 51, 52, 55, 56, 57, 58, 60, 62, 64], "summary": {"covered_lines": 11, "num_statements": 11, "percent_covered": 100.0, "percent_covered_display": "100", "missing_lines": 0, "excluded_lines": 0}, "missing_lines": [], "excluded_lines": []}, "PipelineOrchestrator.get_phase_output_dir": {"executed_lines": [75, 76, 77], "summary": {"covered_lines": 3, "num_statements": 3, "percent_covered": 100.0, "percent_covered_display": "100", "missing_lines": 0, "excluded_lines": 0}, "missing_lines": [], "excluded_lines": []}, "PipelineOrchestrator.extract_frames": {"executed_lines": [90, 92, 93, 94, 95, 96, 99, 102, 105, 128, 129, 137, 138, 141, 142, 151], "summary": {"covered_lines": 16, "num_statements": 26, "percent_covered": 61.53846153846154, "percent_covered_display": "62", "missing_lines": 10, "excluded_lines": 0}, "missing_lines": [130, 131, 132, 143, 144, 145, 146, 147, 148, 149], "excluded_lines": []}, "PipelineOrchestrator.prepare_frames_for_detection": {"executed_lines": [165, 166, 168, 169, 170, 171, 173, 174, 175, 177, 178, 182, 183, 186, 187, 189, 190], "summary": {"covered_lines": 17, "num_statements": 19, "percent_covered": 89.47368421052632, "percent_covered_display": "89", "missing_lines": 2, "excluded_lines": 0}, "missing_lines": [179, 180], "excluded_lines": []}, "PipelineOrchestrator.run_detection": {"executed_lines": [203, 204, 205, 207, 208, 210, 211, 213], "summary": {"covered_lines": 8, "num_statements": 8, "percent_covered": 100.0, "percent_covered_display": "100", "missing_lines": 0, "excluded_lines": 0}, "missing_lines": [], "excluded_lines": []}, "PipelineOrchestrator.run_tracking": {"executed_lines": [], "summary": {"covered_lines": 0, "num_statements": 13, "percent_covered": 0.0, "percent_covered_display": "0", "missing_lines": 13, "excluded_lines": 0}, "missing_lines": [230, 231, 232, 233, 234, 236, 237, 238, 240, 241, 244, 247, 249], "excluded_lines": []}, "PipelineOrchestrator.run_transform": {"executed_lines": [262, 263, 264, 266, 267, 268, 270], "summary": {"covered_lines": 7, "num_statements": 7, "percent_covered": 100.0, "percent_covered_display": "100", "missing_lines": 0, "excluded_lines": 0}, "missing_lines": [], "excluded_lines": []}, "PipelineOrchestrator.run_aggregation": {"executed_lines": [281, 282, 283, 284, 286], "summary": {"covered_lines": 5, "num_statements": 5, "percent_covered": 100.0, "percent_covered_display": "100", "missing_lines": 0, "excluded_lines": 0}, "missing_lines": [], "excluded_lines": []}, "PipelineOrchestrator.run_visualization": {"executed_lines": [295, 296, 297, 298], "summary": {"covered_lines": 4, "num_statements": 4, "percent_covered": 100.0, "percent_covered_display": "100", "missing_lines": 0, "excluded_lines": 0}, "missing_lines": [], "excluded_lines": []}, "PipelineOrchestrator.save_session_summary": {"executed_lines": [315, 316, 319, 321, 343, 344, 345], "summary": {"covered_lines": 7, "num_statements": 7, "percent_covered": 100.0, "percent_covered_display": "100", "missing_lines": 0, "excluded_lines": 0}, "missing_lines": [], "excluded_lines": []}, "PipelineOrchestrator._parse_datetime_range": {"executed_lines": [363, 364, 366, 367, 368, 369, 370, 371, 372, 375, 376, 377, 379, 380, 381, 383], "summary": {"covered_lines": 16, "num_statements": 16, "percent_covered": 100.0, "percent_covered_display": "100", "missing_lines": 0, "excluded_lines": 0}, "missing_lines": [], "excluded_lines": []}, "PipelineOrchestrator.cleanup": {"executed_lines": [391], "summary": {"covered_lines": 1, "num_statements": 1, "percent_covered": 100.0, "percent_covered_display": "100", "missing_lines": 0, "excluded_lines": 0}, "missing_lines": [], "excluded_lines": []}, "": {"executed_lines": [1, 3, 4, 5, 7, 8, 10, 11, 12, 13, 14, 21, 22, 25, 26, 28, 42, 66, 79, 153, 192, 215, 251, 272, 288, 300, 347, 385], "summary": {"covered_lines": 26, "num_statements": 26, "percent_covered": 100.0, "percent_covered_display": "100", "missing_lines": 0, "excluded_lines": 0}, "missing_lines": [], "excluded_lines": []}}, "classes": {"PipelineOrchestrator": {"executed_lines": [35, 36, 37, 38, 39, 40, 49, 50, 51, 52, 55, 56, 57, 58, 60, 62, 64, 75, 76, 77, 90, 92, 93, 94, 95, 96, 99, 102, 105, 128, 129, 137, 138, 141, 142, 151, 165, 166, 168, 169, 170, 171, 173, 174, 175, 177, 178, 182, 183, 186, 187, 189, 190, 203, 204, 205, 207, 208, 210, 211, 213, 262, 263, 264, 266, 267, 268, 270, 281, 282, 283, 284, 286, 295, 296, 297, 298, 315, 316, 319, 321, 343, 344, 345, 363, 364, 366, 367, 368, 369, 370, 371, 372, 375, 376, 377, 379, 380, 381, 383, 391], "summary": {"covered_lines": 101, "num_statements": 126, "percent_covered": 80.15873015873017, "percent_covered_display": "80", "missing_lines": 25, "excluded_lines": 0}, "missing_lines": [130, 131, 132, 143, 144, 145, 146, 147, 148, 149, 179, 180, 230, 231, 232, 233, 234, 236, 237, 238, 240, 241, 244, 247, 249], "excluded_lines": []}, "": {"executed_lines": [1, 3, 4, 5, 7, 8, 10, 11, 12, 13, 14, 21, 22, 25, 26, 28, 42, 66, 79, 153, 192, 215, 251, 272, 288, 300, 347, 385], "summary": {"covered_lines": 26, "num_statements": 26, "percent_covered": 100.0, "percent_covered_display": "100", "missing_lines": 0, "excluded_lines": 0}, "missing_lines": [], "excluded_lines": []}}}, "src/pipeline/phases/aggregation.py": {"executed_lines": [1, 3, 4, 6, 8, 9, 10, 11, 14, 15, 17, 24, 26, 36, 38, 41, 42, 43, 46, 47, 48, 49, 50, 51, 52, 53, 54, 55, 56, 57, 58, 59, 60, 63, 64, 65, 66, 67, 70, 75, 76, 77, 78, 79, 80, 81, 84, 86, 87, 88, 89, 91, 93], "summary": {"covered_lines": 51, "num_statements": 51, "percent_covered": 100.0, "percent_covered_display": "100", "missing_lines": 0, "excluded_lines": 0}, "missing_lines": [], "excluded_lines": [], "functions": {"AggregationPhase.__init__": {"executed_lines": [24], "summary": {"covered_lines": 1, "num_statements": 1, "percent_covered": 100.0, "percent_covered_display": "100", "missing_lines": 0, "excluded_lines": 0}, "missing_lines": [], "excluded_lines": []}, "AggregationPhase.execute": {"executed_lines": [36, 38, 41, 42, 43, 46, 47, 48, 49, 50, 51, 52, 53, 54, 55, 56, 57, 58, 59, 60, 63, 64, 65, 66, 67, 70, 75, 76, 77, 78, 79, 80, 81, 84, 86, 87, 88, 89, 91], "summary": {"covered_lines": 39, "num_statements": 39, "percent_covered": 100.0, "percent_covered_display": "100", "missing_lines": 0, "excluded_lines": 0}, "missing_lines": [], "excluded_lines": []}, "AggregationPhase.cleanup": {"executed_lines": [], "summary": {"covered_lines": 0, "num_statements": 0, "percent_covered": 100.0, "percent_covered_display": "100", "missing_lines": 0, "excluded_lines": 0}, "missing_lines": [], "excluded_lines": []}, "": {"executed_lines": [1, 3, 4, 6, 8, 9, 10, 11, 14, 15, 17, 26, 93], "summary": {"covered_lines": 11, "num_statements": 11, "percent_covered": 100.0, "percent_covered_display": "100", "missing_lines": 0, "excluded_lines": 0}, "missing_lines": [], "excluded_lines": []}}, "classes": {"AggregationPhase": {"executed_lines": [24, 36, 38, 41, 42, 43, 46, 47, 48, 49, 50, 51, 52, 53, 54, 55, 56, 57, 58, 59, 60, 63, 64, 65, 66, 67, 70, 75, 76, 77, 78, 79, 80, 81, 84, 86, 87, 88, 89, 91], "summary": {"covered_lines": 40, "num_statements": 40, "percent_covered": 100.0, "percent_covered_display": "100", "missing_lines": 0, "excluded_lines": 0}, "missing_lines": [], "excluded_lines": []}, "": {"executed_lines": [1, 3, 4, 6, 8, 9, 10, 11, 14, 15, 17, 26, 93], "summary": {"covered_lines": 11, "num_statements": 11, "percent_covered": 100.0, "percent_covered_display": "100", "missing_lines": 0, "excluded_lines": 0}, "missing_lines": [], "excluded_lines": []}}}, "src/pipeline/phases/base.py": {"executed_lines": [1, 3, 4, 6, 9, 10, 15, 22, 23, 25, 31, 32, 33, 35, 36, 44, 45], "summary": {"covered_lines": 11, "num_statements": 11, "percent_covered": 100.0, "percent_covered_display": "100", "missing_lines": 0, "excluded_lines": 14}, "missing_lines": [], "excluded_lines": [35, 36, 37, 38, 39, 40, 41, 42, 44, 45, 46, 47, 48, 49], "functions": {"BasePhase.__init__": {"executed_lines": [22, 23], "summary": {"covered_lines": 2, "num_statements": 2, "percent_covered": 100.0, "percent_covered_display": "100", "missing_lines": 0, "excluded_lines": 0}, "missing_lines": [], "excluded_lines": []}, "BasePhase.log_phase_start": {"executed_lines": [31, 32, 33], "summary": {"covered_lines": 3, "num_statements": 3, "percent_covered": 100.0, "percent_covered_display": "100", "missing_lines": 0, "excluded_lines": 0}, "missing_lines": [], "excluded_lines": []}, "BasePhase.execute": {"executed_lines": [], "summary": {"covered_lines": 0, "num_statements": 0, "percent_covered": 100.0, "percent_covered_display": "100", "missing_lines": 0, "excluded_lines": 6}, "missing_lines": [], "excluded_lines": [37, 38, 39, 40, 41, 42]}, "BasePhase.cleanup": {"executed_lines": [], "summary": {"covered_lines": 0, "num_statements": 0, "percent_covered": 100.0, "percent_covered_display": "100", "missing_lines": 0, "excluded_lines": 4}, "missing_lines": [], "excluded_lines": [46, 47, 48, 49]}, "": {"executed_lines": [1, 3, 4, 6, 9, 10, 15, 25, 35, 36, 44, 45], "summary": {"covered_lines": 6, "num_statements": 6, "percent_covered": 100.0, "percent_covered_display": "100", "missing_lines": 0, "excluded_lines": 4}, "missing_lines": [], "excluded_lines": [35, 36, 44, 45]}}, "classes": {"BasePhase": {"executed_lines": [22, 23, 31, 32, 33], "summary": {"covered_lines": 5, "num_statements": 5, "percent_covered": 100.0, "percent_covered_display": "100", "missing_lines": 0, "excluded_lines": 10}, "missing_lines": [], "excluded_lines": [37, 38, 39, 40, 41, 42, 46, 47, 48, 49]}, "": {"executed_lines": [1, 3, 4, 6, 9, 10, 15, 25, 35, 36, 44, 45], "summary": {"covered_lines": 6, "num_statements": 6, "percent_covered": 100.0, "percent_covered_display": "100", "missing_lines": 0, "excluded_lines": 4}, "missing_lines": [], "excluded_lines": [35, 36, 44, 45]}}}, "src/pipeline/phases/detection.py": {"executed_lines": [1, 3, 4, 5, 6, 8, 9, 11, 12, 13, 14, 15, 18, 19, 21, 28, 29, 30, 31, 33, 35, 37, 38, 39, 41, 42, 43, 45, 46, 48, 57, 58, 60, 61, 62, 64, 67, 70, 72, 73, 74, 77, 78, 79, 81, 83, 84, 87, 88, 89, 91, 94, 95, 96, 100, 110, 115, 117, 120, 121, 123, 124, 125, 128, 130, 132, 143, 146, 147, 151, 152, 153, 154, 157, 158, 159, 160, 162, 163, 164, 165, 166, 167, 168, 169, 172, 173, 174, 186, 187, 188, 192], "summary": {"covered_lines": 90, "num_statements": 100, "percent_covered": 90.0, "percent_covered_display": "90", "missing_lines": 10, "excluded_lines": 0}, "missing_lines": [65, 108, 118, 148, 189, 190, 194, 196, 197, 198], "excluded_lines": [], "functions": {"DetectionPhase.__init__": {"executed_lines": [28, 29, 30, 31], "summary": {"covered_lines": 4, "num_statements": 4, "percent_covered": 100.0, "percent_covered_display": "100", "missing_lines": 0, "excluded_lines": 0}, "missing_lines": [], "excluded_lines": []}, "DetectionPhase.initialize": {"executed_lines": [35, 37, 38, 39, 41, 42, 43, 45, 46], "summary": {"covered_lines": 9, "num_statements": 9, "percent_covered": 100.0, "percent_covered_display": "100", "missing_lines": 0, "excluded_lines": 0}, "missing_lines": [], "excluded_lines": []}, "DetectionPhase.execute": {"executed_lines": [57, 58, 60, 61, 62, 64, 67, 70, 72, 73, 74, 77, 78, 79, 81, 83, 84, 87, 88, 89, 91, 94, 95, 96, 100, 110, 115, 117, 120, 121, 123, 124, 125, 128, 130], "summary": {"covered_lines": 35, "num_statements": 38, "percent_covered": 92.10526315789474, "percent_covered_display": "92", "missing_lines": 3, "excluded_lines": 0}, "missing_lines": [65, 108, 118], "excluded_lines": []}, "DetectionPhase.log_statistics": {"executed_lines": [143, 146, 147, 151, 152, 153, 154, 157, 158, 159, 160, 162, 163, 164, 165, 166, 167, 168, 169, 172, 173, 174, 186, 187, 188], "summary": {"covered_lines": 25, "num_statements": 28, "percent_covered": 89.28571428571429, "percent_covered_display": "89", "missing_lines": 3, "excluded_lines": 0}, "missing_lines": [148, 189, 190], "excluded_lines": []}, "DetectionPhase.cleanup": {"executed_lines": [], "summary": {"covered_lines": 0, "num_statements": 4, "percent_covered": 0.0, "percent_covered_display": "0", "missing_lines": 4, "excluded_lines": 0}, "missing_lines": [194, 196, 197, 198], "excluded_lines": []}, "": {"executed_lines": [1, 3, 4, 5, 6, 8, 9, 11, 12, 13, 14, 15, 18, 19, 21, 33, 48, 132, 192], "summary": {"covered_lines": 17, "num_statements": 17, "percent_covered": 100.0, "percent_covered_display": "100", "missing_lines": 0, "excluded_lines": 0}, "missing_lines": [], "excluded_lines": []}}, "classes": {"DetectionPhase": {"executed_lines": [28, 29, 30, 31, 35, 37, 38, 39, 41, 42, 43, 45, 46, 57, 58, 60, 61, 62, 64, 67, 70, 72, 73, 74, 77, 78, 79, 81, 83, 84, 87, 88, 89, 91, 94, 95, 96, 100, 110, 115, 117, 120, 121, 123, 124, 125, 128, 130, 143, 146, 147, 151, 152, 153, 154, 157, 158, 159, 160, 162, 163, 164, 165, 166, 167, 168, 169, 172, 173, 174, 186, 187, 188], "summary": {"covered_lines": 73, "num_statements": 83, "percent_covered": 87.95180722891567, "percent_covered_display": "88", "missing_lines": 10, "excluded_lines": 0}, "missing_lines": [65, 108, 118, 148, 189, 190, 194, 196, 197, 198], "excluded_lines": []}, "": {"executed_lines": [1, 3, 4, 5, 6, 8, 9, 11, 12, 13, 14, 15, 18, 19, 21, 33, 48, 132, 192], "summary": {"covered_lines": 17, "num_statements": 17, "percent_covered": 100.0, "percent_covered_display": "100", "missing_lines": 0, "excluded_lines": 0}, "missing_lines": [], "excluded_lines": []}}}, "src/pipeline/phases/tracking.py": {"executed_lines": [1, 3, 4, 5, 7, 8, 10, 11, 12, 13, 14, 15, 16, 17, 20, 21, 23, 30, 31, 32, 33, 34, 35, 37, 39, 42, 43, 44, 45, 48, 49, 50, 51, 52, 54, 62, 63, 67, 68, 69, 71, 72, 73, 75, 89, 90, 91, 93, 94, 96, 98, 101, 103, 105, 106, 107, 108, 109, 112, 113, 114, 116, 117, 118, 119, 120, 124, 127, 129, 134, 136, 138, 140, 142, 148, 149, 151, 156, 159, 160, 161, 166, 167, 168, 173, 174, 176, 177, 178, 179, 180, 181, 184, 185, 186, 200, 201, 202, 207, 208, 209, 210, 211, 214, 217, 218, 219, 220, 226, 227, 234, 238, 242, 248, 250, 252, 254], "summary": {"covered_lines": 115, "num_statements": 128, "percent_covered": 89.84375, "percent_covered_display": "90", "missing_lines": 13, "excluded_lines": 0}, "missing_lines": [152, 153, 162, 163, 169, 170, 203, 204, 221, 224, 236, 239, 240], "excluded_lines": [], "functions": {"TrackingPhase.__init__": {"executed_lines": [30, 31, 32, 33, 34, 35], "summary": {"covered_lines": 6, "num_statements": 6, "percent_covered": 100.0, "percent_covered_display": "100", "missing_lines": 0, "excluded_lines": 0}, "missing_lines": [], "excluded_lines": []}, "TrackingPhase.initialize": {"executed_lines": [39, 42, 43, 44, 45, 48, 49, 50, 51, 52, 54, 62, 63, 67, 68, 69, 71, 72, 73], "summary": {"covered_lines": 19, "num_statements": 19, "percent_covered": 100.0, "percent_covered_display": "100", "missing_lines": 0, "excluded_lines": 0}, "missing_lines": [], "excluded_lines": []}, "TrackingPhase.execute": {"executed_lines": [89, 90, 91, 93, 94, 96, 98, 101, 103, 105, 106, 107, 108, 109, 112, 113, 114, 116, 117, 118, 119, 120, 124, 127, 129, 134, 136, 138, 140], "summary": {"covered_lines": 29, "num_statements": 29, "percent_covered": 100.0, "percent_covered_display": "100", "missing_lines": 0, "excluded_lines": 0}, "missing_lines": [], "excluded_lines": []}, "TrackingPhase.export_results": {"executed_lines": [148, 149, 151, 156, 159, 160, 161, 166, 167, 168, 173, 174, 176, 177, 178, 179, 180, 181, 184, 185, 186, 200, 201, 202, 207, 208, 209, 210, 211, 214, 217, 218, 219, 220, 226, 227, 234, 238], "summary": {"covered_lines": 38, "num_statements": 51, "percent_covered": 74.50980392156863, "percent_covered_display": "75", "missing_lines": 13, "excluded_lines": 0}, "missing_lines": [152, 153, 162, 163, 169, 170, 203, 204, 221, 224, 236, 239, 240], "excluded_lines": []}, "TrackingPhase.get_tracks": {"executed_lines": [248], "summary": {"covered_lines": 1, "num_statements": 1, "percent_covered": 100.0, "percent_covered_display": "100", "missing_lines": 0, "excluded_lines": 0}, "missing_lines": [], "excluded_lines": []}, "TrackingPhase.cleanup": {"executed_lines": [252, 254], "summary": {"covered_lines": 2, "num_statements": 2, "percent_covered": 100.0, "percent_covered_display": "100", "missing_lines": 0, "excluded_lines": 0}, "missing_lines": [], "excluded_lines": []}, "": {"executed_lines": [1, 3, 4, 5, 7, 8, 10, 11, 12, 13, 14, 15, 16, 17, 20, 21, 23, 37, 75, 142, 242, 250], "summary": {"covered_lines": 20, "num_statements": 20, "percent_covered": 100.0, "percent_covered_display": "100", "missing_lines": 0, "excluded_lines": 0}, "missing_lines": [], "excluded_lines": []}}, "classes": {"TrackingPhase": {"executed_lines": [30, 31, 32, 33, 34, 35, 39, 42, 43, 44, 45, 48, 49, 50, 51, 52, 54, 62, 63, 67, 68, 69, 71, 72, 73, 89, 90, 91, 93, 94, 96, 98, 101, 103, 105, 106, 107, 108, 109, 112, 113, 114, 116, 117, 118, 119, 120, 124, 127, 129, 134, 136, 138, 140, 148, 149, 151, 156, 159, 160, 161, 166, 167, 168, 173, 174, 176, 177, 178, 179, 180, 181, 184, 185, 186, 200, 201, 202, 207, 208, 209, 210, 211, 214, 217, 218, 219, 220, 226, 227, 234, 238, 248, 252, 254], "summary": {"covered_lines": 95, "num_statements": 108, "percent_covered": 87.96296296296296, "percent_covered_display": "88", "missing_lines": 13, "excluded_lines": 0}, "missing_lines": [152, 153, 162, 163, 169, 170, 203, 204, 221, 224, 236, 239, 240], "excluded_lines": []}, "": {"executed_lines": [1, 3, 4, 5, 7, 8, 10, 11, 12, 13, 14, 15, 16, 17, 20, 21, 23, 37, 75, 142, 242, 250], "summary": {"covered_lines": 20, "num_statements": 20, "percent_covered": 100.0, "percent_covered_display": "100", "missing_lines": 0, "excluded_lines": 0}, "missing_lines": [], "excluded_lines": []}}}, "src/pipeline/phases/transform.py": {"executed_lines": [1, 3, 4, 5, 6, 8, 10, 11, 12, 13, 14, 17, 18, 20, 27, 28, 29, 31, 33, 36, 37, 39, 40, 42, 43, 46, 47, 48, 50, 51, 57, 66, 67, 69, 72, 73, 74, 76, 78, 79, 81, 82, 85, 86, 89, 98, 99, 100, 103, 105, 106, 109, 110, 111, 126, 132, 135, 136, 137, 138, 139, 140, 141, 144, 147, 149, 151, 153, 160, 161, 162, 168, 169, 184, 185, 190, 191, 196, 199, 201, 204, 205, 206, 207, 208, 209, 210, 214], "summary": {"covered_lines": 86, "num_statements": 100, "percent_covered": 86.0, "percent_covered_display": "86", "missing_lines": 14, "excluded_lines": 0}, "missing_lines": [90, 91, 101, 112, 114, 115, 121, 122, 123, 197, 211, 212, 216, 217], "excluded_lines": [], "functions": {"TransformPhase.__init__": {"executed_lines": [27, 28, 29], "summary": {"covered_lines": 3, "num_statements": 3, "percent_covered": 100.0, "percent_covered_display": "100", "missing_lines": 0, "excluded_lines": 0}, "missing_lines": [], "excluded_lines": []}, "TransformPhase.initialize": {"executed_lines": [33, 36, 37, 39, 40, 42, 43, 46, 47, 48, 50, 51], "summary": {"covered_lines": 12, "num_statements": 12, "percent_covered": 100.0, "percent_covered_display": "100", "missing_lines": 0, "excluded_lines": 0}, "missing_lines": [], "excluded_lines": []}, "TransformPhase.execute": {"executed_lines": [66, 67, 69, 72, 73, 74, 76, 78, 79, 81, 82, 85, 86, 89, 98, 99, 100, 103, 105, 106, 109, 110, 111, 126, 132, 135, 136, 137, 138, 139, 140, 141, 144, 147, 149, 151], "summary": {"covered_lines": 36, "num_statements": 45, "percent_covered": 80.0, "percent_covered_display": "80", "missing_lines": 9, "excluded_lines": 0}, "missing_lines": [90, 91, 101, 112, 114, 115, 121, 122, 123], "excluded_lines": []}, "TransformPhase.export_results": {"executed_lines": [160, 161, 162, 168, 169, 184, 185, 190, 191, 196, 199, 201, 204, 205, 206, 207, 208, 209, 210], "summary": {"covered_lines": 19, "num_statements": 22, "percent_covered": 86.36363636363636, "percent_covered_display": "86", "missing_lines": 3, "excluded_lines": 0}, "missing_lines": [197, 211, 212], "excluded_lines": []}, "TransformPhase.cleanup": {"executed_lines": [], "summary": {"covered_lines": 0, "num_statements": 2, "percent_covered": 0.0, "percent_covered_display": "0", "missing_lines": 2, "excluded_lines": 0}, "missing_lines": [216, 217], "excluded_lines": []}, "": {"executed_lines": [1, 3, 4, 5, 6, 8, 10, 11, 12, 13, 14, 17, 18, 20, 31, 57, 153, 214], "summary": {"covered_lines": 16, "num_statements": 16, "percent_covered": 100.0, "percent_covered_display": "100", "missing_lines": 0, "excluded_lines": 0}, "missing_lines": [], "excluded_lines": []}}, "classes": {"TransformPhase": {"executed_lines": [27, 28, 29, 33, 36, 37, 39, 40, 42, 43, 46, 47, 48, 50, 51, 66, 67, 69, 72, 73, 74, 76, 78, 79, 81, 82, 85, 86, 89, 98, 99, 100, 103, 105, 106, 109, 110, 111, 126, 132, 135, 136, 137, 138, 139, 140, 141, 144, 147, 149, 151, 160, 161, 162, 168, 169, 184, 185, 190, 191, 196, 199, 201, 204, 205, 206, 207, 208, 209, 210], "summary": {"covered_lines": 70, "num_statements": 84, "percent_covered": 83.33333333333333, "percent_covered_display": "83", "missing_lines": 14, "excluded_lines": 0}, "missing_lines": [90, 91, 101, 112, 114, 115, 121, 122, 123, 197, 211, 212, 216, 217], "excluded_lines": []}, "": {"executed_lines": [1, 3, 4, 5, 6, 8, 10, 11, 12, 13, 14, 17, 18, 20, 31, 57, 153, 214], "summary": {"covered_lines": 16, "num_statements": 16, "percent_covered": 100.0, "percent_covered_display": "100", "missing_lines": 0, "excluded_lines": 0}, "missing_lines": [], "excluded_lines": []}}}, "src/pipeline/phases/visualization.py": {"executed_lines": [1, 3, 4, 6, 8, 9, 10, 11, 12, 13, 16, 17, 19, 26, 28, 41, 44, 47, 48, 49, 52, 53, 54, 57, 59, 60, 61, 62, 63, 65, 66, 69, 71, 76, 79, 81, 82, 83, 84, 87, 88, 90, 120], "summary": {"covered_lines": 41, "num_statements": 54, "percent_covered": 75.92592592592592, "percent_covered_display": "76", "missing_lines": 13, "excluded_lines": 0}, "missing_lines": [91, 95, 96, 98, 99, 100, 101, 104, 105, 107, 115, 117, 118], "excluded_lines": [], "functions": {"VisualizationPhase.__init__": {"executed_lines": [26], "summary": {"covered_lines": 1, "num_statements": 1, "percent_covered": 100.0, "percent_covered_display": "100", "missing_lines": 0, "excluded_lines": 0}, "missing_lines": [], "excluded_lines": []}, "VisualizationPhase.execute": {"executed_lines": [41, 44, 47, 48, 49, 52, 53, 54, 57, 59, 60, 61, 62, 63, 65, 66, 69, 71, 76, 79, 81, 82, 83, 84, 87, 88, 90], "summary": {"covered_lines": 27, "num_statements": 40, "percent_covered": 67.5, "percent_covered_display": "68", "missing_lines": 13, "excluded_lines": 0}, "missing_lines": [91, 95, 96, 98, 99, 100, 101, 104, 105, 107, 115, 117, 118], "excluded_lines": []}, "VisualizationPhase.cleanup": {"executed_lines": [], "summary": {"covered_lines": 0, "num_statements": 0, "percent_covered": 100.0, "percent_covered_display": "100", "missing_lines": 0, "excluded_lines": 0}, "missing_lines": [], "excluded_lines": []}, "": {"executed_lines": [1, 3, 4, 6, 8, 9, 10, 11, 12, 13, 16, 17, 19, 28, 120], "summary": {"covered_lines": 13, "num_statements": 13, "percent_covered": 100.0, "percent_covered_display": "100", "missing_lines": 0, "excluded_lines": 0}, "missing_lines": [], "excluded_lines": []}}, "classes": {"VisualizationPhase": {"executed_lines": [26, 41, 44, 47, 48, 49, 52, 53, 54, 57, 59, 60, 61, 62, 63, 65, 66, 69, 71, 76, 79, 81, 82, 83, 84, 87, 88, 90], "summary": {"covered_lines": 28, "num_statements": 41, "percent_covered": 68.29268292682927, "percent_covered_display": "68", "missing_lines": 13, "excluded_lines": 0}, "missing_lines": [91, 95, 96, 98, 99, 100, 101, 104, 105, 107, 115, 117, 118], "excluded_lines": []}, "": {"executed_lines": [1, 3, 4, 6, 8, 9, 10, 11, 12, 13, 16, 17, 19, 28, 120], "summary": {"covered_lines": 13, "num_statements": 13, "percent_covered": 100.0, "percent_covered_display": "100", "missing_lines": 0, "excluded_lines": 0}, "missing_lines": [], "excluded_lines": []}}}, "src/timestamp/ocr_engine.py": {"executed_lines": [1, 3, 4, 5, 6, 7, 8, 10, 12, 15, 20, 25, 32, 33, 34, 36, 37, 39, 43, 44, 46, 50, 51, 53, 58, 59, 65, 79, 80, 81, 82, 85, 86, 88, 89, 91, 94, 95, 97, 99, 100, 104, 106, 107, 109, 111, 113, 115, 117, 118, 119, 121, 123, 150, 162, 163, 164, 167, 168, 171, 172, 175, 177, 186, 189, 191, 192, 193, 194, 199, 200, 201, 204, 205, 210, 211, 212, 213, 215, 219, 222, 223, 224, 226, 227, 228, 229, 232, 233, 234, 236, 245, 248, 250, 251, 252, 255, 256, 258, 269, 270, 275, 276, 277, 278, 280, 284, 287, 288, 289, 292, 293, 294, 295, 299, 308, 317, 320, 322, 323, 324, 325, 335, 336, 341, 342, 343, 344, 346, 350, 351, 352, 353, 354, 355, 358, 359, 360, 361, 362, 367, 370, 371, 372, 376, 378, 387, 388, 390, 393, 394, 395, 398, 399, 400, 403, 404, 405, 407, 409, 419, 420, 422, 423, 425, 426, 427, 429, 430, 431], "summary": {"covered_lines": 168, "num_statements": 205, "percent_covered": 81.95121951219512, "percent_covered_display": "82", "missing_lines": 37, "excluded_lines": 0}, "missing_lines": [40, 41, 47, 48, 54, 55, 92, 101, 125, 128, 129, 130, 132, 133, 134, 136, 137, 138, 140, 142, 143, 144, 145, 146, 148, 216, 264, 265, 266, 281, 301, 302, 306, 330, 331, 332, 347], "excluded_lines": [], "functions": {"MultiEngineOCR.__init__": {"executed_lines": [79, 80, 81, 82, 85, 86, 88, 89, 91, 94, 95], "summary": {"covered_lines": 11, "num_statements": 12
[...]
, "num_statements": 4, "percent_covered": 100.0, "percent_covered_display": "100", "missing_lines": 0, "excluded_lines": 0}, "missing_lines": [], "excluded_lines": []}, "FeatureVisualizer.visualize_features_tsne": {"executed_lines": [62, 63, 64, 66, 67, 69, 74, 75, 76, 77, 80, 81, 82, 83, 86, 87, 90, 91, 92, 93, 96, 97, 99, 100, 108, 109, 110, 111, 113, 114, 115, 117, 118, 119, 120, 122, 124], "summary": {"covered_lines": 37, "num_statements": 37, "percent_covered": 100.0, "percent_covered_display": "100", "missing_lines": 0, "excluded_lines": 0}, "missing_lines": [], "excluded_lines": []}, "FeatureVisualizer.cluster_features": {"executed_lines": [140, 141, 142, 144, 145, 148, 149, 151, 153, 154, 157, 164, 166], "summary": {"covered_lines": 13, "num_statements": 13, "percent_covered": 100.0, "percent_covered_display": "100", "missing_lines": 0, "excluded_lines": 0}, "missing_lines": [], "excluded_lines": []}, "FeatureVisualizer.evaluate_clustering_quality": {"executed_lines": [187, 188, 195, 198, 199, 200, 201, 202, 204, 206, 207, 209, 210, 211, 212, 214, 215, 218, 220, 223, 225, 227, 228, 230, 231, 232, 233, 235, 237, 238, 240, 246, 251], "summary": {"covered_lines": 33, "num_statements": 34, "percent_covered": 97.05882352941177, "percent_covered_display": "97", "missing_lines": 1, "excluded_lines": 0}, "missing_lines": [216], "excluded_lines": []}, "": {"executed_lines": [1, 3, 5, 6, 8, 9, 10, 11, 13, 18, 21, 22, 27, 42, 126, 168], "summary": {"covered_lines": 13, "num_statements": 13, "percent_covered": 100.0, "percent_covered_display": "100", "missing_lines": 0, "excluded_lines": 3}, "missing_lines": [], "excluded_lines": [13, 14, 16]}}, "classes": {"FeatureVisualizer": {"executed_lines": [35, 36, 37, 40, 62, 63, 64, 66, 67, 69, 74, 75, 76, 77, 80, 81, 82, 83, 86, 87, 90, 91, 92, 93, 96, 97, 99, 100, 108, 109, 110, 111, 113, 114, 115, 117, 118, 119, 120, 122, 124, 140, 141, 142, 144, 145, 148, 149, 151, 153, 154, 157, 164, 166, 187, 188, 195, 198, 199, 200, 201, 202, 204, 206, 207, 209, 210, 211, 212, 214, 215, 218, 220, 223, 225, 227, 228, 230, 231, 232, 233, 235, 237, 238, 240, 246, 251], "summary": {"covered_lines": 87, "num_statements": 88, "percent_covered": 98.86363636363636, "percent_covered_display": "99", "missing_lines": 1, "excluded_lines": 0}, "missing_lines": [216], "excluded_lines": []}, "": {"executed_lines": [1, 3, 5, 6, 8, 9, 10, 11, 13, 18, 21, 22, 27, 42, 126, 168], "summary": {"covered_lines": 13, "num_statements": 13, "percent_covered": 100.0, "percent_covered_display": "100", "missing_lines": 0, "excluded_lines": 3}, "missing_lines": [], "excluded_lines": [13, 14, 16]}}}, "src/visualization/floormap_visualizer.py": {"executed_lines": [1, 3, 4, 5, 7, 8, 10, 12, 15, 16, 26, 44, 45, 46, 49, 50, 52, 53, 54, 56, 62, 64, 70, 71, 82, 83, 84, 87, 89, 91, 100, 101, 103, 104, 106, 110, 113, 114, 115, 119, 121, 123, 126, 127, 128, 129, 132, 133, 134, 143, 154, 155, 156, 165, 175, 177, 188, 190, 191, 192, 193, 196, 197, 200, 204, 218, 220, 222, 233, 234, 235, 237, 238, 241, 242, 245, 246, 251, 259, 260, 263, 286, 288, 306, 308, 311, 312, 313, 317, 321, 325, 326, 327, 328, 329, 334, 335, 336, 340, 341, 342, 347, 356, 359, 360, 361, 363, 365, 384, 387, 388, 391, 392, 395, 398, 399, 408, 411, 412, 413, 414, 415, 417, 426, 435, 437, 439, 446, 447, 449, 450, 451, 455, 465, 466, 468, 471, 474, 475, 476, 477, 478, 481, 482, 485, 495, 497], "summary": {"covered_lines": 145, "num_statements": 166, "percent_covered": 87.34939759036145, "percent_covered_display": "87", "missing_lines": 21, "excluded_lines": 0}, "missing_lines": [107, 205, 206, 207, 248, 253, 254, 255, 256, 265, 267, 276, 309, 310, 315, 318, 322, 331, 344, 353, 453], "excluded_lines": [], "functions": {"FloormapVisualizer.__init__": {"executed_lines": [44, 45, 46, 49, 50, 52, 53, 54, 56, 62], "summary": {"covered_lines": 10, "num_statements": 10, "percent_covered": 100.0, "percent_covered_display": "100", "missing_lines": 0, "excluded_lines": 0}, "missing_lines": [], "excluded_lines": []}, "FloormapVisualizer._generate_zone_colors": {"executed_lines": [70, 71, 82, 83, 84, 87, 89], "summary": {"covered_lines": 7, "num_statements": 7, "percent_covered": 100.0, "percent_covered_display": "100", "missing_lines": 0, "excluded_lines": 0}, "missing_lines": [], "excluded_lines": []}, "FloormapVisualizer.draw_camera_position": {"executed_lines": [100, 101, 103, 104, 106, 110, 113, 114, 115, 119, 121, 123, 126, 127, 128, 129, 132, 133, 134, 143, 154, 155, 156, 165, 175], "summary": {"covered_lines": 25, "num_statements": 26, "percent_covered": 96.15384615384616, "percent_covered_display": "96", "missing_lines": 1, "excluded_lines": 0}, "missing_lines": [107], "excluded_lines": []}, "FloormapVisualizer.draw_zones": {"executed_lines": [188, 190, 191, 192, 193, 196, 197, 200, 204, 218, 220], "summary": {"covered_lines": 11, "num_statements": 14, "percent_covered": 78.57142857142857, "percent_covered_display": "79", "missing_lines": 3, "excluded_lines": 0}, "missing_lines": [205, 206, 207], "excluded_lines": []}, "FloormapVisualizer.draw_detections": {"executed_lines": [233, 234, 235, 237, 238, 241, 242, 245, 246, 251, 259, 260, 263, 286], "summary": {"covered_lines": 14, "num_statements": 22, "percent_covered": 63.63636363636363, "percent_covered_display": "64", "missing_lines": 8, "excluded_lines": 0}, "missing_lines": [248, 253, 254, 255, 256, 265, 267, 276], "excluded_lines": []}, "FloormapVisualizer.draw_trajectories": {"executed_lines": [306, 308, 311, 312, 313, 317, 321, 325, 326, 327, 328, 329, 334, 335, 336, 340, 341, 342, 347, 356, 359, 360, 361, 363], "summary": {"covered_lines": 24, "num_statements": 32, "percent_covered": 75.0, "percent_covered_display": "75", "missing_lines": 8, "excluded_lines": 0}, "missing_lines": [309, 310, 315, 318, 322, 331, 344, 353], "excluded_lines": []}, "FloormapVisualizer.visualize_frame": {"executed_lines": [384, 387, 388, 391, 392, 395, 398, 399, 408, 411, 412, 413, 414, 415, 417, 426, 435, 437], "summary": {"covered_lines": 18, "num_statements": 18, "percent_covered": 100.0, "percent_covered_display": "100", "missing_lines": 0, "excluded_lines": 0}, "missing_lines": [], "excluded_lines": []}, "FloormapVisualizer.save_visualization": {"executed_lines": [446, 447, 449, 450, 451], "summary": {"covered_lines": 5, "num_statements": 6, "percent_covered": 83.33333333333333, "percent_covered_display": "83", "missing_lines": 1, "excluded_lines": 0}, "missing_lines": [453], "excluded_lines": []}, "FloormapVisualizer.create_legend": {"executed_lines": [465, 466, 468, 471, 474, 475, 476, 477, 478, 481, 482, 485, 495, 497], "summary": {"covered_lines": 14, "num_statements": 14, "percent_covered": 100.0, "percent_covered_display": "100", "missing_lines": 0, "excluded_lines": 0}, "missing_lines": [], "excluded_lines": []}, "": {"executed_lines": [1, 3, 4, 5, 7, 8, 10, 12, 15, 16, 26, 64, 91, 177, 222, 288, 365, 439, 455], "summary": {"covered_lines": 17, "num_statements": 17, "percent_covered": 100.0, "percent_covered_display": "100", "missing_lines": 0, "excluded_lines": 0}, "missing_lines": [], "excluded_lines": []}}, "classes": {"FloormapVisualizer": {"executed_lines": [44, 45, 46, 49, 50, 52, 53, 54, 56, 62, 70, 71, 82, 83, 84, 87, 89, 100, 101, 103, 104, 106, 110, 113, 114, 115, 119, 121, 123, 126, 127, 128, 129, 132, 133, 134, 143, 154, 155, 156, 165, 175, 188, 190, 191, 192, 193, 196, 197, 200, 204, 218, 220, 233, 234, 235, 237, 238, 241, 242, 245, 246, 251, 259, 260, 263, 286, 306, 308, 311, 312, 313, 317, 321, 325, 326, 327, 328, 329, 334, 335, 336, 340, 341, 342, 347, 356, 359, 360, 361, 363, 384, 387, 388, 391, 392, 395, 398, 399, 408, 411, 412, 413, 414, 415, 417, 426, 435, 437, 446, 447, 449, 450, 451, 465, 466, 468, 471, 474, 475, 476, 477, 478, 481, 482, 485, 495, 497], "summary": {"covered_lines": 128, "num_statements": 149, "percent_covered": 85.90604026845638, "percent_covered_display": "86", "missing_lines": 21, "excluded_lines": 0}, "missing_lines": [107, 205, 206, 207, 248, 253, 254, 255, 256, 265, 267, 276, 309, 310, 315, 318, 322, 331, 344, 353, 453], "excluded_lines": []}, "": {"executed_lines": [1, 3, 4, 5, 7, 8, 10, 12, 15, 16, 26, 64, 91, 177, 222, 288, 365, 439, 455], "summary": {"covered_lines": 17, "num_statements": 17, "percent_covered": 100.0, "percent_covered_display": "100", "missing_lines": 0, "excluded_lines": 0}, "missing_lines": [], "excluded_lines": []}}}, "src/visualization/visualizer.py": {"executed_lines": [1, 3, 4, 6, 7, 8, 10, 11, 13, 15, 17, 18, 20, 23, 24, 30, 36, 37, 39, 57, 59, 60, 61, 64, 65, 68, 69, 70, 71, 74, 75, 78, 89, 90, 91, 94, 95, 96, 107, 108, 109, 110, 121, 122, 123, 134, 135, 136, 146, 148, 159, 160, 162, 164, 165, 166, 168, 184, 186, 189, 192, 195, 198, 201, 204, 210, 267, 286, 289, 291, 293, 303, 304, 305, 307, 308, 309, 313, 319, 335, 336, 338, 339, 340, 343, 344, 345, 346, 355, 356, 359, 361, 363, 374, 376, 377, 378, 381, 382, 385, 388, 389, 392, 394, 395, 396, 397, 400, 403, 404, 414, 415, 416, 417, 418, 421, 423, 431, 434, 435, 437, 438, 440, 441, 448, 459, 461, 463, 464, 465, 468, 469, 470, 471, 474, 476, 477, 480, 481, 482, 485, 486, 487, 488, 489, 490, 491, 494, 497, 498, 500, 501, 503, 504, 511, 522, 523, 524, 525, 528, 529, 532, 534, 535, 537, 540, 541, 544, 546, 549, 550, 553, 554, 557, 558, 566, 569, 570, 571, 574, 577, 578, 580, 581, 583, 584], "summary": {"covered_lines": 184, "num_statements": 230, "percent_covered": 80.0, "percent_covered_display": "80", "missing_lines": 46, "excluded_lines": 0}, "missing_lines": [169, 174, 175, 176, 182, 202, 206, 207, 208, 220, 221, 222, 225, 226, 227, 230, 231, 234, 243, 246, 255, 265, 311, 315, 316, 317, 426, 427, 428, 443, 444, 445, 446, 506, 507, 508, 509, 560, 561, 562, 563, 564, 586, 587, 588, 589], "excluded_lines": [], "functions": {"Visualizer.__init__": {"executed_lines": [36, 37], "summary": {"covered_lines": 2, "num_statements": 2, "percent_covered": 100.0, "percent_covered_display": "100", "missing_lines": 0, "excluded_lines": 0}, "missing_lines": [], "excluded_lines": []}, "Visualizer.draw_detections": {"executed_lines": [57, 59, 60, 61, 64, 65, 68, 69, 70, 71, 74, 75, 78, 89, 90, 91, 94, 95, 96, 107, 108, 109, 110, 121, 122, 123, 134, 135, 136, 146], "summary": {"covered_lines": 30, "num_statements": 30, "percent_covered": 100.0, "percent_covered_display": "100", "missing_lines": 0, "excluded_lines": 0}, "missing_lines": [], "excluded_lines": []}, "Visualizer.draw_attention_map": {"executed_lines": [159, 160, 162, 164, 165, 166, 168, 184, 186, 189, 192, 195, 198, 201, 204], "summary": {"covered_lines": 15, "num_statements": 24, "percent_covered": 62.5, "percent_covered_display": "62", "missing_lines": 9, "excluded_lines": 0}, "missing_lines": [169, 174, 175, 176, 182, 202, 206, 207, 208], "excluded_lines": []}, "Visualizer._add_colorbar": {"executed_lines": [], "summary": {"covered_lines": 0, "num_statements": 13, "percent_covered": 0.0, "percent_covered_display": "0", "missing_lines": 13, "excluded_lines": 0}, "missing_lines": [220, 221, 222, 225, 226, 227, 230, 231, 234, 243, 246, 255, 265], "excluded_lines": []}, "Visualizer.visualize_with_attention": {"executed_lines": [286, 289, 291], "summary": {"covered_lines": 3, "num_statements": 3, "percent_covered": 100.0, "percent_covered_display": "100", "missing_lines": 0, "excluded_lines": 0}, "missing_lines": [], "excluded_lines": []}, "Visualizer.save_image": {"executed_lines": [303, 304, 305, 307, 308, 309, 313], "summary": {"covered_lines": 7, "num_statements": 11, "percent_covered": 63.63636363636363, "percent_covered_display": "64", "missing_lines": 4, "excluded_lines": 0}, "missing_lines": [311, 315, 316, 317], "excluded_lines": []}, "Visualizer.create_comparison_view": {"executed_lines": [335, 336, 338, 339, 340, 343, 344, 345, 346, 355, 356, 359, 361], "summary": {"covered_lines": 13, "num_statements": 13, "percent_covered": 100.0, "percent_covered_display": "100", "missing_lines": 0, "excluded_lines": 0}, "missing_lines": [], "excluded_lines": []}, "Visualizer.plot_time_series": {"executed_lines": [374, 376, 377, 378, 381, 382, 385, 388, 389, 392, 394, 395, 396, 397, 400, 403, 404, 414, 415, 416, 417, 418, 421, 423, 431, 434, 435, 437, 438, 440, 441], "summary": {"covered_lines": 31, "num_statements": 38, "percent_covered": 81.57894736842105, "percent_covered_display": "82", "missing_lines": 7, "excluded_lines": 0}, "missing_lines": [426, 427, 428, 443, 444, 445, 446], "excluded_lines": []}, "Visualizer.plot_zone_statistics": {"executed_lines": [459, 461, 463, 464, 465, 468, 469, 470, 471, 474, 476, 477, 480, 481, 482, 485, 486, 487, 488, 489, 490, 491, 494, 497, 498, 500, 501, 503, 504], "summary": {"covered_lines": 29, "num_statements": 33, "percent_covered": 87.87878787878788, "percent_covered_display": "88", "missing_lines": 4, "excluded_lines": 0}, "missing_lines": [506, 507, 508, 509], "excluded_lines": []}, "Visualizer.plot_heatmap": {"executed_lines": [522, 523, 524, 525, 528, 529, 532, 534, 535, 537, 540, 541, 544, 546, 549, 550, 553, 554, 557, 558, 566, 569, 570, 571, 574, 577, 578, 580, 581, 583, 584], "summary": {"covered_lines": 31, "num_statements": 40, "percent_covered": 77.5, "percent_covered_display": "78", "missing_lines": 9, "excluded_lines": 0}, "missing_lines": [560, 561, 562, 563, 564, 586, 587, 588, 589], "excluded_lines": []}, "": {"executed_lines": [1, 3, 4, 6, 7, 8, 10, 11, 13, 15, 17, 18, 20, 23, 24, 30, 39, 148, 210, 267, 293, 319, 363, 448, 511], "summary": {"covered_lines": 23, "num_statements": 23, "percent_covered": 100.0, "percent_covered_display": "100", "missing_lines": 0, "excluded_lines": 0}, "missing_lines": [], "excluded_lines": []}}, "classes": {"Visualizer": {"executed_lines": [36, 37, 57, 59, 60, 61, 64, 65, 68, 69, 70, 71, 74, 75, 78, 89, 90, 91, 94, 95, 96, 107, 108, 109, 110, 121, 122, 123, 134, 135, 136, 146, 159, 160, 162, 164, 165, 166, 168, 184, 186, 189, 192, 195, 198, 201, 204, 286, 289, 291, 303, 304, 305, 307, 308, 309, 313, 335, 336, 338, 339, 340, 343, 344, 345, 346, 355, 356, 359, 361, 374, 376, 377, 378, 381, 382, 385, 388, 389, 392, 394, 395, 396, 397, 400, 403, 404, 414, 415, 416, 417, 418, 421, 423, 431, 434, 435, 437, 438, 440, 441, 459, 461, 463, 464, 465, 468, 469, 470, 471, 474, 476, 477, 480, 481, 482, 485, 486, 487, 488, 489, 490, 491, 494, 497, 498, 500, 501, 503, 504, 522, 523, 524, 525, 528, 529, 532, 534, 535, 537, 540, 541, 544, 546, 549, 550, 553, 554, 557, 558, 566, 569, 570, 571, 574, 577, 578, 580, 581, 583, 584], "summary": {"covered_lines": 161, "num_statements": 207, "percent_covered": 77.77777777777777, "percent_covered_display": "78", "missing_lines": 46, "excluded_lines": 0}, "missing_lines": [169, 174, 175, 176, 182, 202, 206, 207, 208, 220, 221, 222, 225, 226, 227, 230, 231, 234, 243, 246, 255, 265, 311, 315, 316, 317, 426, 427, 428, 443, 444, 445, 446, 506, 507, 508, 509, 560, 561, 562, 563, 564, 586, 587, 588, 589], "excluded_lines": []}, "": {"executed_lines": [1, 3, 4, 6, 7, 8, 10, 11, 13, 15, 17, 18, 20, 23, 24, 30, 39, 148, 210, 267, 293, 319, 363, 448, 511], "summary": {"covered_lines": 23, "num_statements": 23, "percent_covered": 100.0, "percent_covered_display": "100", "missing_lines": 0, "excluded_lines": 0}, "missing_lines": [], "excluded_lines": []}}}, "src/zone/zone_classifier.py": {"executed_lines": [1, 3, 5, 8, 9, 18, 36, 37, 38, 44, 56, 57, 59, 60, 62, 63, 67, 70, 71, 73, 75, 78, 79, 83, 84, 85, 88, 89, 90, 94, 102, 103, 104, 107, 108, 110, 112, 114, 126, 128, 129, 130, 132, 133, 134, 136, 137, 139, 146, 148, 149, 151, 162, 175, 176, 177, 180, 181, 182, 185, 187, 189, 192, 193, 195, 197, 199, 208, 209, 210, 213, 219, 221, 227, 229, 238, 240, 241], "summary": {"covered_lines": 76, "num_statements": 89, "percent_covered": 85.3932584269663, "percent_covered_display": "85", "missing_lines": 13, "excluded_lines": 0}, "missing_lines": [64, 68, 72, 76, 80, 86, 91, 92, 105, 106, 160, 211, 243], "excluded_lines": [], "functions": {"ZoneClassifier.__init__": {"executed_lines": [36, 37, 38], "summary": {"covered_lines": 3, "num_statements": 3, "percent_covered": 100.0, "percent_covered_display": "100", "missing_lines": 0, "excluded_lines": 0}, "missing_lines": [], "excluded_lines": []}, "ZoneClassifier._validate_zones": {"executed_lines": [56, 57, 59, 60, 62, 63, 67, 70, 71, 73, 75, 78, 79, 83, 84, 85, 88, 89, 90, 94, 102, 103, 104, 107, 108, 110, 112], "summary": {"covered_lines": 27, "num_statements": 37, "percent_covered": 72.97297297297297, "percent_covered_display": "73", "missing_lines": 10, "excluded_lines": 0}, "missing_lines": [64, 68, 72, 76, 80, 86, 91, 92, 105, 106], "excluded_lines": []}, "ZoneClassifier.classify": {"executed_lines": [126, 128, 129, 130, 132, 133, 134, 136, 137, 139, 146, 148, 149], "summary": {"covered_lines": 13, "num_statements": 13, "percent_covered": 100.0, "percent_covered_display": "100", "missing_lines": 0, "excluded_lines": 0}, "missing_lines": [], "excluded_lines": []}, "ZoneClassifier.classify_batch": {"executed_lines": [], "summary": {"covered_lines": 0, "num_statements": 1, "percent_covered": 0.0, "percent_covered_display": "0", "missing_lines": 1, "excluded_lines": 0}, "missing_lines": [160], "excluded_lines": []}, "ZoneClassifier._point_in_polygon": {"executed_lines": [175, 176, 177, 180, 181, 182, 185, 187, 189, 192, 193, 195, 197], "summary": {"covered_lines": 13, "num_statements": 13, "percent_covered": 100.0, "percent_covered_display": "100", "missing_lines": 0, "excluded_lines": 0}, "missing_lines": [], "excluded_lines": []}, "ZoneClassifier.get_zone_info": {"executed_lines": [208, 209, 210], "summary": {"covered_lines": 3, "num_statements": 4, "percent_covered": 75.0, "percent_covered_display": "75", "missing_lines": 1, "excluded_lines": 0}, "missing_lines": [211], "excluded_lines": []}, "ZoneClassifier.get_all_zone_ids": {"executed_lines": [219], "summary": {"covered_lines": 1, "num_statements": 1, "percent_covered": 100.0, "percent_covered_display": "100", "missing_lines": 0, "excluded_lines": 0}, "missing_lines": [], "excluded_lines": []}, "ZoneClassifier.get_zone_count": {"executed_lines": [227], "summary": {"covered_lines": 1, "num_statements": 1, "percent_covered": 100.0, "percent_covered_display": "100", "missing_lines": 0, "excluded_lines": 0}, "missing_lines": [], "excluded_lines": []}, "ZoneClassifier.classify_with_unclassified": {"executed_lines": [238, 240, 241], "summary": {"covered_lines": 3, "num_statements": 4, "percent_covered": 75.0, "percent_covered_display": "75", "missing_lines": 1, "excluded_lines": 0}, "missing_lines": [243], "excluded_lines": []}, "": {"executed_lines": [1, 3, 5, 8, 9, 18, 44, 114, 151, 162, 199, 213, 221, 229], "summary": {"covered_lines": 12, "num_statements": 12, "percent_covered": 100.0, "percent_covered_display": "100", "missing_lines": 0, "excluded_lines": 0}, "missing_lines": [], "excluded_lines": []}}, "classes": {"ZoneClassifier": {"executed_lines": [36, 37, 38, 56, 57, 59, 60, 62, 63, 67, 70, 71, 73, 75, 78, 79, 83, 84, 85, 88, 89, 90, 94, 102, 103, 104, 107, 108, 110, 112, 126, 128, 129, 130, 132, 133, 134, 136, 137, 139, 146, 148, 149, 175, 176, 177, 180, 181, 182, 185, 187, 189, 192, 193, 195, 197, 208, 209, 210, 219, 227, 238, 240, 241], "summary": {"covered_lines": 64, "num_statements": 77, "percent_covered": 83.11688311688312, "percent_covered_display": "83", "missing_lines": 13, "excluded_lines": 0}, "missing_lines": [64, 68, 72, 76, 80, 86, 91, 92, 105, 106, 160, 211, 243], "excluded_lines": []}, "": {"executed_lines": [1, 3, 5, 8, 9, 18, 44, 114, 151, 162, 199, 213, 221, 229], "summary": {"covered_lines": 12, "num_statements": 12, "percent_covered": 100.0, "percent_covered_display": "100", "missing_lines": 0, "excluded_lines": 0}, "missing_lines": [], "excluded_lines": []}}}}, "totals": {"covered_lines": 3596, "num_statements": 4238, "percent_covered": 84.85134497404437, "percent_covered_display": "85", "missing_lines": 642, "excluded_lines": 31}}
